Copyright 1986-2022 Xilinx, Inc. All Rights Reserved. Copyright 2022-2025 Advanced Micro Devices, Inc. All Rights Reserved.
------------------------------------------------------------------------------------------------------------------------------------------------------------------
| Tool Version : Vivado v.2024.2.2 (lin64) Build 6060944 Thu Mar 06 19:10:09 MST 2025
| Date         : Thu Jan 15 12:49:24 2026
| Host         : drlinux running 64-bit Ubuntu 22.04.5 LTS
| Command      : report_bus_skew -warn_on_violation -file blue_hd_top_bus_skew_routed.rpt -pb blue_hd_top_bus_skew_routed.pb -rpx blue_hd_top_bus_skew_routed.rpx
| Design       : blue_hd_top
| Device       : 7a35t-fgg484
| Speed File   : -1  PRODUCTION 1.23 2018-06-13
| Design State : Routed
------------------------------------------------------------------------------------------------------------------------------------------------------------------

Bus Skew Report

Table of Contents
-----------------
1. Bus Skew Report Summary
2. Bus Skew Report Per Constraint

1. Bus Skew Report Summary
--------------------------

Id  Position  From                            To                              Corner  Requirement(ns)  Actual(ns)  Slack(ns)
--  --------  ------------------------------  ------------------------------  ------  ---------------  ----------  ---------
1   53        [get_cells [list {inst_mipi_csi2_tx/inst_mipi_csi2_tx/inst_mipi_csi2_tx_subsyst/inst/mipi_csi2_tx_ctrl_0/inst/clock_cross_fifo/gnuram_async_fifo.xpm_fifo_base_inst/gen_cdc_pntr.rd_pntr_cdc_inst/src_gray_ff_reg[0]} \
          {inst_mipi_csi2_tx/inst_mipi_csi2_tx/inst_mipi_csi2_tx_subsyst/inst/mipi_csi2_tx_ctrl_0/inst/clock_cross_fifo/gnuram_async_fifo.xpm_fifo_base_inst/gen_cdc_pntr.rd_pntr_cdc_inst/src_gray_ff_reg[10]} \
          {inst_mipi_csi2_tx/inst_mipi_csi2_tx/inst_mipi_csi2_tx_subsyst/inst/mipi_csi2_tx_ctrl_0/inst/clock_cross_fifo/gnuram_async_fifo.xpm_fifo_base_inst/gen_cdc_pntr.rd_pntr_cdc_inst/src_gray_ff_reg[11]} \
          {inst_mipi_csi2_tx/inst_mipi_csi2_tx/inst_mipi_csi2_tx_subsyst/inst/mipi_csi2_tx_ctrl_0/inst/clock_cross_fifo/gnuram_async_fifo.xpm_fifo_base_inst/gen_cdc_pntr.rd_pntr_cdc_inst/src_gray_ff_reg[12]} \
          {inst_mipi_csi2_tx/inst_mipi_csi2_tx/inst_mipi_csi2_tx_subsyst/inst/mipi_csi2_tx_ctrl_0/inst/clock_cross_fifo/gnuram_async_fifo.xpm_fifo_base_inst/gen_cdc_pntr.rd_pntr_cdc_inst/src_gray_ff_reg[1]} \
          {inst_mipi_csi2_tx/inst_mipi_csi2_tx/inst_mipi_csi2_tx_subsyst/inst/mipi_csi2_tx_ctrl_0/inst/clock_cross_fifo/gnuram_async_fifo.xpm_fifo_base_inst/gen_cdc_pntr.rd_pntr_cdc_inst/src_gray_ff_reg[2]} \
          {inst_mipi_csi2_tx/inst_mipi_csi2_tx/inst_mipi_csi2_tx_subsyst/inst/mipi_csi2_tx_ctrl_0/inst/clock_cross_fifo/gnuram_async_fifo.xpm_fifo_base_inst/gen_cdc_pntr.rd_pntr_cdc_inst/src_gray_ff_reg[3]} \
          {inst_mipi_csi2_tx/inst_mipi_csi2_tx/inst_mipi_csi2_tx_subsyst/inst/mipi_csi2_tx_ctrl_0/inst/clock_cross_fifo/gnuram_async_fifo.xpm_fifo_base_inst/gen_cdc_pntr.rd_pntr_cdc_inst/src_gray_ff_reg[4]} \
          {inst_mipi_csi2_tx/inst_mipi_csi2_tx/inst_mipi_csi2_tx_subsyst/inst/mipi_csi2_tx_ctrl_0/inst/clock_cross_fifo/gnuram_async_fifo.xpm_fifo_base_inst/gen_cdc_pntr.rd_pntr_cdc_inst/src_gray_ff_reg[5]} \
          {inst_mipi_csi2_tx/inst_mipi_csi2_tx/inst_mipi_csi2_tx_subsyst/inst/mipi_csi2_tx_ctrl_0/inst/clock_cross_fifo/gnuram_async_fifo.xpm_fifo_base_inst/gen_cdc_pntr.rd_pntr_cdc_inst/src_gray_ff_reg[6]} \
          {inst_mipi_csi2_tx/inst_mipi_csi2_tx/inst_mipi_csi2_tx_subsyst/inst/mipi_csi2_tx_ctrl_0/inst/clock_cross_fifo/gnuram_async_fifo.xpm_fifo_base_inst/gen_cdc_pntr.rd_pntr_cdc_inst/src_gray_ff_reg[7]} \
          {inst_mipi_csi2_tx/inst_mipi_csi2_tx/inst_mipi_csi2_tx_subsyst/inst/mipi_csi2_tx_ctrl_0/inst/clock_cross_fifo/gnuram_async_fifo.xpm_fifo_base_inst/gen_cdc_pntr.rd_pntr_cdc_inst/src_gray_ff_reg[8]} \
          {inst_mipi_csi2_tx/inst_mipi_csi2_tx/inst_mipi_csi2_tx_subsyst/inst/mipi_csi2_tx_ctrl_0/inst/clock_cross_fifo/gnuram_async_fifo.xpm_fifo_base_inst/gen_cdc_pntr.rd_pntr_cdc_inst/src_gray_ff_reg[9]}]]
                                              [get_cells [list {inst_mipi_csi2_tx/inst_mipi_csi2_tx/inst_mipi_csi2_tx_subsyst/inst/mipi_csi2_tx_ctrl_0/inst/clock_cross_fifo/gnuram_async_fifo.xpm_fifo_base_inst/gen_cdc_pntr.rd_pntr_cdc_inst/dest_graysync_ff_reg[0][0]} \
          {inst_mipi_csi2_tx/inst_mipi_csi2_tx/inst_mipi_csi2_tx_subsyst/inst/mipi_csi2_tx_ctrl_0/inst/clock_cross_fifo/gnuram_async_fifo.xpm_fifo_base_inst/gen_cdc_pntr.rd_pntr_cdc_inst/dest_graysync_ff_reg[0][10]} \
          {inst_mipi_csi2_tx/inst_mipi_csi2_tx/inst_mipi_csi2_tx_subsyst/inst/mipi_csi2_tx_ctrl_0/inst/clock_cross_fifo/gnuram_async_fifo.xpm_fifo_base_inst/gen_cdc_pntr.rd_pntr_cdc_inst/dest_graysync_ff_reg[0][11]} \
          {inst_mipi_csi2_tx/inst_mipi_csi2_tx/inst_mipi_csi2_tx_subsyst/inst/mipi_csi2_tx_ctrl_0/inst/clock_cross_fifo/gnuram_async_fifo.xpm_fifo_base_inst/gen_cdc_pntr.rd_pntr_cdc_inst/dest_graysync_ff_reg[0][12]} \
          {inst_mipi_csi2_tx/inst_mipi_csi2_tx/inst_mipi_csi2_tx_subsyst/inst/mipi_csi2_tx_ctrl_0/inst/clock_cross_fifo/gnuram_async_fifo.xpm_fifo_base_inst/gen_cdc_pntr.rd_pntr_cdc_inst/dest_graysync_ff_reg[0][1]} \
          {inst_mipi_csi2_tx/inst_mipi_csi2_tx/inst_mipi_csi2_tx_subsyst/inst/mipi_csi2_tx_ctrl_0/inst/clock_cross_fifo/gnuram_async_fifo.xpm_fifo_base_inst/gen_cdc_pntr.rd_pntr_cdc_inst/dest_graysync_ff_reg[0][2]} \
          {inst_mipi_csi2_tx/inst_mipi_csi2_tx/inst_mipi_csi2_tx_subsyst/inst/mipi_csi2_tx_ctrl_0/inst/clock_cross_fifo/gnuram_async_fifo.xpm_fifo_base_inst/gen_cdc_pntr.rd_pntr_cdc_inst/dest_graysync_ff_reg[0][3]} \
          {inst_mipi_csi2_tx/inst_mipi_csi2_tx/inst_mipi_csi2_tx_subsyst/inst/mipi_csi2_tx_ctrl_0/inst/clock_cross_fifo/gnuram_async_fifo.xpm_fifo_base_inst/gen_cdc_pntr.rd_pntr_cdc_inst/dest_graysync_ff_reg[0][4]} \
          {inst_mipi_csi2_tx/inst_mipi_csi2_tx/inst_mipi_csi2_tx_subsyst/inst/mipi_csi2_tx_ctrl_0/inst/clock_cross_fifo/gnuram_async_fifo.xpm_fifo_base_inst/gen_cdc_pntr.rd_pntr_cdc_inst/dest_graysync_ff_reg[0][5]} \
          {inst_mipi_csi2_tx/inst_mipi_csi2_tx/inst_mipi_csi2_tx_subsyst/inst/mipi_csi2_tx_ctrl_0/inst/clock_cross_fifo/gnuram_async_fifo.xpm_fifo_base_inst/gen_cdc_pntr.rd_pntr_cdc_inst/dest_graysync_ff_reg[0][6]} \
          {inst_mipi_csi2_tx/inst_mipi_csi2_tx/inst_mipi_csi2_tx_subsyst/inst/mipi_csi2_tx_ctrl_0/inst/clock_cross_fifo/gnuram_async_fifo.xpm_fifo_base_inst/gen_cdc_pntr.rd_pntr_cdc_inst/dest_graysync_ff_reg[0][7]} \
          {inst_mipi_csi2_tx/inst_mipi_csi2_tx/inst_mipi_csi2_tx_subsyst/inst/mipi_csi2_tx_ctrl_0/inst/clock_cross_fifo/gnuram_async_fifo.xpm_fifo_base_inst/gen_cdc_pntr.rd_pntr_cdc_inst/dest_graysync_ff_reg[0][8]} \
          {inst_mipi_csi2_tx/inst_mipi_csi2_tx/inst_mipi_csi2_tx_subsyst/inst/mipi_csi2_tx_ctrl_0/inst/clock_cross_fifo/gnuram_async_fifo.xpm_fifo_base_inst/gen_cdc_pntr.rd_pntr_cdc_inst/dest_graysync_ff_reg[0][9]}]]
                                                                              Slow             10.000       0.979      9.021
2   55        [get_cells [list {inst_mipi_csi2_tx/inst_mipi_csi2_tx/inst_mipi_csi2_tx_subsyst/inst/mipi_csi2_tx_ctrl_0/inst/clock_cross_fifo/gnuram_async_fifo.xpm_fifo_base_inst/gen_cdc_pntr.wr_pntr_cdc_inst/src_gray_ff_reg[0]} \
          {inst_mipi_csi2_tx/inst_mipi_csi2_tx/inst_mipi_csi2_tx_subsyst/inst/mipi_csi2_tx_ctrl_0/inst/clock_cross_fifo/gnuram_async_fifo.xpm_fifo_base_inst/gen_cdc_pntr.wr_pntr_cdc_inst/src_gray_ff_reg[10]} \
          {inst_mipi_csi2_tx/inst_mipi_csi2_tx/inst_mipi_csi2_tx_subsyst/inst/mipi_csi2_tx_ctrl_0/inst/clock_cross_fifo/gnuram_async_fifo.xpm_fifo_base_inst/gen_cdc_pntr.wr_pntr_cdc_inst/src_gray_ff_reg[11]} \
          {inst_mipi_csi2_tx/inst_mipi_csi2_tx/inst_mipi_csi2_tx_subsyst/inst/mipi_csi2_tx_ctrl_0/inst/clock_cross_fifo/gnuram_async_fifo.xpm_fifo_base_inst/gen_cdc_pntr.wr_pntr_cdc_inst/src_gray_ff_reg[12]} \
          {inst_mipi_csi2_tx/inst_mipi_csi2_tx/inst_mipi_csi2_tx_subsyst/inst/mipi_csi2_tx_ctrl_0/inst/clock_cross_fifo/gnuram_async_fifo.xpm_fifo_base_inst/gen_cdc_pntr.wr_pntr_cdc_inst/src_gray_ff_reg[1]} \
          {inst_mipi_csi2_tx/inst_mipi_csi2_tx/inst_mipi_csi2_tx_subsyst/inst/mipi_csi2_tx_ctrl_0/inst/clock_cross_fifo/gnuram_async_fifo.xpm_fifo_base_inst/gen_cdc_pntr.wr_pntr_cdc_inst/src_gray_ff_reg[2]} \
          {inst_mipi_csi2_tx/inst_mipi_csi2_tx/inst_mipi_csi2_tx_subsyst/inst/mipi_csi2_tx_ctrl_0/inst/clock_cross_fifo/gnuram_async_fifo.xpm_fifo_base_inst/gen_cdc_pntr.wr_pntr_cdc_inst/src_gray_ff_reg[3]} \
          {inst_mipi_csi2_tx/inst_mipi_csi2_tx/inst_mipi_csi2_tx_subsyst/inst/mipi_csi2_tx_ctrl_0/inst/clock_cross_fifo/gnuram_async_fifo.xpm_fifo_base_inst/gen_cdc_pntr.wr_pntr_cdc_inst/src_gray_ff_reg[4]} \
          {inst_mipi_csi2_tx/inst_mipi_csi2_tx/inst_mipi_csi2_tx_subsyst/inst/mipi_csi2_tx_ctrl_0/inst/clock_cross_fifo/gnuram_async_fifo.xpm_fifo_base_inst/gen_cdc_pntr.wr_pntr_cdc_inst/src_gray_ff_reg[5]} \
          {inst_mipi_csi2_tx/inst_mipi_csi2_tx/inst_mipi_csi2_tx_subsyst/inst/mipi_csi2_tx_ctrl_0/inst/clock_cross_fifo/gnuram_async_fifo.xpm_fifo_base_inst/gen_cdc_pntr.wr_pntr_cdc_inst/src_gray_ff_reg[6]} \
          {inst_mipi_csi2_tx/inst_mipi_csi2_tx/inst_mipi_csi2_tx_subsyst/inst/mipi_csi2_tx_ctrl_0/inst/clock_cross_fifo/gnuram_async_fifo.xpm_fifo_base_inst/gen_cdc_pntr.wr_pntr_cdc_inst/src_gray_ff_reg[7]} \
          {inst_mipi_csi2_tx/inst_mipi_csi2_tx/inst_mipi_csi2_tx_subsyst/inst/mipi_csi2_tx_ctrl_0/inst/clock_cross_fifo/gnuram_async_fifo.xpm_fifo_base_inst/gen_cdc_pntr.wr_pntr_cdc_inst/src_gray_ff_reg[8]} \
          {inst_mipi_csi2_tx/inst_mipi_csi2_tx/inst_mipi_csi2_tx_subsyst/inst/mipi_csi2_tx_ctrl_0/inst/clock_cross_fifo/gnuram_async_fifo.xpm_fifo_base_inst/gen_cdc_pntr.wr_pntr_cdc_inst/src_gray_ff_reg[9]}]]
                                              [get_cells [list {inst_mipi_csi2_tx/inst_mipi_csi2_tx/inst_mipi_csi2_tx_subsyst/inst/mipi_csi2_tx_ctrl_0/inst/clock_cross_fifo/gnuram_async_fifo.xpm_fifo_base_inst/gen_cdc_pntr.wr_pntr_cdc_inst/dest_graysync_ff_reg[0][0]} \
          {inst_mipi_csi2_tx/inst_mipi_csi2_tx/inst_mipi_csi2_tx_subsyst/inst/mipi_csi2_tx_ctrl_0/inst/clock_cross_fifo/gnuram_async_fifo.xpm_fifo_base_inst/gen_cdc_pntr.wr_pntr_cdc_inst/dest_graysync_ff_reg[0][10]} \
          {inst_mipi_csi2_tx/inst_mipi_csi2_tx/inst_mipi_csi2_tx_subsyst/inst/mipi_csi2_tx_ctrl_0/inst/clock_cross_fifo/gnuram_async_fifo.xpm_fifo_base_inst/gen_cdc_pntr.wr_pntr_cdc_inst/dest_graysync_ff_reg[0][11]} \
          {inst_mipi_csi2_tx/inst_mipi_csi2_tx/inst_mipi_csi2_tx_subsyst/inst/mipi_csi2_tx_ctrl_0/inst/clock_cross_fifo/gnuram_async_fifo.xpm_fifo_base_inst/gen_cdc_pntr.wr_pntr_cdc_inst/dest_graysync_ff_reg[0][12]} \
          {inst_mipi_csi2_tx/inst_mipi_csi2_tx/inst_mipi_csi2_tx_subsyst/inst/mipi_csi2_tx_ctrl_0/inst/clock_cross_fifo/gnuram_async_fifo.xpm_fifo_base_inst/gen_cdc_pntr.wr_pntr_cdc_inst/dest_graysync_ff_reg[0][1]} \
          {inst_mipi_csi2_tx/inst_mipi_csi2_tx/inst_mipi_csi2_tx_subsyst/inst/mipi_csi2_tx_ctrl_0/inst/clock_cross_fifo/gnuram_async_fifo.xpm_fifo_base_inst/gen_cdc_pntr.wr_pntr_cdc_inst/dest_graysync_ff_reg[0][2]} \
          {inst_mipi_csi2_tx/inst_mipi_csi2_tx/inst_mipi_csi2_tx_subsyst/inst/mipi_csi2_tx_ctrl_0/inst/clock_cross_fifo/gnuram_async_fifo.xpm_fifo_base_inst/gen_cdc_pntr.wr_pntr_cdc_inst/dest_graysync_ff_reg[0][3]} \
          {inst_mipi_csi2_tx/inst_mipi_csi2_tx/inst_mipi_csi2_tx_subsyst/inst/mipi_csi2_tx_ctrl_0/inst/clock_cross_fifo/gnuram_async_fifo.xpm_fifo_base_inst/gen_cdc_pntr.wr_pntr_cdc_inst/dest_graysync_ff_reg[0][4]} \
          {inst_mipi_csi2_tx/inst_mipi_csi2_tx/inst_mipi_csi2_tx_subsyst/inst/mipi_csi2_tx_ctrl_0/inst/clock_cross_fifo/gnuram_async_fifo.xpm_fifo_base_inst/gen_cdc_pntr.wr_pntr_cdc_inst/dest_graysync_ff_reg[0][5]} \
          {inst_mipi_csi2_tx/inst_mipi_csi2_tx/inst_mipi_csi2_tx_subsyst/inst/mipi_csi2_tx_ctrl_0/inst/clock_cross_fifo/gnuram_async_fifo.xpm_fifo_base_inst/gen_cdc_pntr.wr_pntr_cdc_inst/dest_graysync_ff_reg[0][6]} \
          {inst_mipi_csi2_tx/inst_mipi_csi2_tx/inst_mipi_csi2_tx_subsyst/inst/mipi_csi2_tx_ctrl_0/inst/clock_cross_fifo/gnuram_async_fifo.xpm_fifo_base_inst/gen_cdc_pntr.wr_pntr_cdc_inst/dest_graysync_ff_reg[0][7]} \
          {inst_mipi_csi2_tx/inst_mipi_csi2_tx/inst_mipi_csi2_tx_subsyst/inst/mipi_csi2_tx_ctrl_0/inst/clock_cross_fifo/gnuram_async_fifo.xpm_fifo_base_inst/gen_cdc_pntr.wr_pntr_cdc_inst/dest_graysync_ff_reg[0][8]} \
          {inst_mipi_csi2_tx/inst_mipi_csi2_tx/inst_mipi_csi2_tx_subsyst/inst/mipi_csi2_tx_ctrl_0/inst/clock_cross_fifo/gnuram_async_fifo.xpm_fifo_base_inst/gen_cdc_pntr.wr_pntr_cdc_inst/dest_graysync_ff_reg[0][9]}]]
                                                                              Slow             10.000       0.954      9.046
3   59        [get_cells [list {inst_mipi_csi2_tx/inst_mipi_csi2_tx/inst_mipi_csi2_tx_subsyst/inst/mipi_csi2_tx_ctrl_0/inst/clock_cross_fifo/gnuram_async_fifo.xpm_fifo_base_inst/gen_cdc_pntr.wr_pntr_cdc_dc_inst/src_gray_ff_reg[0]} \
          {inst_mipi_csi2_tx/inst_mipi_csi2_tx/inst_mipi_csi2_tx_subsyst/inst/mipi_csi2_tx_ctrl_0/inst/clock_cross_fifo/gnuram_async_fifo.xpm_fifo_base_inst/gen_cdc_pntr.wr_pntr_cdc_dc_inst/src_gray_ff_reg[10]} \
          {inst_mipi_csi2_tx/inst_mipi_csi2_tx/inst_mipi_csi2_tx_subsyst/inst/mipi_csi2_tx_ctrl_0/inst/clock_cross_fifo/gnuram_async_fifo.xpm_fifo_base_inst/gen_cdc_pntr.wr_pntr_cdc_dc_inst/src_gray_ff_reg[11]} \
          {inst_mipi_csi2_tx/inst_mipi_csi2_tx/inst_mipi_csi2_tx_subsyst/inst/mipi_csi2_tx_ctrl_0/inst/clock_cross_fifo/gnuram_async_fifo.xpm_fifo_base_inst/gen_cdc_pntr.wr_pntr_cdc_dc_inst/src_gray_ff_reg[12]} \
          {inst_mipi_csi2_tx/inst_mipi_csi2_tx/inst_mipi_csi2_tx_subsyst/inst/mipi_csi2_tx_ctrl_0/inst/clock_cross_fifo/gnuram_async_fifo.xpm_fifo_base_inst/gen_cdc_pntr.wr_pntr_cdc_dc_inst/src_gray_ff_reg[13]} \
          {inst_mipi_csi2_tx/inst_mipi_csi2_tx/inst_mipi_csi2_tx_subsyst/inst/mipi_csi2_tx_ctrl_0/inst/clock_cross_fifo/gnuram_async_fifo.xpm_fifo_base_inst/gen_cdc_pntr.wr_pntr_cdc_dc_inst/src_gray_ff_reg[1]} \
          {inst_mipi_csi2_tx/inst_mipi_csi2_tx/inst_mipi_csi2_tx_subsyst/inst/mipi_csi2_tx_ctrl_0/inst/clock_cross_fifo/gnuram_async_fifo.xpm_fifo_base_inst/gen_cdc_pntr.wr_pntr_cdc_dc_inst/src_gray_ff_reg[2]} \
          {inst_mipi_csi2_tx/inst_mipi_csi2_tx/inst_mipi_csi2_tx_subsyst/inst/mipi_csi2_tx_ctrl_0/inst/clock_cross_fifo/gnuram_async_fifo.xpm_fifo_base_inst/gen_cdc_pntr.wr_pntr_cdc_dc_inst/src_gray_ff_reg[3]} \
          {inst_mipi_csi2_tx/inst_mipi_csi2_tx/inst_mipi_csi2_tx_subsyst/inst/mipi_csi2_tx_ctrl_0/inst/clock_cross_fifo/gnuram_async_fifo.xpm_fifo_base_inst/gen_cdc_pntr.wr_pntr_cdc_dc_inst/src_gray_ff_reg[4]} \
          {inst_mipi_csi2_tx/inst_mipi_csi2_tx/inst_mipi_csi2_tx_subsyst/inst/mipi_csi2_tx_ctrl_0/inst/clock_cross_fifo/gnuram_async_fifo.xpm_fifo_base_inst/gen_cdc_pntr.wr_pntr_cdc_dc_inst/src_gray_ff_reg[5]} \
          {inst_mipi_csi2_tx/inst_mipi_csi2_tx/inst_mipi_csi2_tx_subsyst/inst/mipi_csi2_tx_ctrl_0/inst/clock_cross_fifo/gnuram_async_fifo.xpm_fifo_base_inst/gen_cdc_pntr.wr_pntr_cdc_dc_inst/src_gray_ff_reg[6]} \
          {inst_mipi_csi2_tx/inst_mipi_csi2_tx/inst_mipi_csi2_tx_subsyst/inst/mipi_csi2_tx_ctrl_0/inst/clock_cross_fifo/gnuram_async_fifo.xpm_fifo_base_inst/gen_cdc_pntr.wr_pntr_cdc_dc_inst/src_gray_ff_reg[7]} \
          {inst_mipi_csi2_tx/inst_mipi_csi2_tx/inst_mipi_csi2_tx_subsyst/inst/mipi_csi2_tx_ctrl_0/inst/clock_cross_fifo/gnuram_async_fifo.xpm_fifo_base_inst/gen_cdc_pntr.wr_pntr_cdc_dc_inst/src_gray_ff_reg[8]} \
          {inst_mipi_csi2_tx/inst_mipi_csi2_tx/inst_mipi_csi2_tx_subsyst/inst/mipi_csi2_tx_ctrl_0/inst/clock_cross_fifo/gnuram_async_fifo.xpm_fifo_base_inst/gen_cdc_pntr.wr_pntr_cdc_dc_inst/src_gray_ff_reg[9]}]]
                                              [get_cells [list {inst_mipi_csi2_tx/inst_mipi_csi2_tx/inst_mipi_csi2_tx_subsyst/inst/mipi_csi2_tx_ctrl_0/inst/clock_cross_fifo/gnuram_async_fifo.xpm_fifo_base_inst/gen_cdc_pntr.wr_pntr_cdc_dc_inst/dest_graysync_ff_reg[0][0]} \
          {inst_mipi_csi2_tx/inst_mipi_csi2_tx/inst_mipi_csi2_tx_subsyst/inst/mipi_csi2_tx_ctrl_0/inst/clock_cross_fifo/gnuram_async_fifo.xpm_fifo_base_inst/gen_cdc_pntr.wr_pntr_cdc_dc_inst/dest_graysync_ff_reg[0][10]} \
          {inst_mipi_csi2_tx/inst_mipi_csi2_tx/inst_mipi_csi2_tx_subsyst/inst/mipi_csi2_tx_ctrl_0/inst/clock_cross_fifo/gnuram_async_fifo.xpm_fifo_base_inst/gen_cdc_pntr.wr_pntr_cdc_dc_inst/dest_graysync_ff_reg[0][11]} \
          {inst_mipi_csi2_tx/inst_mipi_csi2_tx/inst_mipi_csi2_tx_subsyst/inst/mipi_csi2_tx_ctrl_0/inst/clock_cross_fifo/gnuram_async_fifo.xpm_fifo_base_inst/gen_cdc_pntr.wr_pntr_cdc_dc_inst/dest_graysync_ff_reg[0][12]} \
          {inst_mipi_csi2_tx/inst_mipi_csi2_tx/inst_mipi_csi2_tx_subsyst/inst/mipi_csi2_tx_ctrl_0/inst/clock_cross_fifo/gnuram_async_fifo.xpm_fifo_base_inst/gen_cdc_pntr.wr_pntr_cdc_dc_inst/dest_graysync_ff_reg[0][13]} \
          {inst_mipi_csi2_tx/inst_mipi_csi2_tx/inst_mipi_csi2_tx_subsyst/inst/mipi_csi2_tx_ctrl_0/inst/clock_cross_fifo/gnuram_async_fifo.xpm_fifo_base_inst/gen_cdc_pntr.wr_pntr_cdc_dc_inst/dest_graysync_ff_reg[0][1]} \
          {inst_mipi_csi2_tx/inst_mipi_csi2_tx/inst_mipi_csi2_tx_subsyst/inst/mipi_csi2_tx_ctrl_0/inst/clock_cross_fifo/gnuram_async_fifo.xpm_fifo_base_inst/gen_cdc_pntr.wr_pntr_cdc_dc_inst/dest_graysync_ff_reg[0][2]} \
          {inst_mipi_csi2_tx/inst_mipi_csi2_tx/inst_mipi_csi2_tx_subsyst/inst/mipi_csi2_tx_ctrl_0/inst/clock_cross_fifo/gnuram_async_fifo.xpm_fifo_base_inst/gen_cdc_pntr.wr_pntr_cdc_dc_inst/dest_graysync_ff_reg[0][3]} \
          {inst_mipi_csi2_tx/inst_mipi_csi2_tx/inst_mipi_csi2_tx_subsyst/inst/mipi_csi2_tx_ctrl_0/inst/clock_cross_fifo/gnuram_async_fifo.xpm_fifo_base_inst/gen_cdc_pntr.wr_pntr_cdc_dc_inst/dest_graysync_ff_reg[0][4]} \
          {inst_mipi_csi2_tx/inst_mipi_csi2_tx/inst_mipi_csi2_tx_subsyst/inst/mipi_csi2_tx_ctrl_0/inst/clock_cross_fifo/gnuram_async_fifo.xpm_fifo_base_inst/gen_cdc_pntr.wr_pntr_cdc_dc_inst/dest_graysync_ff_reg[0][5]} \
          {inst_mipi_csi2_tx/inst_mipi_csi2_tx/inst_mipi_csi2_tx_subsyst/inst/mipi_csi2_tx_ctrl_0/inst/clock_cross_fifo/gnuram_async_fifo.xpm_fifo_base_inst/gen_cdc_pntr.wr_pntr_cdc_dc_inst/dest_graysync_ff_reg[0][6]} \
          {inst_mipi_csi2_tx/inst_mipi_csi2_tx/inst_mipi_csi2_tx_subsyst/inst/mipi_csi2_tx_ctrl_0/inst/clock_cross_fifo/gnuram_async_fifo.xpm_fifo_base_inst/gen_cdc_pntr.wr_pntr_cdc_dc_inst/dest_graysync_ff_reg[0][7]} \
          {inst_mipi_csi2_tx/inst_mipi_csi2_tx/inst_mipi_csi2_tx_subsyst/inst/mipi_csi2_tx_ctrl_0/inst/clock_cross_fifo/gnuram_async_fifo.xpm_fifo_base_inst/gen_cdc_pntr.wr_pntr_cdc_dc_inst/dest_graysync_ff_reg[0][8]} \
          {inst_mipi_csi2_tx/inst_mipi_csi2_tx/inst_mipi_csi2_tx_subsyst/inst/mipi_csi2_tx_ctrl_0/inst/clock_cross_fifo/gnuram_async_fifo.xpm_fifo_base_inst/gen_cdc_pntr.wr_pntr_cdc_dc_inst/dest_graysync_ff_reg[0][9]}]]
                                                                              Slow             10.000       0.927      9.073


2. Bus Skew Report Per Constraint
---------------------------------

Id: 1
set_bus_skew -from [get_cells [list {inst_mipi_csi2_tx/inst_mipi_csi2_tx/inst_mipi_csi2_tx_subsyst/inst/mipi_csi2_tx_ctrl_0/inst/clock_cross_fifo/gnuram_async_fifo.xpm_fifo_base_inst/gen_cdc_pntr.rd_pntr_cdc_inst/src_gray_ff_reg[0]} \
          {inst_mipi_csi2_tx/inst_mipi_csi2_tx/inst_mipi_csi2_tx_subsyst/inst/mipi_csi2_tx_ctrl_0/inst/clock_cross_fifo/gnuram_async_fifo.xpm_fifo_base_inst/gen_cdc_pntr.rd_pntr_cdc_inst/src_gray_ff_reg[10]} \
          {inst_mipi_csi2_tx/inst_mipi_csi2_tx/inst_mipi_csi2_tx_subsyst/inst/mipi_csi2_tx_ctrl_0/inst/clock_cross_fifo/gnuram_async_fifo.xpm_fifo_base_inst/gen_cdc_pntr.rd_pntr_cdc_inst/src_gray_ff_reg[11]} \
          {inst_mipi_csi2_tx/inst_mipi_csi2_tx/inst_mipi_csi2_tx_subsyst/inst/mipi_csi2_tx_ctrl_0/inst/clock_cross_fifo/gnuram_async_fifo.xpm_fifo_base_inst/gen_cdc_pntr.rd_pntr_cdc_inst/src_gray_ff_reg[12]} \
          {inst_mipi_csi2_tx/inst_mipi_csi2_tx/inst_mipi_csi2_tx_subsyst/inst/mipi_csi2_tx_ctrl_0/inst/clock_cross_fifo/gnuram_async_fifo.xpm_fifo_base_inst/gen_cdc_pntr.rd_pntr_cdc_inst/src_gray_ff_reg[1]} \
          {inst_mipi_csi2_tx/inst_mipi_csi2_tx/inst_mipi_csi2_tx_subsyst/inst/mipi_csi2_tx_ctrl_0/inst/clock_cross_fifo/gnuram_async_fifo.xpm_fifo_base_inst/gen_cdc_pntr.rd_pntr_cdc_inst/src_gray_ff_reg[2]} \
          {inst_mipi_csi2_tx/inst_mipi_csi2_tx/inst_mipi_csi2_tx_subsyst/inst/mipi_csi2_tx_ctrl_0/inst/clock_cross_fifo/gnuram_async_fifo.xpm_fifo_base_inst/gen_cdc_pntr.rd_pntr_cdc_inst/src_gray_ff_reg[3]} \
          {inst_mipi_csi2_tx/inst_mipi_csi2_tx/inst_mipi_csi2_tx_subsyst/inst/mipi_csi2_tx_ctrl_0/inst/clock_cross_fifo/gnuram_async_fifo.xpm_fifo_base_inst/gen_cdc_pntr.rd_pntr_cdc_inst/src_gray_ff_reg[4]} \
          {inst_mipi_csi2_tx/inst_mipi_csi2_tx/inst_mipi_csi2_tx_subsyst/inst/mipi_csi2_tx_ctrl_0/inst/clock_cross_fifo/gnuram_async_fifo.xpm_fifo_base_inst/gen_cdc_pntr.rd_pntr_cdc_inst/src_gray_ff_reg[5]} \
          {inst_mipi_csi2_tx/inst_mipi_csi2_tx/inst_mipi_csi2_tx_subsyst/inst/mipi_csi2_tx_ctrl_0/inst/clock_cross_fifo/gnuram_async_fifo.xpm_fifo_base_inst/gen_cdc_pntr.rd_pntr_cdc_inst/src_gray_ff_reg[6]} \
          {inst_mipi_csi2_tx/inst_mipi_csi2_tx/inst_mipi_csi2_tx_subsyst/inst/mipi_csi2_tx_ctrl_0/inst/clock_cross_fifo/gnuram_async_fifo.xpm_fifo_base_inst/gen_cdc_pntr.rd_pntr_cdc_inst/src_gray_ff_reg[7]} \
          {inst_mipi_csi2_tx/inst_mipi_csi2_tx/inst_mipi_csi2_tx_subsyst/inst/mipi_csi2_tx_ctrl_0/inst/clock_cross_fifo/gnuram_async_fifo.xpm_fifo_base_inst/gen_cdc_pntr.rd_pntr_cdc_inst/src_gray_ff_reg[8]} \
          {inst_mipi_csi2_tx/inst_mipi_csi2_tx/inst_mipi_csi2_tx_subsyst/inst/mipi_csi2_tx_ctrl_0/inst/clock_cross_fifo/gnuram_async_fifo.xpm_fifo_base_inst/gen_cdc_pntr.rd_pntr_cdc_inst/src_gray_ff_reg[9]}]] -to [get_cells [list {inst_mipi_csi2_tx/inst_mipi_csi2_tx/inst_mipi_csi2_tx_subsyst/inst/mipi_csi2_tx_ctrl_0/inst/clock_cross_fifo/gnuram_async_fifo.xpm_fifo_base_inst/gen_cdc_pntr.rd_pntr_cdc_inst/dest_graysync_ff_reg[0][0]} \
          {inst_mipi_csi2_tx/inst_mipi_csi2_tx/inst_mipi_csi2_tx_subsyst/inst/mipi_csi2_tx_ctrl_0/inst/clock_cross_fifo/gnuram_async_fifo.xpm_fifo_base_inst/gen_cdc_pntr.rd_pntr_cdc_inst/dest_graysync_ff_reg[0][10]} \
          {inst_mipi_csi2_tx/inst_mipi_csi2_tx/inst_mipi_csi2_tx_subsyst/inst/mipi_csi2_tx_ctrl_0/inst/clock_cross_fifo/gnuram_async_fifo.xpm_fifo_base_inst/gen_cdc_pntr.rd_pntr_cdc_inst/dest_graysync_ff_reg[0][11]} \
          {inst_mipi_csi2_tx/inst_mipi_csi2_tx/inst_mipi_csi2_tx_subsyst/inst/mipi_csi2_tx_ctrl_0/inst/clock_cross_fifo/gnuram_async_fifo.xpm_fifo_base_inst/gen_cdc_pntr.rd_pntr_cdc_inst/dest_graysync_ff_reg[0][12]} \
          {inst_mipi_csi2_tx/inst_mipi_csi2_tx/inst_mipi_csi2_tx_subsyst/inst/mipi_csi2_tx_ctrl_0/inst/clock_cross_fifo/gnuram_async_fifo.xpm_fifo_base_inst/gen_cdc_pntr.rd_pntr_cdc_inst/dest_graysync_ff_reg[0][1]} \
          {inst_mipi_csi2_tx/inst_mipi_csi2_tx/inst_mipi_csi2_tx_subsyst/inst/mipi_csi2_tx_ctrl_0/inst/clock_cross_fifo/gnuram_async_fifo.xpm_fifo_base_inst/gen_cdc_pntr.rd_pntr_cdc_inst/dest_graysync_ff_reg[0][2]} \
          {inst_mipi_csi2_tx/inst_mipi_csi2_tx/inst_mipi_csi2_tx_subsyst/inst/mipi_csi2_tx_ctrl_0/inst/clock_cross_fifo/gnuram_async_fifo.xpm_fifo_base_inst/gen_cdc_pntr.rd_pntr_cdc_inst/dest_graysync_ff_reg[0][3]} \
          {inst_mipi_csi2_tx/inst_mipi_csi2_tx/inst_mipi_csi2_tx_subsyst/inst/mipi_csi2_tx_ctrl_0/inst/clock_cross_fifo/gnuram_async_fifo.xpm_fifo_base_inst/gen_cdc_pntr.rd_pntr_cdc_inst/dest_graysync_ff_reg[0][4]} \
          {inst_mipi_csi2_tx/inst_mipi_csi2_tx/inst_mipi_csi2_tx_subsyst/inst/mipi_csi2_tx_ctrl_0/inst/clock_cross_fifo/gnuram_async_fifo.xpm_fifo_base_inst/gen_cdc_pntr.rd_pntr_cdc_inst/dest_graysync_ff_reg[0][5]} \
          {inst_mipi_csi2_tx/inst_mipi_csi2_tx/inst_mipi_csi2_tx_subsyst/inst/mipi_csi2_tx_ctrl_0/inst/clock_cross_fifo/gnuram_async_fifo.xpm_fifo_base_inst/gen_cdc_pntr.rd_pntr_cdc_inst/dest_graysync_ff_reg[0][6]} \
          {inst_mipi_csi2_tx/inst_mipi_csi2_tx/inst_mipi_csi2_tx_subsyst/inst/mipi_csi2_tx_ctrl_0/inst/clock_cross_fifo/gnuram_async_fifo.xpm_fifo_base_inst/gen_cdc_pntr.rd_pntr_cdc_inst/dest_graysync_ff_reg[0][7]} \
          {inst_mipi_csi2_tx/inst_mipi_csi2_tx/inst_mipi_csi2_tx_subsyst/inst/mipi_csi2_tx_ctrl_0/inst/clock_cross_fifo/gnuram_async_fifo.xpm_fifo_base_inst/gen_cdc_pntr.rd_pntr_cdc_inst/dest_graysync_ff_reg[0][8]} \
          {inst_mipi_csi2_tx/inst_mipi_csi2_tx/inst_mipi_csi2_tx_subsyst/inst/mipi_csi2_tx_ctrl_0/inst/clock_cross_fifo/gnuram_async_fifo.xpm_fifo_base_inst/gen_cdc_pntr.rd_pntr_cdc_inst/dest_graysync_ff_reg[0][9]}]] 10.000
Requirement: 10.000ns
Endpoints: 13

From Clock            To Clock              Endpoint Pin                    Reference Pin                   Corner  Actual(ns)  Slack(ns)
--------------------  --------------------  ------------------------------  ------------------------------  ------  ----------  ---------
div_clk_w_1           c0_clk_ctrl_1         inst_mipi_csi2_tx/inst_mipi_csi2_tx/inst_mipi_csi2_tx_subsyst/inst/mipi_csi2_tx_ctrl_0/inst/clock_cross_fifo/gnuram_async_fifo.xpm_fifo_base_inst/gen_cdc_pntr.rd_pntr_cdc_inst/dest_graysync_ff_reg[0][7]/D
                                                                            inst_mipi_csi2_tx/inst_mipi_csi2_tx/inst_mipi_csi2_tx_subsyst/inst/mipi_csi2_tx_ctrl_0/inst/clock_cross_fifo/gnuram_async_fifo.xpm_fifo_base_inst/gen_cdc_pntr.rd_pntr_cdc_inst/dest_graysync_ff_reg[0][12]/D
                                                                                                            Slow         0.979      9.021


Slack (MET) :             9.021ns  (requirement - actual skew)
  Endpoint Source:        inst_mipi_csi2_tx/inst_mipi_csi2_tx/inst_mipi_csi2_tx_subsyst/inst/mipi_csi2_tx_ctrl_0/inst/clock_cross_fifo/gnuram_async_fifo.xpm_fifo_base_inst/gen_cdc_pntr.rd_pntr_cdc_inst/src_gray_ff_reg[7]/C
                            (rising edge-triggered cell FDRE clocked by div_clk_w_1)
  Endpoint Destination:   inst_mipi_csi2_tx/inst_mipi_csi2_tx/inst_mipi_csi2_tx_subsyst/inst/mipi_csi2_tx_ctrl_0/inst/clock_cross_fifo/gnuram_async_fifo.xpm_fifo_base_inst/gen_cdc_pntr.rd_pntr_cdc_inst/dest_graysync_ff_reg[0][7]/D
                            (rising edge-triggered cell FDRE clocked by c0_clk_ctrl_1)
  Reference Source:       inst_mipi_csi2_tx/inst_mipi_csi2_tx/inst_mipi_csi2_tx_subsyst/inst/mipi_csi2_tx_ctrl_0/inst/clock_cross_fifo/gnuram_async_fifo.xpm_fifo_base_inst/gen_cdc_pntr.rd_pntr_cdc_inst/src_gray_ff_reg[12]/C
                            (rising edge-triggered cell FDRE clocked by div_clk_w_1)
  Reference Destination:  inst_mipi_csi2_tx/inst_mipi_csi2_tx/inst_mipi_csi2_tx_subsyst/inst/mipi_csi2_tx_ctrl_0/inst/clock_cross_fifo/gnuram_async_fifo.xpm_fifo_base_inst/gen_cdc_pntr.rd_pntr_cdc_inst/dest_graysync_ff_reg[0][12]/D
                            (rising edge-triggered cell FDRE clocked by c0_clk_ctrl_1)
  Path Type:              Bus Skew (Max at Slow Process Corner)
  Requirement:            10.000ns
  Endpoint Relative Delay:    1.154ns
  Reference Relative Delay:  -0.168ns
  Relative CRPR:              0.343ns
  Actual Bus Skew:            0.979ns  (Endpoint Relative Delay - Reference Relative Delay - Relative CRPR)

Endpoint path:
    Location             Delay type                Incr(ns)  Path(ns)    Netlist Resource(s)
  -------------------------------------------------------------------    -------------------
                         (clock div_clk_w_1 rise edge)
                                                      0.000     0.000 r  
    L3                                                0.000     0.000 r  MCLK_50M_p (IN)
                         net (fo=0)                   0.000     0.000    clk_inst0/inst/clk_in1_p
    L3                   IBUFDS (Prop_ibufds_I_O)     0.965     0.965 r  clk_inst0/inst/clkin1_ibufgds/O
                         net (fo=1, routed)           1.380     2.345    clk_inst0/inst/clk_in1_clk_ctrl
    MMCME2_ADV_X1Y0      MMCME2_ADV (Prop_mmcme2_adv_CLKIN1_CLKOUT2)
                                                      0.089     2.434 r  clk_inst0/inst/mmcm_adv_inst/CLKOUT2
                         net (fo=1, routed)           1.661     4.095    clk_inst0/inst/dphy_clk_clk_ctrl
    BUFGCTRL_X0Y4        BUFG (Prop_bufg_I_O)         0.096     4.191 r  clk_inst0/inst/clkout3_buf/O
                         net (fo=1247, routed)        1.563     5.754    inst_mipi_csi2_tx/inst_mipi_csi2_tx/inst_mipi_csi2_tx_subsyst/inst/mipi_dphy_0/inst/inst/bd_26df_mipi_dphy_0_0_tx_support_i/master_tx.bd_26df_mipi_dphy_0_0_tx_clock_module_support_i/bd_26df_mipi_dphy_0_0_clock_module_tx_i/inst/mmcm_clk_in
    MMCME2_ADV_X1Y1      MMCME2_ADV (Prop_mmcme2_adv_CLKIN1_CLKOUT1)
                                                     -3.318     2.436 r  inst_mipi_csi2_tx/inst_mipi_csi2_tx/inst_mipi_csi2_tx_subsyst/inst/mipi_dphy_0/inst/inst/bd_26df_mipi_dphy_0_0_tx_support_i/master_tx.bd_26df_mipi_dphy_0_0_tx_clock_module_support_i/bd_26df_mipi_dphy_0_0_clock_module_tx_i/inst/mmcm_adv_inst/CLKOUT1
                         net (fo=3, routed)           1.025     3.461    inst_mipi_csi2_tx/inst_mipi_csi2_tx/inst_mipi_csi2_tx_subsyst/inst/mipi_dphy_0/inst/inst/bd_26df_mipi_dphy_0_0_tx_support_i/master_tx.bd_26df_mipi_dphy_0_0_tx_clock_module_support_i/serial_clk90
    BUFR_X1Y6            BUFR (Prop_bufr_I_O)         0.982     4.443 r  inst_mipi_csi2_tx/inst_mipi_csi2_tx/inst_mipi_csi2_tx_subsyst/inst/mipi_dphy_0/inst/inst/bd_26df_mipi_dphy_0_0_tx_support_i/master_tx.bd_26df_mipi_dphy_0_0_tx_clock_module_support_i/div_clk90_gen/O
                         net (fo=951, routed)         0.804     5.247    inst_mipi_csi2_tx/inst_mipi_csi2_tx/inst_mipi_csi2_tx_subsyst/inst/mipi_csi2_tx_ctrl_0/inst/clock_cross_fifo/gnuram_async_fifo.xpm_fifo_base_inst/gen_cdc_pntr.rd_pntr_cdc_inst/src_clk
    SLICE_X56Y87         FDRE                                         r  inst_mipi_csi2_tx/inst_mipi_csi2_tx/inst_mipi_csi2_tx_subsyst/inst/mipi_csi2_tx_ctrl_0/inst/clock_cross_fifo/gnuram_async_fifo.xpm_fifo_base_inst/gen_cdc_pntr.rd_pntr_cdc_inst/src_gray_ff_reg[7]/C
  -------------------------------------------------------------------    -------------------
    SLICE_X56Y87         FDRE (Prop_fdre_C_Q)         0.478     5.725 r  inst_mipi_csi2_tx/inst_mipi_csi2_tx/inst_mipi_csi2_tx_subsyst/inst/mipi_csi2_tx_ctrl_0/inst/clock_cross_fifo/gnuram_async_fifo.xpm_fifo_base_inst/gen_cdc_pntr.rd_pntr_cdc_inst/src_gray_ff_reg[7]/Q
                         net (fo=1, routed)           0.817     6.542    inst_mipi_csi2_tx/inst_mipi_csi2_tx/inst_mipi_csi2_tx_subsyst/inst/mipi_csi2_tx_ctrl_0/inst/clock_cross_fifo/gnuram_async_fifo.xpm_fifo_base_inst/gen_cdc_pntr.rd_pntr_cdc_inst/async_path[7]
    SLICE_X60Y88         FDRE                                         r  inst_mipi_csi2_tx/inst_mipi_csi2_tx/inst_mipi_csi2_tx_subsyst/inst/mipi_csi2_tx_ctrl_0/inst/clock_cross_fifo/gnuram_async_fifo.xpm_fifo_base_inst/gen_cdc_pntr.rd_pntr_cdc_inst/dest_graysync_ff_reg[0][7]/D
  -------------------------------------------------------------------    -------------------

                         (clock c0_clk_ctrl_1 rise edge)
                                                      0.000     0.000 r  
    L3                                                0.000     0.000 r  MCLK_50M_p (IN)
                         net (fo=0)                   0.000     0.000    clk_inst0/inst/clk_in1_p
    L3                   IBUFDS (Prop_ibufds_I_O)     0.921     0.921 r  clk_inst0/inst/clkin1_ibufgds/O
                         net (fo=1, routed)           1.302     2.223    clk_inst0/inst/clk_in1_clk_ctrl
    MMCME2_ADV_X1Y0      MMCME2_ADV (Prop_mmcme2_adv_CLKIN1_CLKOUT0)
                                                      0.084     2.307 r  clk_inst0/inst/mmcm_adv_inst/CLKOUT0
                         net (fo=1, routed)           1.581     3.888    clk_inst0/inst/c0_clk_ctrl
    BUFGCTRL_X0Y2        BUFG (Prop_bufg_I_O)         0.091     3.979 r  clk_inst0/inst/clkout1_buf/O
                         net (fo=12382, routed)       1.505     5.484    inst_mipi_csi2_tx/inst_mipi_csi2_tx/inst_mipi_csi2_tx_subsyst/inst/mipi_csi2_tx_ctrl_0/inst/clock_cross_fifo/gnuram_async_fifo.xpm_fifo_base_inst/gen_cdc_pntr.rd_pntr_cdc_inst/dest_clk
    SLICE_X60Y88         FDRE                                         r  inst_mipi_csi2_tx/inst_mipi_csi2_tx/inst_mipi_csi2_tx_subsyst/inst/mipi_csi2_tx_ctrl_0/inst/clock_cross_fifo/gnuram_async_fifo.xpm_fifo_base_inst/gen_cdc_pntr.rd_pntr_cdc_inst/dest_graysync_ff_reg[0][7]/C
                         clock pessimism              0.127     5.610    
    SLICE_X60Y88         FDRE (Setup_fdre_C_D)       -0.222     5.388    inst_mipi_csi2_tx/inst_mipi_csi2_tx/inst_mipi_csi2_tx_subsyst/inst/mipi_csi2_tx_ctrl_0/inst/clock_cross_fifo/gnuram_async_fifo.xpm_fifo_base_inst/gen_cdc_pntr.rd_pntr_cdc_inst/dest_graysync_ff_reg[0][7]
  -------------------------------------------------------------------
                         data arrival                           6.542    
                         clock arrival                          5.388    
  -------------------------------------------------------------------
                         relative delay                         1.154    

Reference path:
    Location             Delay type                Incr(ns)  Path(ns)    Netlist Resource(s)
  -------------------------------------------------------------------    -------------------
                         (clock div_clk_w_1 rise edge)
                                                      0.000     0.000 r  
    L3                                                0.000     0.000 r  MCLK_50M_p (IN)
                         net (fo=0)                   0.000     0.000    clk_inst0/inst/clk_in1_p
    L3                   IBUFDS (Prop_ibufds_I_O)     0.921     0.921 r  clk_inst0/inst/clkin1_ibufgds/O
                         net (fo=1, routed)           1.302     2.223    clk_inst0/inst/clk_in1_clk_ctrl
    MMCME2_ADV_X1Y0      MMCME2_ADV (Prop_mmcme2_adv_CLKIN1_CLKOUT2)
                                                      0.084     2.307 r  clk_inst0/inst/mmcm_adv_inst/CLKOUT2
                         net (fo=1, routed)           1.581     3.888    clk_inst0/inst/dphy_clk_clk_ctrl
    BUFGCTRL_X0Y4        BUFG (Prop_bufg_I_O)         0.091     3.979 r  clk_inst0/inst/clkout3_buf/O
                         net (fo=1247, routed)        1.447     5.426    inst_mipi_csi2_tx/inst_mipi_csi2_tx/inst_mipi_csi2_tx_subsyst/inst/mipi_dphy_0/inst/inst/bd_26df_mipi_dphy_0_0_tx_support_i/master_tx.bd_26df_mipi_dphy_0_0_tx_clock_module_support_i/bd_26df_mipi_dphy_0_0_clock_module_tx_i/inst/mmcm_clk_in
    MMCME2_ADV_X1Y1      MMCME2_ADV (Prop_mmcme2_adv_CLKIN1_CLKOUT1)
                                                     -3.116     2.310 r  inst_mipi_csi2_tx/inst_mipi_csi2_tx/inst_mipi_csi2_tx_subsyst/inst/mipi_dphy_0/inst/inst/bd_26df_mipi_dphy_0_0_tx_support_i/master_tx.bd_26df_mipi_dphy_0_0_tx_clock_module_support_i/bd_26df_mipi_dphy_0_0_clock_module_tx_i/inst/mmcm_adv_inst/CLKOUT1
                         net (fo=3, routed)           0.960     3.270    inst_mipi_csi2_tx/inst_mipi_csi2_tx/inst_mipi_csi2_tx_subsyst/inst/mipi_dphy_0/inst/inst/bd_26df_mipi_dphy_0_0_tx_support_i/master_tx.bd_26df_mipi_dphy_0_0_tx_clock_module_support_i/serial_clk90
    BUFR_X1Y6            BUFR (Prop_bufr_I_O)         0.918     4.188 r  inst_mipi_csi2_tx/inst_mipi_csi2_tx/inst_mipi_csi2_tx_subsyst/inst/mipi_dphy_0/inst/inst/bd_26df_mipi_dphy_0_0_tx_support_i/master_tx.bd_26df_mipi_dphy_0_0_tx_clock_module_support_i/div_clk90_gen/O
                         net (fo=951, routed)         0.710     4.898    inst_mipi_csi2_tx/inst_mipi_csi2_tx/inst_mipi_csi2_tx_subsyst/inst/mipi_csi2_tx_ctrl_0/inst/clock_cross_fifo/gnuram_async_fifo.xpm_fifo_base_inst/gen_cdc_pntr.rd_pntr_cdc_inst/src_clk
    SLICE_X59Y89         FDRE                                         r  inst_mipi_csi2_tx/inst_mipi_csi2_tx/inst_mipi_csi2_tx_subsyst/inst/mipi_csi2_tx_ctrl_0/inst/clock_cross_fifo/gnuram_async_fifo.xpm_fifo_base_inst/gen_cdc_pntr.rd_pntr_cdc_inst/src_gray_ff_reg[12]/C
  -------------------------------------------------------------------    -------------------
    SLICE_X59Y89         FDRE (Prop_fdre_C_Q)         0.367     5.265 r  inst_mipi_csi2_tx/inst_mipi_csi2_tx/inst_mipi_csi2_tx_subsyst/inst/mipi_csi2_tx_ctrl_0/inst/clock_cross_fifo/gnuram_async_fifo.xpm_fifo_base_inst/gen_cdc_pntr.rd_pntr_cdc_inst/src_gray_ff_reg[12]/Q
                         net (fo=1, routed)           0.486     5.751    inst_mipi_csi2_tx/inst_mipi_csi2_tx/inst_mipi_csi2_tx_subsyst/inst/mipi_csi2_tx_ctrl_0/inst/clock_cross_fifo/gnuram_async_fifo.xpm_fifo_base_inst/gen_cdc_pntr.rd_pntr_cdc_inst/async_path[12]
    SLICE_X60Y88         FDRE                                         r  inst_mipi_csi2_tx/inst_mipi_csi2_tx/inst_mipi_csi2_tx_subsyst/inst/mipi_csi2_tx_ctrl_0/inst/clock_cross_fifo/gnuram_async_fifo.xpm_fifo_base_inst/gen_cdc_pntr.rd_pntr_cdc_inst/dest_graysync_ff_reg[0][12]/D
  -------------------------------------------------------------------    -------------------

                         (clock c0_clk_ctrl_1 rise edge)
                                                      0.000     0.000 r  
    L3                                                0.000     0.000 r  MCLK_50M_p (IN)
                         net (fo=0)                   0.000     0.000    clk_inst0/inst/clk_in1_p
    L3                   IBUFDS (Prop_ibufds_I_O)     0.965     0.965 r  clk_inst0/inst/clkin1_ibufgds/O
                         net (fo=1, routed)           1.380     2.345    clk_inst0/inst/clk_in1_clk_ctrl
    MMCME2_ADV_X1Y0      MMCME2_ADV (Prop_mmcme2_adv_CLKIN1_CLKOUT0)
                                                      0.089     2.434 r  clk_inst0/inst/mmcm_adv_inst/CLKOUT0
                         net (fo=1, routed)           1.661     4.095    clk_inst0/inst/c0_clk_ctrl
    BUFGCTRL_X0Y2        BUFG (Prop_bufg_I_O)         0.096     4.191 r  clk_inst0/inst/clkout1_buf/O
                         net (fo=12382, routed)       1.622     5.813    inst_mipi_csi2_tx/inst_mipi_csi2_tx/inst_mipi_csi2_tx_subsyst/inst/mipi_csi2_tx_ctrl_0/inst/clock_cross_fifo/gnuram_async_fifo.xpm_fifo_base_inst/gen_cdc_pntr.rd_pntr_cdc_inst/dest_clk
    SLICE_X60Y88         FDRE                                         r  inst_mipi_csi2_tx/inst_mipi_csi2_tx/inst_mipi_csi2_tx_subsyst/inst/mipi_csi2_tx_ctrl_0/inst/clock_cross_fifo/gnuram_async_fifo.xpm_fifo_base_inst/gen_cdc_pntr.rd_pntr_cdc_inst/dest_graysync_ff_reg[0][12]/C
                         clock pessimism             -0.127     5.686    
    SLICE_X60Y88         FDRE (Hold_fdre_C_D)         0.233     5.919    inst_mipi_csi2_tx/inst_mipi_csi2_tx/inst_mipi_csi2_tx_subsyst/inst/mipi_csi2_tx_ctrl_0/inst/clock_cross_fifo/gnuram_async_fifo.xpm_fifo_base_inst/gen_cdc_pntr.rd_pntr_cdc_inst/dest_graysync_ff_reg[0][12]
  -------------------------------------------------------------------
                         data arrival                           5.751    
                         clock arrival                          5.919    
  -------------------------------------------------------------------
                         relative delay                        -0.168    



Id: 2
set_bus_skew -from [get_cells [list {inst_mipi_csi2_tx/inst_mipi_csi2_tx/inst_mipi_csi2_tx_subsyst/inst/mipi_csi2_tx_ctrl_0/inst/clock_cross_fifo/gnuram_async_fifo.xpm_fifo_base_inst/gen_cdc_pntr.wr_pntr_cdc_inst/src_gray_ff_reg[0]} \
          {inst_mipi_csi2_tx/inst_mipi_csi2_tx/inst_mipi_csi2_tx_subsyst/inst/mipi_csi2_tx_ctrl_0/inst/clock_cross_fifo/gnuram_async_fifo.xpm_fifo_base_inst/gen_cdc_pntr.wr_pntr_cdc_inst/src_gray_ff_reg[10]} \
          {inst_mipi_csi2_tx/inst_mipi_csi2_tx/inst_mipi_csi2_tx_subsyst/inst/mipi_csi2_tx_ctrl_0/inst/clock_cross_fifo/gnuram_async_fifo.xpm_fifo_base_inst/gen_cdc_pntr.wr_pntr_cdc_inst/src_gray_ff_reg[11]} \
          {inst_mipi_csi2_tx/inst_mipi_csi2_tx/inst_mipi_csi2_tx_subsyst/inst/mipi_csi2_tx_ctrl_0/inst/clock_cross_fifo/gnuram_async_fifo.xpm_fifo_base_inst/gen_cdc_pntr.wr_pntr_cdc_inst/src_gray_ff_reg[12]} \
          {inst_mipi_csi2_tx/inst_mipi_csi2_tx/inst_mipi_csi2_tx_subsyst/inst/mipi_csi2_tx_ctrl_0/inst/clock_cross_fifo/gnuram_async_fifo.xpm_fifo_base_inst/gen_cdc_pntr.wr_pntr_cdc_inst/src_gray_ff_reg[1]} \
          {inst_mipi_csi2_tx/inst_mipi_csi2_tx/inst_mipi_csi2_tx_subsyst/inst/mipi_csi2_tx_ctrl_0/inst/clock_cross_fifo/gnuram_async_fifo.xpm_fifo_base_inst/gen_cdc_pntr.wr_pntr_cdc_inst/src_gray_ff_reg[2]} \
          {inst_mipi_csi2_tx/inst_mipi_csi2_tx/inst_mipi_csi2_tx_subsyst/inst/mipi_csi2_tx_ctrl_0/inst/clock_cross_fifo/gnuram_async_fifo.xpm_fifo_base_inst/gen_cdc_pntr.wr_pntr_cdc_inst/src_gray_ff_reg[3]} \
          {inst_mipi_csi2_tx/inst_mipi_csi2_tx/inst_mipi_csi2_tx_subsyst/inst/mipi_csi2_tx_ctrl_0/inst/clock_cross_fifo/gnuram_async_fifo.xpm_fifo_base_inst/gen_cdc_pntr.wr_pntr_cdc_inst/src_gray_ff_reg[4]} \
          {inst_mipi_csi2_tx/inst_mipi_csi2_tx/inst_mipi_csi2_tx_subsyst/inst/mipi_csi2_tx_ctrl_0/inst/clock_cross_fifo/gnuram_async_fifo.xpm_fifo_base_inst/gen_cdc_pntr.wr_pntr_cdc_inst/src_gray_ff_reg[5]} \
          {inst_mipi_csi2_tx/inst_mipi_csi2_tx/inst_mipi_csi2_tx_subsyst/inst/mipi_csi2_tx_ctrl_0/inst/clock_cross_fifo/gnuram_async_fifo.xpm_fifo_base_inst/gen_cdc_pntr.wr_pntr_cdc_inst/src_gray_ff_reg[6]} \
          {inst_mipi_csi2_tx/inst_mipi_csi2_tx/inst_mipi_csi2_tx_subsyst/inst/mipi_csi2_tx_ctrl_0/inst/clock_cross_fifo/gnuram_async_fifo.xpm_fifo_base_inst/gen_cdc_pntr.wr_pntr_cdc_inst/src_gray_ff_reg[7]} \
          {inst_mipi_csi2_tx/inst_mipi_csi2_tx/inst_mipi_csi2_tx_subsyst/inst/mipi_csi2_tx_ctrl_0/inst/clock_cross_fifo/gnuram_async_fifo.xpm_fifo_base_inst/gen_cdc_pntr.wr_pntr_cdc_inst/src_gray_ff_reg[8]} \
          {inst_mipi_csi2_tx/inst_mipi_csi2_tx/inst_mipi_csi2_tx_subsyst/inst/mipi_csi2_tx_ctrl_0/inst/clock_cross_fifo/gnuram_async_fifo.xpm_fifo_base_inst/gen_cdc_pntr.wr_pntr_cdc_inst/src_gray_ff_reg[9]}]] -to [get_cells [list {inst_mipi_csi2_tx/inst_mipi_csi2_tx/inst_mipi_csi2_tx_subsyst/inst/mipi_csi2_tx_ctrl_0/inst/clock_cross_fifo/gnuram_async_fifo.xpm_fifo_base_inst/gen_cdc_pntr.wr_pntr_cdc_inst/dest_graysync_ff_reg[0][0]} \
          {inst_mipi_csi2_tx/inst_mipi_csi2_tx/inst_mipi_csi2_tx_subsyst/inst/mipi_csi2_tx_ctrl_0/inst/clock_cross_fifo/gnuram_async_fifo.xpm_fifo_base_inst/gen_cdc_pntr.wr_pntr_cdc_inst/dest_graysync_ff_reg[0][10]} \
          {inst_mipi_csi2_tx/inst_mipi_csi2_tx/inst_mipi_csi2_tx_subsyst/inst/mipi_csi2_tx_ctrl_0/inst/clock_cross_fifo/gnuram_async_fifo.xpm_fifo_base_inst/gen_cdc_pntr.wr_pntr_cdc_inst/dest_graysync_ff_reg[0][11]} \
          {inst_mipi_csi2_tx/inst_mipi_csi2_tx/inst_mipi_csi2_tx_subsyst/inst/mipi_csi2_tx_ctrl_0/inst/clock_cross_fifo/gnuram_async_fifo.xpm_fifo_base_inst/gen_cdc_pntr.wr_pntr_cdc_inst/dest_graysync_ff_reg[0][12]} \
          {inst_mipi_csi2_tx/inst_mipi_csi2_tx/inst_mipi_csi2_tx_subsyst/inst/mipi_csi2_tx_ctrl_0/inst/clock_cross_fifo/gnuram_async_fifo.xpm_fifo_base_inst/gen_cdc_pntr.wr_pntr_cdc_inst/dest_graysync_ff_reg[0][1]} \
          {inst_mipi_csi2_tx/inst_mipi_csi2_tx/inst_mipi_csi2_tx_subsyst/inst/mipi_csi2_tx_ctrl_0/inst/clock_cross_fifo/gnuram_async_fifo.xpm_fifo_base_inst/gen_cdc_pntr.wr_pntr_cdc_inst/dest_graysync_ff_reg[0][2]} \
          {inst_mipi_csi2_tx/inst_mipi_csi2_tx/inst_mipi_csi2_tx_subsyst/inst/mipi_csi2_tx_ctrl_0/inst/clock_cross_fifo/gnuram_async_fifo.xpm_fifo_base_inst/gen_cdc_pntr.wr_pntr_cdc_inst/dest_graysync_ff_reg[0][3]} \
          {inst_mipi_csi2_tx/inst_mipi_csi2_tx/inst_mipi_csi2_tx_subsyst/inst/mipi_csi2_tx_ctrl_0/inst/clock_cross_fifo/gnuram_async_fifo.xpm_fifo_base_inst/gen_cdc_pntr.wr_pntr_cdc_inst/dest_graysync_ff_reg[0][4]} \
          {inst_mipi_csi2_tx/inst_mipi_csi2_tx/inst_mipi_csi2_tx_subsyst/inst/mipi_csi2_tx_ctrl_0/inst/clock_cross_fifo/gnuram_async_fifo.xpm_fifo_base_inst/gen_cdc_pntr.wr_pntr_cdc_inst/dest_graysync_ff_reg[0][5]} \
          {inst_mipi_csi2_tx/inst_mipi_csi2_tx/inst_mipi_csi2_tx_subsyst/inst/mipi_csi2_tx_ctrl_0/inst/clock_cross_fifo/gnuram_async_fifo.xpm_fifo_base_inst/gen_cdc_pntr.wr_pntr_cdc_inst/dest_graysync_ff_reg[0][6]} \
          {inst_mipi_csi2_tx/inst_mipi_csi2_tx/inst_mipi_csi2_tx_subsyst/inst/mipi_csi2_tx_ctrl_0/inst/clock_cross_fifo/gnuram_async_fifo.xpm_fifo_base_inst/gen_cdc_pntr.wr_pntr_cdc_inst/dest_graysync_ff_reg[0][7]} \
          {inst_mipi_csi2_tx/inst_mipi_csi2_tx/inst_mipi_csi2_tx_subsyst/inst/mipi_csi2_tx_ctrl_0/inst/clock_cross_fifo/gnuram_async_fifo.xpm_fifo_base_inst/gen_cdc_pntr.wr_pntr_cdc_inst/dest_graysync_ff_reg[0][8]} \
          {inst_mipi_csi2_tx/inst_mipi_csi2_tx/inst_mipi_csi2_tx_subsyst/inst/mipi_csi2_tx_ctrl_0/inst/clock_cross_fifo/gnuram_async_fifo.xpm_fifo_base_inst/gen_cdc_pntr.wr_pntr_cdc_inst/dest_graysync_ff_reg[0][9]}]] 10.000
Requirement: 10.000ns
Endpoints: 13

From Clock            To Clock              Endpoint Pin                    Reference Pin                   Corner  Actual(ns)  Slack(ns)
--------------------  --------------------  ------------------------------  ------------------------------  ------  ----------  ---------
c0_clk_ctrl_1         div_clk_w_1           inst_mipi_csi2_tx/inst_mipi_csi2_tx/inst_mipi_csi2_tx_subsyst/inst/mipi_csi2_tx_ctrl_0/inst/clock_cross_fifo/gnuram_async_fifo.xpm_fifo_base_inst/gen_cdc_pntr.wr_pntr_cdc_inst/dest_graysync_ff_reg[0][1]/D
                                                                            inst_mipi_csi2_tx/inst_mipi_csi2_tx/inst_mipi_csi2_tx_subsyst/inst/mipi_csi2_tx_ctrl_0/inst/clock_cross_fifo/gnuram_async_fifo.xpm_fifo_base_inst/gen_cdc_pntr.wr_pntr_cdc_inst/dest_graysync_ff_reg[0][0]/D
                                                                                                            Slow         0.954      9.046


Slack (MET) :             9.046ns  (requirement - actual skew)
  Endpoint Source:        inst_mipi_csi2_tx/inst_mipi_csi2_tx/inst_mipi_csi2_tx_subsyst/inst/mipi_csi2_tx_ctrl_0/inst/clock_cross_fifo/gnuram_async_fifo.xpm_fifo_base_inst/gen_cdc_pntr.wr_pntr_cdc_inst/src_gray_ff_reg[1]/C
                            (rising edge-triggered cell FDRE clocked by c0_clk_ctrl_1)
  Endpoint Destination:   inst_mipi_csi2_tx/inst_mipi_csi2_tx/inst_mipi_csi2_tx_subsyst/inst/mipi_csi2_tx_ctrl_0/inst/clock_cross_fifo/gnuram_async_fifo.xpm_fifo_base_inst/gen_cdc_pntr.wr_pntr_cdc_inst/dest_graysync_ff_reg[0][1]/D
                            (rising edge-triggered cell FDRE clocked by div_clk_w_1)
  Reference Source:       inst_mipi_csi2_tx/inst_mipi_csi2_tx/inst_mipi_csi2_tx_subsyst/inst/mipi_csi2_tx_ctrl_0/inst/clock_cross_fifo/gnuram_async_fifo.xpm_fifo_base_inst/gen_cdc_pntr.wr_pntr_cdc_inst/src_gray_ff_reg[0]/C
                            (rising edge-triggered cell FDRE clocked by c0_clk_ctrl_1)
  Reference Destination:  inst_mipi_csi2_tx/inst_mipi_csi2_tx/inst_mipi_csi2_tx_subsyst/inst/mipi_csi2_tx_ctrl_0/inst/clock_cross_fifo/gnuram_async_fifo.xpm_fifo_base_inst/gen_cdc_pntr.wr_pntr_cdc_inst/dest_graysync_ff_reg[0][0]/D
                            (rising edge-triggered cell FDRE clocked by div_clk_w_1)
  Path Type:              Bus Skew (Max at Slow Process Corner)
  Requirement:            10.000ns
  Endpoint Relative Delay:    2.189ns
  Reference Relative Delay:   0.896ns
  Relative CRPR:              0.340ns
  Actual Bus Skew:            0.954ns  (Endpoint Relative Delay - Reference Relative Delay - Relative CRPR)

Endpoint path:
    Location             Delay type                Incr(ns)  Path(ns)    Netlist Resource(s)
  -------------------------------------------------------------------    -------------------
                         (clock c0_clk_ctrl_1 rise edge)
                                                      0.000     0.000 r  
    L3                                                0.000     0.000 r  MCLK_50M_p (IN)
                         net (fo=0)                   0.000     0.000    clk_inst0/inst/clk_in1_p
    L3                   IBUFDS (Prop_ibufds_I_O)     0.965     0.965 r  clk_inst0/inst/clkin1_ibufgds/O
                         net (fo=1, routed)           1.380     2.345    clk_inst0/inst/clk_in1_clk_ctrl
    MMCME2_ADV_X1Y0      MMCME2_ADV (Prop_mmcme2_adv_CLKIN1_CLKOUT0)
                                                      0.089     2.434 r  clk_inst0/inst/mmcm_adv_inst/CLKOUT0
                         net (fo=1, routed)           1.661     4.095    clk_inst0/inst/c0_clk_ctrl
    BUFGCTRL_X0Y2        BUFG (Prop_bufg_I_O)         0.096     4.191 r  clk_inst0/inst/clkout1_buf/O
                         net (fo=12382, routed)       1.540     5.731    inst_mipi_csi2_tx/inst_mipi_csi2_tx/inst_mipi_csi2_tx_subsyst/inst/mipi_csi2_tx_ctrl_0/inst/clock_cross_fifo/gnuram_async_fifo.xpm_fifo_base_inst/gen_cdc_pntr.wr_pntr_cdc_inst/src_clk
    SLICE_X48Y76         FDRE                                         r  inst_mipi_csi2_tx/inst_mipi_csi2_tx/inst_mipi_csi2_tx_subsyst/inst/mipi_csi2_tx_ctrl_0/inst/clock_cross_fifo/gnuram_async_fifo.xpm_fifo_base_inst/gen_cdc_pntr.wr_pntr_cdc_inst/src_gray_ff_reg[1]/C
  -------------------------------------------------------------------    -------------------
    SLICE_X48Y76         FDRE (Prop_fdre_C_Q)         0.419     6.150 r  inst_mipi_csi2_tx/inst_mipi_csi2_tx/inst_mipi_csi2_tx_subsyst/inst/mipi_csi2_tx_ctrl_0/inst/clock_cross_fifo/gnuram_async_fifo.xpm_fifo_base_inst/gen_cdc_pntr.wr_pntr_cdc_inst/src_gray_ff_reg[1]/Q
                         net (fo=1, routed)           0.849     6.999    inst_mipi_csi2_tx/inst_mipi_csi2_tx/inst_mipi_csi2_tx_subsyst/inst/mipi_csi2_tx_ctrl_0/inst/clock_cross_fifo/gnuram_async_fifo.xpm_fifo_base_inst/gen_cdc_pntr.wr_pntr_cdc_inst/async_path[1]
    SLICE_X49Y77         FDRE                                         r  inst_mipi_csi2_tx/inst_mipi_csi2_tx/inst_mipi_csi2_tx_subsyst/inst/mipi_csi2_tx_ctrl_0/inst/clock_cross_fifo/gnuram_async_fifo.xpm_fifo_base_inst/gen_cdc_pntr.wr_pntr_cdc_inst/dest_graysync_ff_reg[0][1]/D
  -------------------------------------------------------------------    -------------------

                         (clock div_clk_w_1 rise edge)
                                                      0.000     0.000 r  
    L3                                                0.000     0.000 r  MCLK_50M_p (IN)
                         net (fo=0)                   0.000     0.000    clk_inst0/inst/clk_in1_p
    L3                   IBUFDS (Prop_ibufds_I_O)     0.921     0.921 r  clk_inst0/inst/clkin1_ibufgds/O
                         net (fo=1, routed)           1.302     2.223    clk_inst0/inst/clk_in1_clk_ctrl
    MMCME2_ADV_X1Y0      MMCME2_ADV (Prop_mmcme2_adv_CLKIN1_CLKOUT2)
                                                      0.084     2.307 r  clk_inst0/inst/mmcm_adv_inst/CLKOUT2
                         net (fo=1, routed)           1.581     3.888    clk_inst0/inst/dphy_clk_clk_ctrl
    BUFGCTRL_X0Y4        BUFG (Prop_bufg_I_O)         0.091     3.979 r  clk_inst0/inst/clkout3_buf/O
                         net (fo=1247, routed)        1.447     5.426    inst_mipi_csi2_tx/inst_mipi_csi2_tx/inst_mipi_csi2_tx_subsyst/inst/mipi_dphy_0/inst/inst/bd_26df_mipi_dphy_0_0_tx_support_i/master_tx.bd_26df_mipi_dphy_0_0_tx_clock_module_support_i/bd_26df_mipi_dphy_0_0_clock_module_tx_i/inst/mmcm_clk_in
    MMCME2_ADV_X1Y1      MMCME2_ADV (Prop_mmcme2_adv_CLKIN1_CLKOUT1)
                                                     -3.116     2.310 r  inst_mipi_csi2_tx/inst_mipi_csi2_tx/inst_mipi_csi2_tx_subsyst/inst/mipi_dphy_0/inst/inst/bd_26df_mipi_dphy_0_0_tx_support_i/master_tx.bd_26df_mipi_dphy_0_0_tx_clock_module_support_i/bd_26df_mipi_dphy_0_0_clock_module_tx_i/inst/mmcm_adv_inst/CLKOUT1
                         net (fo=3, routed)           0.960     3.270    inst_mipi_csi2_tx/inst_mipi_csi2_tx/inst_mipi_csi2_tx_subsyst/inst/mipi_dphy_0/inst/inst/bd_26df_mipi_dphy_0_0_tx_support_i/master_tx.bd_26df_mipi_dphy_0_0_tx_clock_module_support_i/serial_clk90
    BUFR_X1Y6            BUFR (Prop_bufr_I_O)         0.918     4.188 r  inst_mipi_csi2_tx/inst_mipi_csi2_tx/inst_mipi_csi2_tx_subsyst/inst/mipi_dphy_0/inst/inst/bd_26df_mipi_dphy_0_0_tx_support_i/master_tx.bd_26df_mipi_dphy_0_0_tx_clock_module_support_i/div_clk90_gen/O
                         net (fo=951, routed)         0.760     4.948    inst_mipi_csi2_tx/inst_mipi_csi2_tx/inst_mipi_csi2_tx_subsyst/inst/mipi_csi2_tx_ctrl_0/inst/clock_cross_fifo/gnuram_async_fifo.xpm_fifo_base_inst/gen_cdc_pntr.wr_pntr_cdc_inst/dest_clk
    SLICE_X49Y77         FDRE                                         r  inst_mipi_csi2_tx/inst_mipi_csi2_tx/inst_mipi_csi2_tx_subsyst/inst/mipi_csi2_tx_ctrl_0/inst/clock_cross_fifo/gnuram_async_fifo.xpm_fifo_base_inst/gen_cdc_pntr.wr_pntr_cdc_inst/dest_graysync_ff_reg[0][1]/C
                         clock pessimism              0.127     5.075    
    SLICE_X49Y77         FDRE (Setup_fdre_C_D)       -0.265     4.810    inst_mipi_csi2_tx/inst_mipi_csi2_tx/inst_mipi_csi2_tx_subsyst/inst/mipi_csi2_tx_ctrl_0/inst/clock_cross_fifo/gnuram_async_fifo.xpm_fifo_base_inst/gen_cdc_pntr.wr_pntr_cdc_inst/dest_graysync_ff_reg[0][1]
  -------------------------------------------------------------------
                         data arrival                           6.999    
                         clock arrival                          4.810    
  -------------------------------------------------------------------
                         relative delay                         2.189    

Reference path:
    Location             Delay type                Incr(ns)  Path(ns)    Netlist Resource(s)
  -------------------------------------------------------------------    -------------------
                         (clock c0_clk_ctrl_1 rise edge)
                                                      0.000     0.000 r  
    L3                                                0.000     0.000 r  MCLK_50M_p (IN)
                         net (fo=0)                   0.000     0.000    clk_inst0/inst/clk_in1_p
    L3                   IBUFDS (Prop_ibufds_I_O)     0.921     0.921 r  clk_inst0/inst/clkin1_ibufgds/O
                         net (fo=1, routed)           1.302     2.223    clk_inst0/inst/clk_in1_clk_ctrl
    MMCME2_ADV_X1Y0      MMCME2_ADV (Prop_mmcme2_adv_CLKIN1_CLKOUT0)
                                                      0.084     2.307 r  clk_inst0/inst/mmcm_adv_inst/CLKOUT0
                         net (fo=1, routed)           1.581     3.888    clk_inst0/inst/c0_clk_ctrl
    BUFGCTRL_X0Y2        BUFG (Prop_bufg_I_O)         0.091     3.979 r  clk_inst0/inst/clkout1_buf/O
                         net (fo=12382, routed)       1.426     5.405    inst_mipi_csi2_tx/inst_mipi_csi2_tx/inst_mipi_csi2_tx_subsyst/inst/mipi_csi2_tx_ctrl_0/inst/clock_cross_fifo/gnuram_async_fifo.xpm_fifo_base_inst/gen_cdc_pntr.wr_pntr_cdc_inst/src_clk
    SLICE_X48Y76         FDRE                                         r  inst_mipi_csi2_tx/inst_mipi_csi2_tx/inst_mipi_csi2_tx_subsyst/inst/mipi_csi2_tx_ctrl_0/inst/clock_cross_fifo/gnuram_async_fifo.xpm_fifo_base_inst/gen_cdc_pntr.wr_pntr_cdc_inst/src_gray_ff_reg[0]/C
  -------------------------------------------------------------------    -------------------
    SLICE_X48Y76         FDRE (Prop_fdre_C_Q)         0.367     5.772 r  inst_mipi_csi2_tx/inst_mipi_csi2_tx/inst_mipi_csi2_tx_subsyst/inst/mipi_csi2_tx_ctrl_0/inst/clock_cross_fifo/gnuram_async_fifo.xpm_fifo_base_inst/gen_cdc_pntr.wr_pntr_cdc_inst/src_gray_ff_reg[0]/Q
                         net (fo=1, routed)           0.404     6.176    inst_mipi_csi2_tx/inst_mipi_csi2_tx/inst_mipi_csi2_tx_subsyst/inst/mipi_csi2_tx_ctrl_0/inst/clock_cross_fifo/gnuram_async_fifo.xpm_fifo_base_inst/gen_cdc_pntr.wr_pntr_cdc_inst/async_path[0]
    SLICE_X48Y77         FDRE                                         r  inst_mipi_csi2_tx/inst_mipi_csi2_tx/inst_mipi_csi2_tx_subsyst/inst/mipi_csi2_tx_ctrl_0/inst/clock_cross_fifo/gnuram_async_fifo.xpm_fifo_base_inst/gen_cdc_pntr.wr_pntr_cdc_inst/dest_graysync_ff_reg[0][0]/D
  -------------------------------------------------------------------    -------------------

                         (clock div_clk_w_1 rise edge)
                                                      0.000     0.000 r  
    L3                                                0.000     0.000 r  MCLK_50M_p (IN)
                         net (fo=0)                   0.000     0.000    clk_inst0/inst/clk_in1_p
    L3                   IBUFDS (Prop_ibufds_I_O)     0.965     0.965 r  clk_inst0/inst/clkin1_ibufgds/O
                         net (fo=1, routed)           1.380     2.345    clk_inst0/inst/clk_in1_clk_ctrl
    MMCME2_ADV_X1Y0      MMCME2_ADV (Prop_mmcme2_adv_CLKIN1_CLKOUT2)
                                                      0.089     2.434 r  clk_inst0/inst/mmcm_adv_inst/CLKOUT2
                         net (fo=1, routed)           1.661     4.095    clk_inst0/inst/dphy_clk_clk_ctrl
    BUFGCTRL_X0Y4        BUFG (Prop_bufg_I_O)         0.096     4.191 r  clk_inst0/inst/clkout3_buf/O
                         net (fo=1247, routed)        1.563     5.754    inst_mipi_csi2_tx/inst_mipi_csi2_tx/inst_mipi_csi2_tx_subsyst/inst/mipi_dphy_0/inst/inst/bd_26df_mipi_dphy_0_0_tx_support_i/master_tx.bd_26df_mipi_dphy_0_0_tx_clock_module_support_i/bd_26df_mipi_dphy_0_0_clock_module_tx_i/inst/mmcm_clk_in
    MMCME2_ADV_X1Y1      MMCME2_ADV (Prop_mmcme2_adv_CLKIN1_CLKOUT1)
                                                     -3.318     2.436 r  inst_mipi_csi2_tx/inst_mipi_csi2_tx/inst_mipi_csi2_tx_subsyst/inst/mipi_dphy_0/inst/inst/bd_26df_mipi_dphy_0_0_tx_support_i/master_tx.bd_26df_mipi_dphy_0_0_tx_clock_module_support_i/bd_26df_mipi_dphy_0_0_clock_module_tx_i/inst/mmcm_adv_inst/CLKOUT1
                         net (fo=3, routed)           1.025     3.461    inst_mipi_csi2_tx/inst_mipi_csi2_tx/inst_mipi_csi2_tx_subsyst/inst/mipi_dphy_0/inst/inst/bd_26df_mipi_dphy_0_0_tx_support_i/master_tx.bd_26df_mipi_dphy_0_0_tx_clock_module_support_i/serial_clk90
    BUFR_X1Y6            BUFR (Prop_bufr_I_O)         0.982     4.443 r  inst_mipi_csi2_tx/inst_mipi_csi2_tx/inst_mipi_csi2_tx_subsyst/inst/mipi_dphy_0/inst/inst/bd_26df_mipi_dphy_0_0_tx_support_i/master_tx.bd_26df_mipi_dphy_0_0_tx_clock_module_support_i/div_clk90_gen/O
                         net (fo=951, routed)         0.794     5.237    inst_mipi_csi2_tx/inst_mipi_csi2_tx/inst_mipi_csi2_tx_subsyst/inst/mipi_csi2_tx_ctrl_0/inst/clock_cross_fifo/gnuram_async_fifo.xpm_fifo_base_inst/gen_cdc_pntr.wr_pntr_cdc_inst/dest_clk
    SLICE_X48Y77         FDRE                                         r  inst_mipi_csi2_tx/inst_mipi_csi2_tx/inst_mipi_csi2_tx_subsyst/inst/mipi_csi2_tx_ctrl_0/inst/clock_cross_fifo/gnuram_async_fifo.xpm_fifo_base_inst/gen_cdc_pntr.wr_pntr_cdc_inst/dest_graysync_ff_reg[0][0]/C
                         clock pessimism             -0.127     5.110    
    SLICE_X48Y77         FDRE (Hold_fdre_C_D)         0.170     5.280    inst_mipi_csi2_tx/inst_mipi_csi2_tx/inst_mipi_csi2_tx_subsyst/inst/mipi_csi2_tx_ctrl_0/inst/clock_cross_fifo/gnuram_async_fifo.xpm_fifo_base_inst/gen_cdc_pntr.wr_pntr_cdc_inst/dest_graysync_ff_reg[0][0]
  -------------------------------------------------------------------
                         data arrival                           6.176    
                         clock arrival                          5.280    
  -------------------------------------------------------------------
                         relative delay                         0.896    



Id: 3
set_bus_skew -from [get_cells [list {inst_mipi_csi2_tx/inst_mipi_csi2_tx/inst_mipi_csi2_tx_subsyst/inst/mipi_csi2_tx_ctrl_0/inst/clock_cross_fifo/gnuram_async_fifo.xpm_fifo_base_inst/gen_cdc_pntr.wr_pntr_cdc_dc_inst/src_gray_ff_reg[0]} \
          {inst_mipi_csi2_tx/inst_mipi_csi2_tx/inst_mipi_csi2_tx_subsyst/inst/mipi_csi2_tx_ctrl_0/inst/clock_cross_fifo/gnuram_async_fifo.xpm_fifo_base_inst/gen_cdc_pntr.wr_pntr_cdc_dc_inst/src_gray_ff_reg[10]} \
          {inst_mipi_csi2_tx/inst_mipi_csi2_tx/inst_mipi_csi2_tx_subsyst/inst/mipi_csi2_tx_ctrl_0/inst/clock_cross_fifo/gnuram_async_fifo.xpm_fifo_base_inst/gen_cdc_pntr.wr_pntr_cdc_dc_inst/src_gray_ff_reg[11]} \
          {inst_mipi_csi2_tx/inst_mipi_csi2_tx/inst_mipi_csi2_tx_subsyst/inst/mipi_csi2_tx_ctrl_0/inst/clock_cross_fifo/gnuram_async_fifo.xpm_fifo_base_inst/gen_cdc_pntr.wr_pntr_cdc_dc_inst/src_gray_ff_reg[12]} \
          {inst_mipi_csi2_tx/inst_mipi_csi2_tx/inst_mipi_csi2_tx_subsyst/inst/mipi_csi2_tx_ctrl_0/inst/clock_cross_fifo/gnuram_async_fifo.xpm_fifo_base_inst/gen_cdc_pntr.wr_pntr_cdc_dc_inst/src_gray_ff_reg[13]} \
          {inst_mipi_csi2_tx/inst_mipi_csi2_tx/inst_mipi_csi2_tx_subsyst/inst/mipi_csi2_tx_ctrl_0/inst/clock_cross_fifo/gnuram_async_fifo.xpm_fifo_base_inst/gen_cdc_pntr.wr_pntr_cdc_dc_inst/src_gray_ff_reg[1]} \
          {inst_mipi_csi2_tx/inst_mipi_csi2_tx/inst_mipi_csi2_tx_subsyst/inst/mipi_csi2_tx_ctrl_0/inst/clock_cross_fifo/gnuram_async_fifo.xpm_fifo_base_inst/gen_cdc_pntr.wr_pntr_cdc_dc_inst/src_gray_ff_reg[2]} \
          {inst_mipi_csi2_tx/inst_mipi_csi2_tx/inst_mipi_csi2_tx_subsyst/inst/mipi_csi2_tx_ctrl_0/inst/clock_cross_fifo/gnuram_async_fifo.xpm_fifo_base_inst/gen_cdc_pntr.wr_pntr_cdc_dc_inst/src_gray_ff_reg[3]} \
          {inst_mipi_csi2_tx/inst_mipi_csi2_tx/inst_mipi_csi2_tx_subsyst/inst/mipi_csi2_tx_ctrl_0/inst/clock_cross_fifo/gnuram_async_fifo.xpm_fifo_base_inst/gen_cdc_pntr.wr_pntr_cdc_dc_inst/src_gray_ff_reg[4]} \
          {inst_mipi_csi2_tx/inst_mipi_csi2_tx/inst_mipi_csi2_tx_subsyst/inst/mipi_csi2_tx_ctrl_0/inst/clock_cross_fifo/gnuram_async_fifo.xpm_fifo_base_inst/gen_cdc_pntr.wr_pntr_cdc_dc_inst/src_gray_ff_reg[5]} \
          {inst_mipi_csi2_tx/inst_mipi_csi2_tx/inst_mipi_csi2_tx_subsyst/inst/mipi_csi2_tx_ctrl_0/inst/clock_cross_fifo/gnuram_async_fifo.xpm_fifo_base_inst/gen_cdc_pntr.wr_pntr_cdc_dc_inst/src_gray_ff_reg[6]} \
          {inst_mipi_csi2_tx/inst_mipi_csi2_tx/inst_mipi_csi2_tx_subsyst/inst/mipi_csi2_tx_ctrl_0/inst/clock_cross_fifo/gnuram_async_fifo.xpm_fifo_base_inst/gen_cdc_pntr.wr_pntr_cdc_dc_inst/src_gray_ff_reg[7]} \
          {inst_mipi_csi2_tx/inst_mipi_csi2_tx/inst_mipi_csi2_tx_subsyst/inst/mipi_csi2_tx_ctrl_0/inst/clock_cross_fifo/gnuram_async_fifo.xpm_fifo_base_inst/gen_cdc_pntr.wr_pntr_cdc_dc_inst/src_gray_ff_reg[8]} \
          {inst_mipi_csi2_tx/inst_mipi_csi2_tx/inst_mipi_csi2_tx_subsyst/inst/mipi_csi2_tx_ctrl_0/inst/clock_cross_fifo/gnuram_async_fifo.xpm_fifo_base_inst/gen_cdc_pntr.wr_pntr_cdc_dc_inst/src_gray_ff_reg[9]}]] -to [get_cells [list {inst_mipi_csi2_tx/inst_mipi_csi2_tx/inst_mipi_csi2_tx_subsyst/inst/mipi_csi2_tx_ctrl_0/inst/clock_cross_fifo/gnuram_async_fifo.xpm_fifo_base_inst/gen_cdc_pntr.wr_pntr_cdc_dc_inst/dest_graysync_ff_reg[0][0]} \
          {inst_mipi_csi2_tx/inst_mipi_csi2_tx/inst_mipi_csi2_tx_subsyst/inst/mipi_csi2_tx_ctrl_0/inst/clock_cross_fifo/gnuram_async_fifo.xpm_fifo_base_inst/gen_cdc_pntr.wr_pntr_cdc_dc_inst/dest_graysync_ff_reg[0][10]} \
          {inst_mipi_csi2_tx/inst_mipi_csi2_tx/inst_mipi_csi2_tx_subsyst/inst/mipi_csi2_tx_ctrl_0/inst/clock_cross_fifo/gnuram_async_fifo.xpm_fifo_base_inst/gen_cdc_pntr.wr_pntr_cdc_dc_inst/dest_graysync_ff_reg[0][11]} \
          {inst_mipi_csi2_tx/inst_mipi_csi2_tx/inst_mipi_csi2_tx_subsyst/inst/mipi_csi2_tx_ctrl_0/inst/clock_cross_fifo/gnuram_async_fifo.xpm_fifo_base_inst/gen_cdc_pntr.wr_pntr_cdc_dc_inst/dest_graysync_ff_reg[0][12]} \
          {inst_mipi_csi2_tx/inst_mipi_csi2_tx/inst_mipi_csi2_tx_subsyst/inst/mipi_csi2_tx_ctrl_0/inst/clock_cross_fifo/gnuram_async_fifo.xpm_fifo_base_inst/gen_cdc_pntr.wr_pntr_cdc_dc_inst/dest_graysync_ff_reg[0][13]} \
          {inst_mipi_csi2_tx/inst_mipi_csi2_tx/inst_mipi_csi2_tx_subsyst/inst/mipi_csi2_tx_ctrl_0/inst/clock_cross_fifo/gnuram_async_fifo.xpm_fifo_base_inst/gen_cdc_pntr.wr_pntr_cdc_dc_inst/dest_graysync_ff_reg[0][1]} \
          {inst_mipi_csi2_tx/inst_mipi_csi2_tx/inst_mipi_csi2_tx_subsyst/inst/mipi_csi2_tx_ctrl_0/inst/clock_cross_fifo/gnuram_async_fifo.xpm_fifo_base_inst/gen_cdc_pntr.wr_pntr_cdc_dc_inst/dest_graysync_ff_reg[0][2]} \
          {inst_mipi_csi2_tx/inst_mipi_csi2_tx/inst_mipi_csi2_tx_subsyst/inst/mipi_csi2_tx_ctrl_0/inst/clock_cross_fifo/gnuram_async_fifo.xpm_fifo_base_inst/gen_cdc_pntr.wr_pntr_cdc_dc_inst/dest_graysync_ff_reg[0][3]} \
          {inst_mipi_csi2_tx/inst_mipi_csi2_tx/inst_mipi_csi2_tx_subsyst/inst/mipi_csi2_tx_ctrl_0/inst/clock_cross_fifo/gnuram_async_fifo.xpm_fifo_base_inst/gen_cdc_pntr.wr_pntr_cdc_dc_inst/dest_graysync_ff_reg[0][4]} \
          {inst_mipi_csi2_tx/inst_mipi_csi2_tx/inst_mipi_csi2_tx_subsyst/inst/mipi_csi2_tx_ctrl_0/inst/clock_cross_fifo/gnuram_async_fifo.xpm_fifo_base_inst/gen_cdc_pntr.wr_pntr_cdc_dc_inst/dest_graysync_ff_reg[0][5]} \
          {inst_mipi_csi2_tx/inst_mipi_csi2_tx/inst_mipi_csi2_tx_subsyst/inst/mipi_csi2_tx_ctrl_0/inst/clock_cross_fifo/gnuram_async_fifo.xpm_fifo_base_inst/gen_cdc_pntr.wr_pntr_cdc_dc_inst/dest_graysync_ff_reg[0][6]} \
          {inst_mipi_csi2_tx/inst_mipi_csi2_tx/inst_mipi_csi2_tx_subsyst/inst/mipi_csi2_tx_ctrl_0/inst/clock_cross_fifo/gnuram_async_fifo.xpm_fifo_base_inst/gen_cdc_pntr.wr_pntr_cdc_dc_inst/dest_graysync_ff_reg[0][7]} \
          {inst_mipi_csi2_tx/inst_mipi_csi2_tx/inst_mipi_csi2_tx_subsyst/inst/mipi_csi2_tx_ctrl_0/inst/clock_cross_fifo/gnuram_async_fifo.xpm_fifo_base_inst/gen_cdc_pntr.wr_pntr_cdc_dc_inst/dest_graysync_ff_reg[0][8]} \
          {inst_mipi_csi2_tx/inst_mipi_csi2_tx/inst_mipi_csi2_tx_subsyst/inst/mipi_csi2_tx_ctrl_0/inst/clock_cross_fifo/gnuram_async_fifo.xpm_fifo_base_inst/gen_cdc_pntr.wr_pntr_cdc_dc_inst/dest_graysync_ff_reg[0][9]}]] 10.000
Requirement: 10.000ns
Endpoints: 14

From Clock            To Clock              Endpoint Pin                    Reference Pin                   Corner  Actual(ns)  Slack(ns)
--------------------  --------------------  ------------------------------  ------------------------------  ------  ----------  ---------
c0_clk_ctrl_1         div_clk_w_1           inst_mipi_csi2_tx/inst_mipi_csi2_tx/inst_mipi_csi2_tx_subsyst/inst/mipi_csi2_tx_ctrl_0/inst/clock_cross_fifo/gnuram_async_fifo.xpm_fifo_base_inst/gen_cdc_pntr.wr_pntr_cdc_dc_inst/dest_graysync_ff_reg[0][4]/D
                                                                            inst_mipi_csi2_tx/inst_mipi_csi2_tx/inst_mipi_csi2_tx_subsyst/inst/mipi_csi2_tx_ctrl_0/inst/clock_cross_fifo/gnuram_async_fifo.xpm_fifo_base_inst/gen_cdc_pntr.wr_pntr_cdc_dc_inst/dest_graysync_ff_reg[0][8]/D
                                                                                                            Slow         0.927      9.073


Slack (MET) :             9.073ns  (requirement - actual skew)
  Endpoint Source:        inst_mipi_csi2_tx/inst_mipi_csi2_tx/inst_mipi_csi2_tx_subsyst/inst/mipi_csi2_tx_ctrl_0/inst/clock_cross_fifo/gnuram_async_fifo.xpm_fifo_base_inst/gen_cdc_pntr.wr_pntr_cdc_dc_inst/src_gray_ff_reg[4]/C
                            (rising edge-triggered cell FDRE clocked by c0_clk_ctrl_1)
  Endpoint Destination:   inst_mipi_csi2_tx/inst_mipi_csi2_tx/inst_mipi_csi2_tx_subsyst/inst/mipi_csi2_tx_ctrl_0/inst/clock_cross_fifo/gnuram_async_fifo.xpm_fifo_base_inst/gen_cdc_pntr.wr_pntr_cdc_dc_inst/dest_graysync_ff_reg[0][4]/D
                            (rising edge-triggered cell FDRE clocked by div_clk_w_1)
  Reference Source:       inst_mipi_csi2_tx/inst_mipi_csi2_tx/inst_mipi_csi2_tx_subsyst/inst/mipi_csi2_tx_ctrl_0/inst/clock_cross_fifo/gnuram_async_fifo.xpm_fifo_base_inst/gen_cdc_pntr.wr_pntr_cdc_dc_inst/src_gray_ff_reg[8]/C
                            (rising edge-triggered cell FDRE clocked by c0_clk_ctrl_1)
  Reference Destination:  inst_mipi_csi2_tx/inst_mipi_csi2_tx/inst_mipi_csi2_tx_subsyst/inst/mipi_csi2_tx_ctrl_0/inst/clock_cross_fifo/gnuram_async_fifo.xpm_fifo_base_inst/gen_cdc_pntr.wr_pntr_cdc_dc_inst/dest_graysync_ff_reg[0][8]/D
                            (rising edge-triggered cell FDRE clocked by div_clk_w_1)
  Path Type:              Bus Skew (Max at Slow Process Corner)
  Requirement:            10.000ns
  Endpoint Relative Delay:    2.177ns
  Reference Relative Delay:   0.946ns
  Relative CRPR:              0.304ns
  Actual Bus Skew:            0.927ns  (Endpoint Relative Delay - Reference Relative Delay - Relative CRPR)

Endpoint path:
    Location             Delay type                Incr(ns)  Path(ns)    Netlist Resource(s)
  -------------------------------------------------------------------    -------------------
                         (clock c0_clk_ctrl_1 rise edge)
                                                      0.000     0.000 r  
    L3                                                0.000     0.000 r  MCLK_50M_p (IN)
                         net (fo=0)                   0.000     0.000    clk_inst0/inst/clk_in1_p
    L3                   IBUFDS (Prop_ibufds_I_O)     0.965     0.965 r  clk_inst0/inst/clkin1_ibufgds/O
                         net (fo=1, routed)           1.380     2.345    clk_inst0/inst/clk_in1_clk_ctrl
    MMCME2_ADV_X1Y0      MMCME2_ADV (Prop_mmcme2_adv_CLKIN1_CLKOUT0)
                                                      0.089     2.434 r  clk_inst0/inst/mmcm_adv_inst/CLKOUT0
                         net (fo=1, routed)           1.661     4.095    clk_inst0/inst/c0_clk_ctrl
    BUFGCTRL_X0Y2        BUFG (Prop_bufg_I_O)         0.096     4.191 r  clk_inst0/inst/clkout1_buf/O
                         net (fo=12382, routed)       1.542     5.733    inst_mipi_csi2_tx/inst_mipi_csi2_tx/inst_mipi_csi2_tx_subsyst/inst/mipi_csi2_tx_ctrl_0/inst/clock_cross_fifo/gnuram_async_fifo.xpm_fifo_base_inst/gen_cdc_pntr.wr_pntr_cdc_dc_inst/src_clk
    SLICE_X50Y77         FDRE                                         r  inst_mipi_csi2_tx/inst_mipi_csi2_tx/inst_mipi_csi2_tx_subsyst/inst/mipi_csi2_tx_ctrl_0/inst/clock_cross_fifo/gnuram_async_fifo.xpm_fifo_base_inst/gen_cdc_pntr.wr_pntr_cdc_dc_inst/src_gray_ff_reg[4]/C
  -------------------------------------------------------------------    -------------------
    SLICE_X50Y77         FDRE (Prop_fdre_C_Q)         0.518     6.251 r  inst_mipi_csi2_tx/inst_mipi_csi2_tx/inst_mipi_csi2_tx_subsyst/inst/mipi_csi2_tx_ctrl_0/inst/clock_cross_fifo/gnuram_async_fifo.xpm_fifo_base_inst/gen_cdc_pntr.wr_pntr_cdc_dc_inst/src_gray_ff_reg[4]/Q
                         net (fo=1, routed)           0.905     7.156    inst_mipi_csi2_tx/inst_mipi_csi2_tx/inst_mipi_csi2_tx_subsyst/inst/mipi_csi2_tx_ctrl_0/inst/clock_cross_fifo/gnuram_async_fifo.xpm_fifo_base_inst/gen_cdc_pntr.wr_pntr_cdc_dc_inst/async_path[4]
    SLICE_X49Y77         FDRE                                         r  inst_mipi_csi2_tx/inst_mipi_csi2_tx/inst_mipi_csi2_tx_subsyst/inst/mipi_csi2_tx_ctrl_0/inst/clock_cross_fifo/gnuram_async_fifo.xpm_fifo_base_inst/gen_cdc_pntr.wr_pntr_cdc_dc_inst/dest_graysync_ff_reg[0][4]/D
  -------------------------------------------------------------------    -------------------

                         (clock div_clk_w_1 rise edge)
                                                      0.000     0.000 r  
    L3                                                0.000     0.000 r  MCLK_50M_p (IN)
                         net (fo=0)                   0.000     0.000    clk_inst0/inst/clk_in1_p
    L3                   IBUFDS (Prop_ibufds_I_O)     0.921     0.921 r  clk_inst0/inst/clkin1_ibufgds/O
                         net (fo=1, routed)           1.302     2.223    clk_inst0/inst/clk_in1_clk_ctrl
    MMCME2_ADV_X1Y0      MMCME2_ADV (Prop_mmcme2_adv_CLKIN1_CLKOUT2)
                                                      0.084     2.307 r  clk_inst0/inst/mmcm_adv_inst/CLKOUT2
                         net (fo=1, routed)           1.581     3.888    clk_inst0/inst/dphy_clk_clk_ctrl
    BUFGCTRL_X0Y4        BUFG (Prop_bufg_I_O)         0.091     3.979 r  clk_inst0/inst/clkout3_buf/O
                         net (fo=1247, routed)        1.447     5.426    inst_mipi_csi2_tx/inst_mipi_csi2_tx/inst_mipi_csi2_tx_subsyst/inst/mipi_dphy_0/inst/inst/bd_26df_mipi_dphy_0_0_tx_support_i/master_tx.bd_26df_mipi_dphy_0_0_tx_clock_module_support_i/bd_26df_mipi_dphy_0_0_clock_module_tx_i/inst/mmcm_clk_in
    MMCME2_ADV_X1Y1      MMCME2_ADV (Prop_mmcme2_adv_CLKIN1_CLKOUT1)
                                                     -3.116     2.310 r  inst_mipi_csi2_tx/inst_mipi_csi2_tx/inst_mipi_csi2_tx_subsyst/inst/mipi_dphy_0/inst/inst/bd_26df_mipi_dphy_0_0_tx_support_i/master_tx.bd_26df_mipi_dphy_0_0_tx_clock_module_support_i/bd_26df_mipi_dphy_0_0_clock_module_tx_i/inst/mmcm_adv_inst/CLKOUT1
                         net (fo=3, routed)           0.960     3.270    inst_mipi_csi2_tx/inst_mipi_csi2_tx/inst_mipi_csi2_tx_subsyst/inst/mipi_dphy_0/inst/inst/bd_26df_mipi_dphy_0_0_tx_support_i/master_tx.bd_26df_mipi_dphy_0_0_tx_clock_module_support_i/serial_clk90
    BUFR_X1Y6            BUFR (Prop_bufr_I_O)         0.918     4.188 r  inst_mipi_csi2_tx/inst_mipi_csi2_tx/inst_mipi_csi2_tx_subsyst/inst/mipi_dphy_0/inst/inst/bd_26df_mipi_dphy_0_0_tx_support_i/master_tx.bd_26df_mipi_dphy_0_0_tx_clock_module_support_i/div_clk90_gen/O
                         net (fo=951, routed)         0.760     4.948    inst_mipi_csi2_tx/inst_mipi_csi2_tx/inst_mipi_csi2_tx_subsyst/inst/mipi_csi2_tx_ctrl_0/inst/clock_cross_fifo/gnuram_async_fifo.xpm_fifo_base_inst/gen_cdc_pntr.wr_pntr_cdc_dc_inst/dest_clk
    SLICE_X49Y77         FDRE                                         r  inst_mipi_csi2_tx/inst_mipi_csi2_tx/inst_mipi_csi2_tx_subsyst/inst/mipi_csi2_tx_ctrl_0/inst/clock_cross_fifo/gnuram_async_fifo.xpm_fifo_base_inst/gen_cdc_pntr.wr_pntr_cdc_dc_inst/dest_graysync_ff_reg[0][4]/C
                         clock pessimism              0.127     5.075    
    SLICE_X49Y77         FDRE (Setup_fdre_C_D)       -0.095     4.980    inst_mipi_csi2_tx/inst_mipi_csi2_tx/inst_mipi_csi2_tx_subsyst/inst/mipi_csi2_tx_ctrl_0/inst/clock_cross_fifo/gnuram_async_fifo.xpm_fifo_base_inst/gen_cdc_pntr.wr_pntr_cdc_dc_inst/dest_graysync_ff_reg[0][4]
  -------------------------------------------------------------------
                         data arrival                           7.156    
                         clock arrival                          4.980    
  -------------------------------------------------------------------
                         relative delay                         2.177    

Reference path:
    Location             Delay type                Incr(ns)  Path(ns)    Netlist Resource(s)
  -------------------------------------------------------------------    -------------------
                         (clock c0_clk_ctrl_1 rise edge)
                                                      0.000     0.000 r  
    L3                                                0.000     0.000 r  MCLK_50M_p (IN)
                         net (fo=0)                   0.000     0.000    clk_inst0/inst/clk_in1_p
    L3                   IBUFDS (Prop_ibufds_I_O)     0.921     0.921 r  clk_inst0/inst/clkin1_ibufgds/O
                         net (fo=1, routed)           1.302     2.223    clk_inst0/inst/clk_in1_clk_ctrl
    MMCME2_ADV_X1Y0      MMCME2_ADV (Prop_mmcme2_adv_CLKIN1_CLKOUT0)
                                                      0.084     2.307 r  clk_inst0/inst/mmcm_adv_inst/CLKOUT0
                         net (fo=1, routed)           1.581     3.888    clk_inst0/inst/c0_clk_ctrl
    BUFGCTRL_X0Y2        BUFG (Prop_bufg_I_O)         0.091     3.979 r  clk_inst0/inst/clkout1_buf/O
                         net (fo=12382, routed)       1.429     5.408    inst_mipi_csi2_tx/inst_mipi_csi2_tx/inst_mipi_csi2_tx_subsyst/inst/mipi_csi2_tx_ctrl_0/inst/clock_cross_fifo/gnuram_async_fifo.xpm_fifo_base_inst/gen_cdc_pntr.wr_pntr_cdc_dc_inst/src_clk
    SLICE_X48Y78         FDRE                                         r  inst_mipi_csi2_tx/inst_mipi_csi2_tx/inst_mipi_csi2_tx_subsyst/inst/mipi_csi2_tx_ctrl_0/inst/clock_cross_fifo/gnuram_async_fifo.xpm_fifo_base_inst/gen_cdc_pntr.wr_pntr_cdc_dc_inst/src_gray_ff_reg[8]/C
  -------------------------------------------------------------------    -------------------
    SLICE_X48Y78         FDRE (Prop_fdre_C_Q)         0.367     5.775 r  inst_mipi_csi2_tx/inst_mipi_csi2_tx/inst_mipi_csi2_tx_subsyst/inst/mipi_csi2_tx_ctrl_0/inst/clock_cross_fifo/gnuram_async_fifo.xpm_fifo_base_inst/gen_cdc_pntr.wr_pntr_cdc_dc_inst/src_gray_ff_reg[8]/Q
                         net (fo=1, routed)           0.456     6.230    inst_mipi_csi2_tx/inst_mipi_csi2_tx/inst_mipi_csi2_tx_subsyst/inst/mipi_csi2_tx_ctrl_0/inst/clock_cross_fifo/gnuram_async_fifo.xpm_fifo_base_inst/gen_cdc_pntr.wr_pntr_cdc_dc_inst/async_path[8]
    SLICE_X48Y79         FDRE                                         r  inst_mipi_csi2_tx/inst_mipi_csi2_tx/inst_mipi_csi2_tx_subsyst/inst/mipi_csi2_tx_ctrl_0/inst/clock_cross_fifo/gnuram_async_fifo.xpm_fifo_base_inst/gen_cdc_pntr.wr_pntr_cdc_dc_inst/dest_graysync_ff_reg[0][8]/D
  -------------------------------------------------------------------    -------------------

                         (clock div_clk_w_1 rise edge)
                                                      0.000     0.000 r  
    L3                                                0.000     0.000 r  MCLK_50M_p (IN)
                         net (fo=0)                   0.000     0.000    clk_inst0/inst/clk_in1_p
    L3                   IBUFDS (Prop_ibufds_I_O)     0.965     0.965 r  clk_inst0/inst/clkin1_ibufgds/O
                         net (fo=1, routed)           1.380     2.345    clk_inst0/inst/clk_in1_clk_ctrl
    MMCME2_ADV_X1Y0      MMCME2_ADV (Prop_mmcme2_adv_CLKIN1_CLKOUT2)
                                                      0.089     2.434 r  clk_inst0/inst/mmcm_adv_inst/CLKOUT2
                         net (fo=1, routed)           1.661     4.095    clk_inst0/inst/dphy_clk_clk_ctrl
    BUFGCTRL_X0Y4        BUFG (Prop_bufg_I_O)         0.096     4.191 r  clk_inst0/inst/clkout3_buf/O
                         net (fo=1247, routed)        1.563     5.754    inst_mipi_csi2_tx/inst_mipi_csi2_tx/inst_mipi_csi2_tx_subsyst/inst/mipi_dphy_0/inst/inst/bd_26df_mipi_dphy_0_0_tx_support_i/master_tx.bd_26df_mipi_dphy_0_0_tx_clock_module_support_i/bd_26df_mipi_dphy_0_0_clock_module_tx_i/inst/mmcm_clk_in
    MMCME2_ADV_X1Y1      MMCME2_ADV (Prop_mmcme2_adv_CLKIN1_CLKOUT1)
                                                     -3.318     2.436 r  inst_mipi_csi2_tx/inst_mipi_csi2_tx/inst_mipi_csi2_tx_subsyst/inst/mipi_dphy_0/inst/inst/bd_26df_mipi_dphy_0_0_tx_support_i/master_tx.bd_26df_mipi_dphy_0_0_tx_clock_module_support_i/bd_26df_mipi_dphy_0_0_clock_module_tx_i/inst/mmcm_adv_inst/CLKOUT1
                         net (fo=3, routed)           1.025     3.461    inst_mipi_csi2_tx/inst_mipi_csi2_tx/inst_mipi_csi2_tx_subsyst/inst/mipi_dphy_0/inst/inst/bd_26df_mipi_dphy_0_0_tx_support_i/master_tx.bd_26df_mipi_dphy_0_0_tx_clock_module_support_i/serial_clk90
    BUFR_X1Y6            BUFR (Prop_bufr_I_O)         0.982     4.443 r  inst_mipi_csi2_tx/inst_mipi_csi2_tx/inst_mipi_csi2_tx_subsyst/inst/mipi_dphy_0/inst/inst/bd_26df_mipi_dphy_0_0_tx_support_i/master_tx.bd_26df_mipi_dphy_0_0_tx_clock_module_support_i/div_clk90_gen/O
                         net (fo=951, routed)         0.798     5.241    inst_mipi_csi2_tx/inst_mipi_csi2_tx/inst_mipi_csi2_tx_subsyst/inst/mipi_csi2_tx_ctrl_0/inst/clock_cross_fifo/gnuram_async_fifo.xpm_fifo_base_inst/gen_cdc_pntr.wr_pntr_cdc_dc_inst/dest_clk
    SLICE_X48Y79         FDRE                                         r  inst_mipi_csi2_tx/inst_mipi_csi2_tx/inst_mipi_csi2_tx_subsyst/inst/mipi_csi2_tx_ctrl_0/inst/clock_cross_fifo/gnuram_async_fifo.xpm_fifo_base_inst/gen_cdc_pntr.wr_pntr_cdc_dc_inst/dest_graysync_ff_reg[0][8]/C
                         clock pessimism             -0.127     5.114    
    SLICE_X48Y79         FDRE (Hold_fdre_C_D)         0.171     5.285    inst_mipi_csi2_tx/inst_mipi_csi2_tx/inst_mipi_csi2_tx_subsyst/inst/mipi_csi2_tx_ctrl_0/inst/clock_cross_fifo/gnuram_async_fifo.xpm_fifo_base_inst/gen_cdc_pntr.wr_pntr_cdc_dc_inst/dest_graysync_ff_reg[0][8]
  -------------------------------------------------------------------
                         data arrival                           6.230    
                         clock arrival                          5.285    
  -------------------------------------------------------------------
                         relative delay                         0.946    



