Copyright 1986-2022 Xilinx, Inc. All Rights Reserved. Copyright 2022-2024 Advanced Micro Devices, Inc. All Rights Reserved.
---------------------------------------------------------------------------------------------------------------------------------------------
| Tool Version : Vivado v.2024.2 (win64) Build 5239630 Fri Nov 08 22:35:27 MST 2024
| Date         : Thu Jan 15 14:21:01 2026
| Host         : work-dev running 64-bit major release  (build 9200)
| Command      : report_drc -file blue_hd_top_drc_routed.rpt -pb blue_hd_top_drc_routed.pb -rpx blue_hd_top_drc_routed.rpx
| Design       : blue_hd_top
| Device       : xc7a35tfgg484-1
| Speed File   : -1
| Design State : Fully Routed
---------------------------------------------------------------------------------------------------------------------------------------------

Report DRC

Table of Contents
-----------------
1. REPORT SUMMARY
2. REPORT DETAILS

1. REPORT SUMMARY
-----------------
            Netlist: netlist
          Floorplan: design_1
      Design limits: <entire design considered>
           Ruledeck: default
             Max checks: <unlimited>
             Checks found: 124
+-------------+----------+-------------------------------------------------------------+--------+
| Rule        | Severity | Description                                                 | Checks |
+-------------+----------+-------------------------------------------------------------+--------+
| CHECK-3     | Warning  | Report rule limit reached                                   | 1      |
| DPOP-1      | Warning  | PREG Output pipelining                                      | 11     |
| DPOP-2      | Warning  | MREG Output pipelining                                      | 11     |
| PDRC-132    | Warning  | SLICE_PairEqSame_A6A5_WARN                                  | 1      |
| PDRC-134    | Warning  | SLICE_PairEqSame_B6B5_WARN                                  | 4      |
| PDRC-136    | Warning  | SLICE_PairEqSame_C6C5_WARN                                  | 14     |
| PDRC-138    | Warning  | SLICE_PairEqSame_D6D5_WARN                                  | 13     |
| PDRC-142    | Warning  | SLICE_PairEqSame_B6B5_WARN                                  | 2      |
| PDRC-144    | Warning  | SLICE_PairEqSame_C6C5_WARN                                  | 6      |
| PDRC-146    | Warning  | SLICE_PairEqSame_D6D5_WARN                                  | 7      |
| PDRC-153    | Warning  | Gated clock check                                           | 4      |
| PLCK-12     | Warning  | Clock Placer Checks                                         | 10     |
| PLCK-23     | Warning  | Clock Placer Checks                                         | 1      |
| PLHOLDVIO-2 | Warning  | Non-Optimal connections which could lead to hold violations | 1      |
| REQP-1577   | Warning  | Clock output buffering                                      | 1      |
| REQP-1580   | Warning  | Phase alignment                                             | 14     |
| REQP-1840   | Warning  | RAMB18 async control check                                  | 20     |
| RTSTAT-10   | Warning  | No routable loads                                           | 1      |
| REQP-165    | Advisory | writefirst                                                  | 2      |
+-------------+----------+-------------------------------------------------------------+--------+

2. REPORT DETAILS
-----------------
CHECK-3#1 Warning
Report rule limit reached  
REQP-1840 rule limit reached: 20 violations have been found.
Related violations: <none>

DPOP-1#1 Warning
PREG Output pipelining  
DSP inst_mipi_csi2_tx/inst_mipi_csi2_tx/inst_mipi_csi2_tx_subsyst/inst/mipi_dphy_0/inst/inst/bd_26df_mipi_dphy_0_0_tx_support_i/master_tx.dphy_tx_fab_top/gen_tx_clk_lane_7series.u_tx_clk_lane_7series/PREPARE_TIMEOUT1 output inst_mipi_csi2_tx/inst_mipi_csi2_tx/inst_mipi_csi2_tx_subsyst/inst/mipi_dphy_0/inst/inst/bd_26df_mipi_dphy_0_0_tx_support_i/master_tx.dphy_tx_fab_top/gen_tx_clk_lane_7series.u_tx_clk_lane_7series/PREPARE_TIMEOUT1/P[47:0] is not pipelined (PREG=0). Pipelining the DSP48 output will improve performance and often saves power so it is suggested whenever possible to fully pipeline this function.  If this DSP48 function was inferred, it is suggested to describe an additional register stage after this function.  If the DSP48 was instantiated in the design, it is suggested to set the PREG attribute to 1.
Related violations: <none>

DPOP-1#2 Warning
PREG Output pipelining  
DSP inst_mipi_csi2_tx/inst_mipi_csi2_tx/inst_mipi_csi2_tx_subsyst/inst/mipi_dphy_0/inst/inst/bd_26df_mipi_dphy_0_0_tx_support_i/master_tx.dphy_tx_fab_top/gen_tx_clk_lane_7series.u_tx_clk_lane_7series/TRAIL_TIMEOUT1 output inst_mipi_csi2_tx/inst_mipi_csi2_tx/inst_mipi_csi2_tx_subsyst/inst/mipi_dphy_0/inst/inst/bd_26df_mipi_dphy_0_0_tx_support_i/master_tx.dphy_tx_fab_top/gen_tx_clk_lane_7series.u_tx_clk_lane_7series/TRAIL_TIMEOUT1/P[47:0] is not pipelined (PREG=0). Pipelining the DSP48 output will improve performance and often saves power so it is suggested whenever possible to fully pipeline this function.  If this DSP48 function was inferred, it is suggested to describe an additional register stage after this function.  If the DSP48 was instantiated in the design, it is suggested to set the PREG attribute to 1.
Related violations: <none>

DPOP-1#3 Warning
PREG Output pipelining  
DSP inst_mipi_csi2_tx/inst_mipi_csi2_tx/inst_mipi_csi2_tx_subsyst/inst/mipi_dphy_0/inst/inst/bd_26df_mipi_dphy_0_0_tx_support_i/master_tx.dphy_tx_fab_top/gen_tx_data_lane[0].u_tx_data_lane/gen_tx_hs_datapath_7series.u_tx_hs_datapath_7series/TRAIL_TIMEOUT1 output inst_mipi_csi2_tx/inst_mipi_csi2_tx/inst_mipi_csi2_tx_subsyst/inst/mipi_dphy_0/inst/inst/bd_26df_mipi_dphy_0_0_tx_support_i/master_tx.dphy_tx_fab_top/gen_tx_data_lane[0].u_tx_data_lane/gen_tx_hs_datapath_7series.u_tx_hs_datapath_7series/TRAIL_TIMEOUT1/P[47:0] is not pipelined (PREG=0). Pipelining the DSP48 output will improve performance and often saves power so it is suggested whenever possible to fully pipeline this function.  If this DSP48 function was inferred, it is suggested to describe an additional register stage after this function.  If the DSP48 was instantiated in the design, it is suggested to set the PREG attribute to 1.
Related violations: <none>

DPOP-1#4 Warning
PREG Output pipelining  
DSP inst_mipi_csi2_tx/inst_mipi_csi2_tx/inst_mipi_csi2_tx_subsyst/inst/mipi_dphy_0/inst/inst/bd_26df_mipi_dphy_0_0_tx_support_i/master_tx.dphy_tx_fab_top/gen_tx_data_lane[0].u_tx_data_lane/gen_tx_hs_datapath_7series.u_tx_hs_datapath_7series/ZERO_TIMEOUT1 output inst_mipi_csi2_tx/inst_mipi_csi2_tx/inst_mipi_csi2_tx_subsyst/inst/mipi_dphy_0/inst/inst/bd_26df_mipi_dphy_0_0_tx_support_i/master_tx.dphy_tx_fab_top/gen_tx_data_lane[0].u_tx_data_lane/gen_tx_hs_datapath_7series.u_tx_hs_datapath_7series/ZERO_TIMEOUT1/P[47:0] is not pipelined (PREG=0). Pipelining the DSP48 output will improve performance and often saves power so it is suggested whenever possible to fully pipeline this function.  If this DSP48 function was inferred, it is suggested to describe an additional register stage after this function.  If the DSP48 was instantiated in the design, it is suggested to set the PREG attribute to 1.
Related violations: <none>

DPOP-1#5 Warning
PREG Output pipelining  
DSP inst_mipi_csi2_tx/inst_mipi_csi2_tx/inst_mipi_csi2_tx_subsyst/inst/mipi_dphy_0/inst/inst/bd_26df_mipi_dphy_0_0_tx_support_i/master_tx.dphy_tx_fab_top/gen_tx_data_lane[0].u_tx_data_lane/u_tx_data_lane_sm/PREPARE_TIMEOUT1 output inst_mipi_csi2_tx/inst_mipi_csi2_tx/inst_mipi_csi2_tx_subsyst/inst/mipi_dphy_0/inst/inst/bd_26df_mipi_dphy_0_0_tx_support_i/master_tx.dphy_tx_fab_top/gen_tx_data_lane[0].u_tx_data_lane/u_tx_data_lane_sm/PREPARE_TIMEOUT1/P[47:0] is not pipelined (PREG=0). Pipelining the DSP48 output will improve performance and often saves power so it is suggested whenever possible to fully pipeline this function.  If this DSP48 function was inferred, it is suggested to describe an additional register stage after this function.  If the DSP48 was instantiated in the design, it is suggested to set the PREG attribute to 1.
Related violations: <none>

DPOP-1#6 Warning
PREG Output pipelining  
DSP inst_mipi_csi2_tx/inst_mipi_csi2_tx/inst_mipi_csi2_tx_subsyst/inst/mipi_dphy_0/inst/inst/bd_26df_mipi_dphy_0_0_tx_support_i/master_tx.dphy_tx_fab_top/gen_tx_data_lane[1].u_tx_data_lane/gen_tx_hs_datapath_7series.u_tx_hs_datapath_7series/TRAIL_TIMEOUT1 output inst_mipi_csi2_tx/inst_mipi_csi2_tx/inst_mipi_csi2_tx_subsyst/inst/mipi_dphy_0/inst/inst/bd_26df_mipi_dphy_0_0_tx_support_i/master_tx.dphy_tx_fab_top/gen_tx_data_lane[1].u_tx_data_lane/gen_tx_hs_datapath_7series.u_tx_hs_datapath_7series/TRAIL_TIMEOUT1/P[47:0] is not pipelined (PREG=0). Pipelining the DSP48 output will improve performance and often saves power so it is suggested whenever possible to fully pipeline this function.  If this DSP48 function was inferred, it is suggested to describe an additional register stage after this function.  If the DSP48 was instantiated in the design, it is suggested to set the PREG attribute to 1.
Related violations: <none>

DPOP-1#7 Warning
PREG Output pipelining  
DSP inst_mipi_csi2_tx/inst_mipi_csi2_tx/inst_mipi_csi2_tx_subsyst/inst/mipi_dphy_0/inst/inst/bd_26df_mipi_dphy_0_0_tx_support_i/master_tx.dphy_tx_fab_top/gen_tx_data_lane[1].u_tx_data_lane/u_tx_data_lane_sm/PREPARE_TIMEOUT1 output inst_mipi_csi2_tx/inst_mipi_csi2_tx/inst_mipi_csi2_tx_subsyst/inst/mipi_dphy_0/inst/inst/bd_26df_mipi_dphy_0_0_tx_support_i/master_tx.dphy_tx_fab_top/gen_tx_data_lane[1].u_tx_data_lane/u_tx_data_lane_sm/PREPARE_TIMEOUT1/P[47:0] is not pipelined (PREG=0). Pipelining the DSP48 output will improve performance and often saves power so it is suggested whenever possible to fully pipeline this function.  If this DSP48 function was inferred, it is suggested to describe an additional register stage after this function.  If the DSP48 was instantiated in the design, it is suggested to set the PREG attribute to 1.
Related violations: <none>

DPOP-1#8 Warning
PREG Output pipelining  
DSP inst_mipi_csi2_tx/inst_mipi_csi2_tx/inst_mipi_csi2_tx_subsyst/inst/mipi_dphy_0/inst/inst/bd_26df_mipi_dphy_0_0_tx_support_i/master_tx.dphy_tx_fab_top/gen_tx_data_lane[2].u_tx_data_lane/gen_tx_hs_datapath_7series.u_tx_hs_datapath_7series/TRAIL_TIMEOUT1 output inst_mipi_csi2_tx/inst_mipi_csi2_tx/inst_mipi_csi2_tx_subsyst/inst/mipi_dphy_0/inst/inst/bd_26df_mipi_dphy_0_0_tx_support_i/master_tx.dphy_tx_fab_top/gen_tx_data_lane[2].u_tx_data_lane/gen_tx_hs_datapath_7series.u_tx_hs_datapath_7series/TRAIL_TIMEOUT1/P[47:0] is not pipelined (PREG=0). Pipelining the DSP48 output will improve performance and often saves power so it is suggested whenever possible to fully pipeline this function.  If this DSP48 function was inferred, it is suggested to describe an additional register stage after this function.  If the DSP48 was instantiated in the design, it is suggested to set the PREG attribute to 1.
Related violations: <none>

DPOP-1#9 Warning
PREG Output pipelining  
DSP inst_mipi_csi2_tx/inst_mipi_csi2_tx/inst_mipi_csi2_tx_subsyst/inst/mipi_dphy_0/inst/inst/bd_26df_mipi_dphy_0_0_tx_support_i/master_tx.dphy_tx_fab_top/gen_tx_data_lane[2].u_tx_data_lane/u_tx_data_lane_sm/PREPARE_TIMEOUT1 output inst_mipi_csi2_tx/inst_mipi_csi2_tx/inst_mipi_csi2_tx_subsyst/inst/mipi_dphy_0/inst/inst/bd_26df_mipi_dphy_0_0_tx_support_i/master_tx.dphy_tx_fab_top/gen_tx_data_lane[2].u_tx_data_lane/u_tx_data_lane_sm/PREPARE_TIMEOUT1/P[47:0] is not pipelined (PREG=0). Pipelining the DSP48 output will improve performance and often saves power so it is suggested whenever possible to fully pipeline this function.  If this DSP48 function was inferred, it is suggested to describe an additional register stage after this function.  If the DSP48 was instantiated in the design, it is suggested to set the PREG attribute to 1.
Related violations: <none>

DPOP-1#10 Warning
PREG Output pipelining  
DSP inst_mipi_csi2_tx/inst_mipi_csi2_tx/inst_mipi_csi2_tx_subsyst/inst/mipi_dphy_0/inst/inst/bd_26df_mipi_dphy_0_0_tx_support_i/master_tx.dphy_tx_fab_top/gen_tx_data_lane[3].u_tx_data_lane/gen_tx_hs_datapath_7series.u_tx_hs_datapath_7series/TRAIL_TIMEOUT1 output inst_mipi_csi2_tx/inst_mipi_csi2_tx/inst_mipi_csi2_tx_subsyst/inst/mipi_dphy_0/inst/inst/bd_26df_mipi_dphy_0_0_tx_support_i/master_tx.dphy_tx_fab_top/gen_tx_data_lane[3].u_tx_data_lane/gen_tx_hs_datapath_7series.u_tx_hs_datapath_7series/TRAIL_TIMEOUT1/P[47:0] is not pipelined (PREG=0). Pipelining the DSP48 output will improve performance and often saves power so it is suggested whenever possible to fully pipeline this function.  If this DSP48 function was inferred, it is suggested to describe an additional register stage after this function.  If the DSP48 was instantiated in the design, it is suggested to set the PREG attribute to 1.
Related violations: <none>

DPOP-1#11 Warning
PREG Output pipelining  
DSP inst_mipi_csi2_tx/inst_mipi_csi2_tx/inst_mipi_csi2_tx_subsyst/inst/mipi_dphy_0/inst/inst/bd_26df_mipi_dphy_0_0_tx_support_i/master_tx.dphy_tx_fab_top/gen_tx_data_lane[3].u_tx_data_lane/u_tx_data_lane_sm/PREPARE_TIMEOUT1 output inst_mipi_csi2_tx/inst_mipi_csi2_tx/inst_mipi_csi2_tx_subsyst/inst/mipi_dphy_0/inst/inst/bd_26df_mipi_dphy_0_0_tx_support_i/master_tx.dphy_tx_fab_top/gen_tx_data_lane[3].u_tx_data_lane/u_tx_data_lane_sm/PREPARE_TIMEOUT1/P[47:0] is not pipelined (PREG=0). Pipelining the DSP48 output will improve performance and often saves power so it is suggested whenever possible to fully pipeline this function.  If this DSP48 function was inferred, it is suggested to describe an additional register stage after this function.  If the DSP48 was instantiated in the design, it is suggested to set the PREG attribute to 1.
Related violations: <none>

DPOP-2#1 Warning
MREG Output pipelining  
DSP inst_mipi_csi2_tx/inst_mipi_csi2_tx/inst_mipi_csi2_tx_subsyst/inst/mipi_dphy_0/inst/inst/bd_26df_mipi_dphy_0_0_tx_support_i/master_tx.dphy_tx_fab_top/gen_tx_clk_lane_7series.u_tx_clk_lane_7series/PREPARE_TIMEOUT1 multiplier stage inst_mipi_csi2_tx/inst_mipi_csi2_tx/inst_mipi_csi2_tx_subsyst/inst/mipi_dphy_0/inst/inst/bd_26df_mipi_dphy_0_0_tx_support_i/master_tx.dphy_tx_fab_top/gen_tx_clk_lane_7series.u_tx_clk_lane_7series/PREPARE_TIMEOUT1/P[47:0] is not pipelined (MREG=0). Pipelining the multiplier function will improve performance and will save significant power so it is suggested whenever possible to fully pipeline this function.  If this multiplier was inferred, it is suggested to describe an additional register stage after this function.  If there is no registered adder/accumulator following the multiply function, two pipeline stages are suggested to allow both the MREG and PREG registers to be used.  If the DSP48 was instantiated in the design, it is suggested to set both the MREG and PREG attributes to 1 when performing multiply functions.
Related violations: <none>

DPOP-2#2 Warning
MREG Output pipelining  
DSP inst_mipi_csi2_tx/inst_mipi_csi2_tx/inst_mipi_csi2_tx_subsyst/inst/mipi_dphy_0/inst/inst/bd_26df_mipi_dphy_0_0_tx_support_i/master_tx.dphy_tx_fab_top/gen_tx_clk_lane_7series.u_tx_clk_lane_7series/TRAIL_TIMEOUT1 multiplier stage inst_mipi_csi2_tx/inst_mipi_csi2_tx/inst_mipi_csi2_tx_subsyst/inst/mipi_dphy_0/inst/inst/bd_26df_mipi_dphy_0_0_tx_support_i/master_tx.dphy_tx_fab_top/gen_tx_clk_lane_7series.u_tx_clk_lane_7series/TRAIL_TIMEOUT1/P[47:0] is not pipelined (MREG=0). Pipelining the multiplier function will improve performance and will save significant power so it is suggested whenever possible to fully pipeline this function.  If this multiplier was inferred, it is suggested to describe an additional register stage after this function.  If there is no registered adder/accumulator following the multiply function, two pipeline stages are suggested to allow both the MREG and PREG registers to be used.  If the DSP48 was instantiated in the design, it is suggested to set both the MREG and PREG attributes to 1 when performing multiply functions.
Related violations: <none>

DPOP-2#3 Warning
MREG Output pipelining  
DSP inst_mipi_csi2_tx/inst_mipi_csi2_tx/inst_mipi_csi2_tx_subsyst/inst/mipi_dphy_0/inst/inst/bd_26df_mipi_dphy_0_0_tx_support_i/master_tx.dphy_tx_fab_top/gen_tx_data_lane[0].u_tx_data_lane/gen_tx_hs_datapath_7series.u_tx_hs_datapath_7series/TRAIL_TIMEOUT1 multiplier stage inst_mipi_csi2_tx/inst_mipi_csi2_tx/inst_mipi_csi2_tx_subsyst/inst/mipi_dphy_0/inst/inst/bd_26df_mipi_dphy_0_0_tx_support_i/master_tx.dphy_tx_fab_top/gen_tx_data_lane[0].u_tx_data_lane/gen_tx_hs_datapath_7series.u_tx_hs_datapath_7series/TRAIL_TIMEOUT1/P[47:0] is not pipelined (MREG=0). Pipelining the multiplier function will improve performance and will save significant power so it is suggested whenever possible to fully pipeline this function.  If this multiplier was inferred, it is suggested to describe an additional register stage after this function.  If there is no registered adder/accumulator following the multiply function, two pipeline stages are suggested to allow both the MREG and PREG registers to be used.  If the DSP48 was instantiated in the design, it is suggested to set both the MREG and PREG attributes to 1 when performing multiply functions.
Related violations: <none>

DPOP-2#4 Warning
MREG Output pipelining  
DSP inst_mipi_csi2_tx/inst_mipi_csi2_tx/inst_mipi_csi2_tx_subsyst/inst/mipi_dphy_0/inst/inst/bd_26df_mipi_dphy_0_0_tx_support_i/master_tx.dphy_tx_fab_top/gen_tx_data_lane[0].u_tx_data_lane/gen_tx_hs_datapath_7series.u_tx_hs_datapath_7series/ZERO_TIMEOUT1 multiplier stage inst_mipi_csi2_tx/inst_mipi_csi2_tx/inst_mipi_csi2_tx_subsyst/inst/mipi_dphy_0/inst/inst/bd_26df_mipi_dphy_0_0_tx_support_i/master_tx.dphy_tx_fab_top/gen_tx_data_lane[0].u_tx_data_lane/gen_tx_hs_datapath_7series.u_tx_hs_datapath_7series/ZERO_TIMEOUT1/P[47:0] is not pipelined (MREG=0). Pipelining the multiplier function will improve performance and will save significant power so it is suggested whenever possible to fully pipeline this function.  If this multiplier was inferred, it is suggested to describe an additional register stage after this function.  If there is no registered adder/accumulator following the multiply function, two pipeline stages are suggested to allow both the MREG and PREG registers to be used.  If the DSP48 was instantiated in the design, it is suggested to set both the MREG and PREG attributes to 1 when performing multiply functions.
Related violations: <none>

DPOP-2#5 Warning
MREG Output pipelining  
DSP inst_mipi_csi2_tx/inst_mipi_csi2_tx/inst_mipi_csi2_tx_subsyst/inst/mipi_dphy_0/inst/inst/bd_26df_mipi_dphy_0_0_tx_support_i/master_tx.dphy_tx_fab_top/gen_tx_data_lane[0].u_tx_data_lane/u_tx_data_lane_sm/PREPARE_TIMEOUT1 multiplier stage inst_mipi_csi2_tx/inst_mipi_csi2_tx/inst_mipi_csi2_tx_subsyst/inst/mipi_dphy_0/inst/inst/bd_26df_mipi_dphy_0_0_tx_support_i/master_tx.dphy_tx_fab_top/gen_tx_data_lane[0].u_tx_data_lane/u_tx_data_lane_sm/PREPARE_TIMEOUT1/P[47:0] is not pipelined (MREG=0). Pipelining the multiplier function will improve performance and will save significant power so it is suggested whenever possible to fully pipeline this function.  If this multiplier was inferred, it is suggested to describe an additional register stage after this function.  If there is no registered adder/accumulator following the multiply function, two pipeline stages are suggested to allow both the MREG and PREG registers to be used.  If the DSP48 was instantiated in the design, it is suggested to set both the MREG and PREG attributes to 1 when performing multiply functions.
Related violations: <none>

DPOP-2#6 Warning
MREG Output pipelining  
DSP inst_mipi_csi2_tx/inst_mipi_csi2_tx/inst_mipi_csi2_tx_subsyst/inst/mipi_dphy_0/inst/inst/bd_26df_mipi_dphy_0_0_tx_support_i/master_tx.dphy_tx_fab_top/gen_tx_data_lane[1].u_tx_data_lane/gen_tx_hs_datapath_7series.u_tx_hs_datapath_7series/TRAIL_TIMEOUT1 multiplier stage inst_mipi_csi2_tx/inst_mipi_csi2_tx/inst_mipi_csi2_tx_subsyst/inst/mipi_dphy_0/inst/inst/bd_26df_mipi_dphy_0_0_tx_support_i/master_tx.dphy_tx_fab_top/gen_tx_data_lane[1].u_tx_data_lane/gen_tx_hs_datapath_7series.u_tx_hs_datapath_7series/TRAIL_TIMEOUT1/P[47:0] is not pipelined (MREG=0). Pipelining the multiplier function will improve performance and will save significant power so it is suggested whenever possible to fully pipeline this function.  If this multiplier was inferred, it is suggested to describe an additional register stage after this function.  If there is no registered adder/accumulator following the multiply function, two pipeline stages are suggested to allow both the MREG and PREG registers to be used.  If the DSP48 was instantiated in the design, it is suggested to set both the MREG and PREG attributes to 1 when performing multiply functions.
Related violations: <none>

DPOP-2#7 Warning
MREG Output pipelining  
DSP inst_mipi_csi2_tx/inst_mipi_csi2_tx/inst_mipi_csi2_tx_subsyst/inst/mipi_dphy_0/inst/inst/bd_26df_mipi_dphy_0_0_tx_support_i/master_tx.dphy_tx_fab_top/gen_tx_data_lane[1].u_tx_data_lane/u_tx_data_lane_sm/PREPARE_TIMEOUT1 multiplier stage inst_mipi_csi2_tx/inst_mipi_csi2_tx/inst_mipi_csi2_tx_subsyst/inst/mipi_dphy_0/inst/inst/bd_26df_mipi_dphy_0_0_tx_support_i/master_tx.dphy_tx_fab_top/gen_tx_data_lane[1].u_tx_data_lane/u_tx_data_lane_sm/PREPARE_TIMEOUT1/P[47:0] is not pipelined (MREG=0). Pipelining the multiplier function will improve performance and will save significant power so it is suggested whenever possible to fully pipeline this function.  If this multiplier was inferred, it is suggested to describe an additional register stage after this function.  If there is no registered adder/accumulator following the multiply function, two pipeline stages are suggested to allow both the MREG and PREG registers to be used.  If the DSP48 was instantiated in the design, it is suggested to set both the MREG and PREG attributes to 1 when performing multiply functions.
Related violations: <none>

DPOP-2#8 Warning
MREG Output pipelining  
DSP inst_mipi_csi2_tx/inst_mipi_csi2_tx/inst_mipi_csi2_tx_subsyst/inst/mipi_dphy_0/inst/inst/bd_26df_mipi_dphy_0_0_tx_support_i/master_tx.dphy_tx_fab_top/gen_tx_data_lane[2].u_tx_data_lane/gen_tx_hs_datapath_7series.u_tx_hs_datapath_7series/TRAIL_TIMEOUT1 multiplier stage inst_mipi_csi2_tx/inst_mipi_csi2_tx/inst_mipi_csi2_tx_subsyst/inst/mipi_dphy_0/inst/inst/bd_26df_mipi_dphy_0_0_tx_support_i/master_tx.dphy_tx_fab_top/gen_tx_data_lane[2].u_tx_data_lane/gen_tx_hs_datapath_7series.u_tx_hs_datapath_7series/TRAIL_TIMEOUT1/P[47:0] is not pipelined (MREG=0). Pipelining the multiplier function will improve performance and will save significant power so it is suggested whenever possible to fully pipeline this function.  If this multiplier was inferred, it is suggested to describe an additional register stage after this function.  If there is no registered adder/accumulator following the multiply function, two pipeline stages are suggested to allow both the MREG and PREG registers to be used.  If the DSP48 was instantiated in the design, it is suggested to set both the MREG and PREG attributes to 1 when performing multiply functions.
Related violations: <none>

DPOP-2#9 Warning
MREG Output pipelining  
DSP inst_mipi_csi2_tx/inst_mipi_csi2_tx/inst_mipi_csi2_tx_subsyst/inst/mipi_dphy_0/inst/inst/bd_26df_mipi_dphy_0_0_tx_support_i/master_tx.dphy_tx_fab_top/gen_tx_data_lane[2].u_tx_data_lane/u_tx_data_lane_sm/PREPARE_TIMEOUT1 multiplier stage inst_mipi_csi2_tx/inst_mipi_csi2_tx/inst_mipi_csi2_tx_subsyst/inst/mipi_dphy_0/inst/inst/bd_26df_mipi_dphy_0_0_tx_support_i/master_tx.dphy_tx_fab_top/gen_tx_data_lane[2].u_tx_data_lane/u_tx_data_lane_sm/PREPARE_TIMEOUT1/P[47:0] is not pipelined (MREG=0). Pipelining the multiplier function will improve performance and will save significant power so it is suggested whenever possible to fully pipeline this function.  If this multiplier was inferred, it is suggested to describe an additional register stage after this function.  If there is no registered adder/accumulator following the multiply function, two pipeline stages are suggested to allow both the MREG and PREG registers to be used.  If the DSP48 was instantiated in the design, it is suggested to set both the MREG and PREG attributes to 1 when performing multiply functions.
Related violations: <none>

DPOP-2#10 Warning
MREG Output pipelining  
DSP inst_mipi_csi2_tx/inst_mipi_csi2_tx/inst_mipi_csi2_tx_subsyst/inst/mipi_dphy_0/inst/inst/bd_26df_mipi_dphy_0_0_tx_support_i/master_tx.dphy_tx_fab_top/gen_tx_data_lane[3].u_tx_data_lane/gen_tx_hs_datapath_7series.u_tx_hs_datapath_7series/TRAIL_TIMEOUT1 multiplier stage inst_mipi_csi2_tx/inst_mipi_csi2_tx/inst_mipi_csi2_tx_subsyst/inst/mipi_dphy_0/inst/inst/bd_26df_mipi_dphy_0_0_tx_support_i/master_tx.dphy_tx_fab_top/gen_tx_data_lane[3].u_tx_data_lane/gen_tx_hs_datapath_7series.u_tx_hs_datapath_7series/TRAIL_TIMEOUT1/P[47:0] is not pipelined (MREG=0). Pipelining the multiplier function will improve performance and will save significant power so it is suggested whenever possible to fully pipeline this function.  If this multiplier was inferred, it is suggested to describe an additional register stage after this function.  If there is no registered adder/accumulator following the multiply function, two pipeline stages are suggested to allow both the MREG and PREG registers to be used.  If the DSP48 was instantiated in the design, it is suggested to set both the MREG and PREG attributes to 1 when performing multiply functions.
Related violations: <none>

DPOP-2#11 Warning
MREG Output pipelining  
DSP inst_mipi_csi2_tx/inst_mipi_csi2_tx/inst_mipi_csi2_tx_subsyst/inst/mipi_dphy_0/inst/inst/bd_26df_mipi_dphy_0_0_tx_support_i/master_tx.dphy_tx_fab_top/gen_tx_data_lane[3].u_tx_data_lane/u_tx_data_lane_sm/PREPARE_TIMEOUT1 multiplier stage inst_mipi_csi2_tx/inst_mipi_csi2_tx/inst_mipi_csi2_tx_subsyst/inst/mipi_dphy_0/inst/inst/bd_26df_mipi_dphy_0_0_tx_support_i/master_tx.dphy_tx_fab_top/gen_tx_data_lane[3].u_tx_data_lane/u_tx_data_lane_sm/PREPARE_TIMEOUT1/P[47:0] is not pipelined (MREG=0). Pipelining the multiplier function will improve performance and will save significant power so it is suggested whenever possible to fully pipeline this function.  If this multiplier was inferred, it is suggested to describe an additional register stage after this function.  If there is no registered adder/accumulator following the multiply function, two pipeline stages are suggested to allow both the MREG and PREG registers to be used.  If the DSP48 was instantiated in the design, it is suggested to set both the MREG and PREG attributes to 1 when performing multiply functions.
Related violations: <none>

PDRC-132#1 Warning
SLICE_PairEqSame_A6A5_WARN  
Luts A6LUT and A5LUT in use in site SLICE_X55Y50 with different equations without A6 pin connected to Global Logic High.
Related violations: <none>

PDRC-134#1 Warning
SLICE_PairEqSame_B6B5_WARN  
Luts B6LUT and B5LUT in use in site SLICE_X15Y111 with different equations without A6 pin connected to Global Logic High.
Related violations: <none>

PDRC-134#2 Warning
SLICE_PairEqSame_B6B5_WARN  
Luts B6LUT and B5LUT in use in site SLICE_X36Y56 with different equations without A6 pin connected to Global Logic High.
Related violations: <none>

PDRC-134#3 Warning
SLICE_PairEqSame_B6B5_WARN  
Luts B6LUT and B5LUT in use in site SLICE_X51Y126 with different equations without A6 pin connected to Global Logic High.
Related violations: <none>

PDRC-134#4 Warning
SLICE_PairEqSame_B6B5_WARN  
Luts B6LUT and B5LUT in use in site SLICE_X55Y129 with different equations without A6 pin connected to Global Logic High.
Related violations: <none>

PDRC-136#1 Warning
SLICE_PairEqSame_C6C5_WARN  
Luts C6LUT and C5LUT in use in site SLICE_X35Y46 with different equations without A6 pin connected to Global Logic High.
Related violations: <none>

PDRC-136#2 Warning
SLICE_PairEqSame_C6C5_WARN  
Luts C6LUT and C5LUT in use in site SLICE_X36Y56 with different equations without A6 pin connected to Global Logic High.
Related violations: <none>

PDRC-136#3 Warning
SLICE_PairEqSame_C6C5_WARN  
Luts C6LUT and C5LUT in use in site SLICE_X37Y57 with different equations without A6 pin connected to Global Logic High.
Related violations: <none>

PDRC-136#4 Warning
SLICE_PairEqSame_C6C5_WARN  
Luts C6LUT and C5LUT in use in site SLICE_X3Y49 with different equations without A6 pin connected to Global Logic High.
Related violations: <none>

PDRC-136#5 Warning
SLICE_PairEqSame_C6C5_WARN  
Luts C6LUT and C5LUT in use in site SLICE_X3Y51 with different equations without A6 pin connected to Global Logic High.
Related violations: <none>

PDRC-136#6 Warning
SLICE_PairEqSame_C6C5_WARN  
Luts C6LUT and C5LUT in use in site SLICE_X40Y52 with different equations without A6 pin connected to Global Logic High.
Related violations: <none>

PDRC-136#7 Warning
SLICE_PairEqSame_C6C5_WARN  
Luts C6LUT and C5LUT in use in site SLICE_X43Y57 with different equations without A6 pin connected to Global Logic High.
Related violations: <none>

PDRC-136#8 Warning
SLICE_PairEqSame_C6C5_WARN  
Luts C6LUT and C5LUT in use in site SLICE_X4Y50 with different equations without A6 pin connected to Global Logic High.
Related violations: <none>

PDRC-136#9 Warning
SLICE_PairEqSame_C6C5_WARN  
Luts C6LUT and C5LUT in use in site SLICE_X4Y52 with different equations without A6 pin connected to Global Logic High.
Related violations: <none>

PDRC-136#10 Warning
SLICE_PairEqSame_C6C5_WARN  
Luts C6LUT and C5LUT in use in site SLICE_X51Y126 with different equations without A6 pin connected to Global Logic High.
Related violations: <none>

PDRC-136#11 Warning
SLICE_PairEqSame_C6C5_WARN  
Luts C6LUT and C5LUT in use in site SLICE_X5Y49 with different equations without A6 pin connected to Global Logic High.
Related violations: <none>

PDRC-136#12 Warning
SLICE_PairEqSame_C6C5_WARN  
Luts C6LUT and C5LUT in use in site SLICE_X5Y51 with different equations without A6 pin connected to Global Logic High.
Related violations: <none>

PDRC-136#13 Warning
SLICE_PairEqSame_C6C5_WARN  
Luts C6LUT and C5LUT in use in site SLICE_X7Y50 with different equations without A6 pin connected to Global Logic High.
Related violations: <none>

PDRC-136#14 Warning
SLICE_PairEqSame_C6C5_WARN  
Luts C6LUT and C5LUT in use in site SLICE_X7Y52 with different equations without A6 pin connected to Global Logic High.
Related violations: <none>

PDRC-138#1 Warning
SLICE_PairEqSame_D6D5_WARN  
Luts D6LUT and D5LUT in use in site SLICE_X35Y46 with different equations without A6 pin connected to Global Logic High.
Related violations: <none>

PDRC-138#2 Warning
SLICE_PairEqSame_D6D5_WARN  
Luts D6LUT and D5LUT in use in site SLICE_X36Y56 with different equations without A6 pin connected to Global Logic High.
Related violations: <none>

PDRC-138#3 Warning
SLICE_PairEqSame_D6D5_WARN  
Luts D6LUT and D5LUT in use in site SLICE_X3Y49 with different equations without A6 pin connected to Global Logic High.
Related violations: <none>

PDRC-138#4 Warning
SLICE_PairEqSame_D6D5_WARN  
Luts D6LUT and D5LUT in use in site SLICE_X40Y52 with different equations without A6 pin connected to Global Logic High.
Related violations: <none>

PDRC-138#5 Warning
SLICE_PairEqSame_D6D5_WARN  
Luts D6LUT and D5LUT in use in site SLICE_X43Y57 with different equations without A6 pin connected to Global Logic High.
Related violations: <none>

PDRC-138#6 Warning
SLICE_PairEqSame_D6D5_WARN  
Luts D6LUT and D5LUT in use in site SLICE_X44Y79 with different equations without A6 pin connected to Global Logic High.
Related violations: <none>

PDRC-138#7 Warning
SLICE_PairEqSame_D6D5_WARN  
Luts D6LUT and D5LUT in use in site SLICE_X45Y56 with different equations without A6 pin connected to Global Logic High.
Related violations: <none>

PDRC-138#8 Warning
SLICE_PairEqSame_D6D5_WARN  
Luts D6LUT and D5LUT in use in site SLICE_X4Y52 with different equations without A6 pin connected to Global Logic High.
Related violations: <none>

PDRC-138#9 Warning
SLICE_PairEqSame_D6D5_WARN  
Luts D6LUT and D5LUT in use in site SLICE_X55Y60 with different equations without A6 pin connected to Global Logic High.
Related violations: <none>

PDRC-138#10 Warning
SLICE_PairEqSame_D6D5_WARN  
Luts D6LUT and D5LUT in use in site SLICE_X59Y51 with different equations without A6 pin connected to Global Logic High.
Related violations: <none>

PDRC-138#11 Warning
SLICE_PairEqSame_D6D5_WARN  
Luts D6LUT and D5LUT in use in site SLICE_X5Y49 with different equations without A6 pin connected to Global Logic High.
Related violations: <none>

PDRC-138#12 Warning
SLICE_PairEqSame_D6D5_WARN  
Luts D6LUT and D5LUT in use in site SLICE_X61Y92 with different equations without A6 pin connected to Global Logic High.
Related violations: <none>

PDRC-138#13 Warning
SLICE_PairEqSame_D6D5_WARN  
Luts D6LUT and D5LUT in use in site SLICE_X7Y52 with different equations without A6 pin connected to Global Logic High.
Related violations: <none>

PDRC-142#1 Warning
SLICE_PairEqSame_B6B5_WARN  
Luts B6LUT and B5LUT in use in site SLICE_X10Y111 with different equations without A6 pin connected to Global Logic High.
Related violations: <none>

PDRC-142#2 Warning
SLICE_PairEqSame_B6B5_WARN  
Luts B6LUT and B5LUT in use in site SLICE_X42Y59 with different equations without A6 pin connected to Global Logic High.
Related violations: <none>

PDRC-144#1 Warning
SLICE_PairEqSame_C6C5_WARN  
Luts C6LUT and C5LUT in use in site SLICE_X10Y111 with different equations without A6 pin connected to Global Logic High.
Related violations: <none>

PDRC-144#2 Warning
SLICE_PairEqSame_C6C5_WARN  
Luts C6LUT and C5LUT in use in site SLICE_X2Y51 with different equations without A6 pin connected to Global Logic High.
Related violations: <none>

PDRC-144#3 Warning
SLICE_PairEqSame_C6C5_WARN  
Luts C6LUT and C5LUT in use in site SLICE_X42Y59 with different equations without A6 pin connected to Global Logic High.
Related violations: <none>

PDRC-144#4 Warning
SLICE_PairEqSame_C6C5_WARN  
Luts C6LUT and C5LUT in use in site SLICE_X54Y128 with different equations without A6 pin connected to Global Logic High.
Related violations: <none>

PDRC-144#5 Warning
SLICE_PairEqSame_C6C5_WARN  
Luts C6LUT and C5LUT in use in site SLICE_X8Y111 with different equations without A6 pin connected to Global Logic High.
Related violations: <none>

PDRC-144#6 Warning
SLICE_PairEqSame_C6C5_WARN  
Luts C6LUT and C5LUT in use in site SLICE_X8Y53 with different equations without A6 pin connected to Global Logic High.
Related violations: <none>

PDRC-146#1 Warning
SLICE_PairEqSame_D6D5_WARN  
Luts D6LUT and D5LUT in use in site SLICE_X10Y111 with different equations without A6 pin connected to Global Logic High.
Related violations: <none>

PDRC-146#2 Warning
SLICE_PairEqSame_D6D5_WARN  
Luts D6LUT and D5LUT in use in site SLICE_X2Y51 with different equations without A6 pin connected to Global Logic High.
Related violations: <none>

PDRC-146#3 Warning
SLICE_PairEqSame_D6D5_WARN  
Luts D6LUT and D5LUT in use in site SLICE_X42Y59 with different equations without A6 pin connected to Global Logic High.
Related violations: <none>

PDRC-146#4 Warning
SLICE_PairEqSame_D6D5_WARN  
Luts D6LUT and D5LUT in use in site SLICE_X54Y128 with different equations without A6 pin connected to Global Logic High.
Related violations: <none>

PDRC-146#5 Warning
SLICE_PairEqSame_D6D5_WARN  
Luts D6LUT and D5LUT in use in site SLICE_X54Y60 with different equations without A6 pin connected to Global Logic High.
Related violations: <none>

PDRC-146#6 Warning
SLICE_PairEqSame_D6D5_WARN  
Luts D6LUT and D5LUT in use in site SLICE_X8Y111 with different equations without A6 pin connected to Global Logic High.
Related violations: <none>

PDRC-146#7 Warning
SLICE_PairEqSame_D6D5_WARN  
Luts D6LUT and D5LUT in use in site SLICE_X8Y53 with different equations without A6 pin connected to Global Logic High.
Related violations: <none>

PDRC-153#1 Warning
Gated clock check  
Net roic_tg_gen_int/sig_mclk is a gated clock net sourced by a combinational pin roic_tg_gen_int/s_gate_on_i_2/O, cell roic_tg_gen_int/s_gate_on_i_2. This is not good design practice and will likely impact performance. For SLICE registers, for example, use the CE pin to control the loading of data.
Related violations: <none>

PDRC-153#2 Warning
Gated clock check  
Net seq_fsm_inst/s_lut_wr_addr_reg_reg[5]_LDC_i_1_n_0 is a gated clock net sourced by a combinational pin seq_fsm_inst/s_lut_wr_addr_reg_reg[5]_LDC_i_1/O, cell seq_fsm_inst/s_lut_wr_addr_reg_reg[5]_LDC_i_1. This is not good design practice and will likely impact performance. For SLICE registers, for example, use the CE pin to control the loading of data.
Related violations: <none>

PDRC-153#3 Warning
Gated clock check  
Net seq_fsm_inst/s_lut_wr_addr_reg_reg[6]_LDC_i_1_n_0 is a gated clock net sourced by a combinational pin seq_fsm_inst/s_lut_wr_addr_reg_reg[6]_LDC_i_1/O, cell seq_fsm_inst/s_lut_wr_addr_reg_reg[6]_LDC_i_1. This is not good design practice and will likely impact performance. For SLICE registers, for example, use the CE pin to control the loading of data.
Related violations: <none>

PDRC-153#4 Warning
Gated clock check  
Net seq_fsm_inst/s_lut_wr_addr_reg_reg[7]_LDC_i_1_n_0 is a gated clock net sourced by a combinational pin seq_fsm_inst/s_lut_wr_addr_reg_reg[7]_LDC_i_1/O, cell seq_fsm_inst/s_lut_wr_addr_reg_reg[7]_LDC_i_1. This is not good design practice and will likely impact performance. For SLICE registers, for example, use the CE pin to control the loading of data.
Related violations: <none>

PLCK-12#1 Warning
Clock Placer Checks  
Poor placement for routing between an IO pin and BUFG. 
Resolution: Poor placement of an IO pin and a BUFG has resulted in the router using a non-dedicated path between the two.  There are several things that could trigger this DRC, each of which can cause unpredictable clock insertion delays that result in poor timing.  This DRC could be caused by any of the following: (a) a clock port was placed on a pin that is not a CCIO-pin (b)the BUFG has not been placed in the same half of the device or SLR as the CCIO-pin (c) a single ended clock has been placed on the N-Side of a differential pair CCIO-pin.
 This is normally an ERROR but the CLOCK_DEDICATED_ROUTE constraint is set to FALSE allowing your design to continue. The use of this override is highly discouraged as it may lead to very poor timing results. It is recommended that this error condition be corrected in the design.

	gen_ti_roic_top[0].ti_roic_top_inst/bit_clock_gen/adc_fclk_inst (IBUFDS.O) is locked to N20
	fclk_in_reg[0]_i_1 (BUFG.I) is provisionally placed by clockplacer on BUFGCTRL_X0Y31

Related violations: <none>

PLCK-12#2 Warning
Clock Placer Checks  
Poor placement for routing between an IO pin and BUFG. 
Resolution: Poor placement of an IO pin and a BUFG has resulted in the router using a non-dedicated path between the two.  There are several things that could trigger this DRC, each of which can cause unpredictable clock insertion delays that result in poor timing.  This DRC could be caused by any of the following: (a) a clock port was placed on a pin that is not a CCIO-pin (b)the BUFG has not been placed in the same half of the device or SLR as the CCIO-pin (c) a single ended clock has been placed on the N-Side of a differential pair CCIO-pin.
 This is normally an ERROR but the CLOCK_DEDICATED_ROUTE constraint is set to FALSE allowing your design to continue. The use of this override is highly discouraged as it may lead to very poor timing results. It is recommended that this error condition be corrected in the design.

	gen_ti_roic_top[12].ti_roic_top_inst/bit_clock_gen/adc_fclk_inst (IBUFDS.O) is locked to Y8
	fclk_in_reg[0]_i_1__6 (BUFG.I) is provisionally placed by clockplacer on BUFGCTRL_X0Y0

Related violations: <none>

PLCK-12#3 Warning
Clock Placer Checks  
Poor placement for routing between an IO pin and BUFG. 
Resolution: Poor placement of an IO pin and a BUFG has resulted in the router using a non-dedicated path between the two.  There are several things that could trigger this DRC, each of which can cause unpredictable clock insertion delays that result in poor timing.  This DRC could be caused by any of the following: (a) a clock port was placed on a pin that is not a CCIO-pin (b)the BUFG has not been placed in the same half of the device or SLR as the CCIO-pin (c) a single ended clock has been placed on the N-Side of a differential pair CCIO-pin.
 This is normally an ERROR but the CLOCK_DEDICATED_ROUTE constraint is set to FALSE allowing your design to continue. The use of this override is highly discouraged as it may lead to very poor timing results. It is recommended that this error condition be corrected in the design.

	gen_ti_roic_top[13].ti_roic_top_inst/bit_clock_gen/adc_fclk_inst (IBUFDS.O) is locked to AB7
	fclk_in_reg[0]_i_1__8 (BUFG.I) is provisionally placed by clockplacer on BUFGCTRL_X0Y1

Related violations: <none>

PLCK-12#4 Warning
Clock Placer Checks  
Poor placement for routing between an IO pin and BUFG. 
Resolution: Poor placement of an IO pin and a BUFG has resulted in the router using a non-dedicated path between the two.  There are several things that could trigger this DRC, each of which can cause unpredictable clock insertion delays that result in poor timing.  This DRC could be caused by any of the following: (a) a clock port was placed on a pin that is not a CCIO-pin (b)the BUFG has not been placed in the same half of the device or SLR as the CCIO-pin (c) a single ended clock has been placed on the N-Side of a differential pair CCIO-pin.
 This is normally an ERROR but the CLOCK_DEDICATED_ROUTE constraint is set to FALSE allowing your design to continue. The use of this override is highly discouraged as it may lead to very poor timing results. It is recommended that this error condition be corrected in the design.

	gen_ti_roic_top[1].ti_roic_top_inst/bit_clock_gen/adc_fclk_inst (IBUFDS.O) is locked to G17
	fclk_in_reg[0]_i_1__1 (BUFG.I) is provisionally placed by clockplacer on BUFGCTRL_X0Y30

Related violations: <none>

PLCK-12#5 Warning
Clock Placer Checks  
Poor placement for routing between an IO pin and BUFG. 
Resolution: Poor placement of an IO pin and a BUFG has resulted in the router using a non-dedicated path between the two.  There are several things that could trigger this DRC, each of which can cause unpredictable clock insertion delays that result in poor timing.  This DRC could be caused by any of the following: (a) a clock port was placed on a pin that is not a CCIO-pin (b)the BUFG has not been placed in the same half of the device or SLR as the CCIO-pin (c) a single ended clock has been placed on the N-Side of a differential pair CCIO-pin.
 This is normally an ERROR but the CLOCK_DEDICATED_ROUTE constraint is set to FALSE allowing your design to continue. The use of this override is highly discouraged as it may lead to very poor timing results. It is recommended that this error condition be corrected in the design.

	gen_ti_roic_top[2].ti_roic_top_inst/bit_clock_gen/adc_fclk_inst (IBUFDS.O) is locked to M18
	fclk_in_reg[0]_i_1__3 (BUFG.I) is provisionally placed by clockplacer on BUFGCTRL_X0Y27

Related violations: <none>

PLCK-12#6 Warning
Clock Placer Checks  
Poor placement for routing between an IO pin and BUFG. 
Resolution: Poor placement of an IO pin and a BUFG has resulted in the router using a non-dedicated path between the two.  There are several things that could trigger this DRC, each of which can cause unpredictable clock insertion delays that result in poor timing.  This DRC could be caused by any of the following: (a) a clock port was placed on a pin that is not a CCIO-pin (b)the BUFG has not been placed in the same half of the device or SLR as the CCIO-pin (c) a single ended clock has been placed on the N-Side of a differential pair CCIO-pin.
 This is normally an ERROR but the CLOCK_DEDICATED_ROUTE constraint is set to FALSE allowing your design to continue. The use of this override is highly discouraged as it may lead to very poor timing results. It is recommended that this error condition be corrected in the design.

	gen_ti_roic_top[3].ti_roic_top_inst/bit_clock_gen/adc_fclk_inst (IBUFDS.O) is locked to J22
	fclk_in_reg[0]_i_1__5 (BUFG.I) is provisionally placed by clockplacer on BUFGCTRL_X0Y26

Related violations: <none>

PLCK-12#7 Warning
Clock Placer Checks  
Poor placement for routing between an IO pin and BUFG. 
Resolution: Poor placement of an IO pin and a BUFG has resulted in the router using a non-dedicated path between the two.  There are several things that could trigger this DRC, each of which can cause unpredictable clock insertion delays that result in poor timing.  This DRC could be caused by any of the following: (a) a clock port was placed on a pin that is not a CCIO-pin (b)the BUFG has not been placed in the same half of the device or SLR as the CCIO-pin (c) a single ended clock has been placed on the N-Side of a differential pair CCIO-pin.
 This is normally an ERROR but the CLOCK_DEDICATED_ROUTE constraint is set to FALSE allowing your design to continue. The use of this override is highly discouraged as it may lead to very poor timing results. It is recommended that this error condition be corrected in the design.

	gen_ti_roic_top[4].ti_roic_top_inst/bit_clock_gen/adc_fclk_inst (IBUFDS.O) is locked to M15
	fclk_in_reg[0]_i_1__7 (BUFG.I) is provisionally placed by clockplacer on BUFGCTRL_X0Y18

Related violations: <none>

PLCK-12#8 Warning
Clock Placer Checks  
Poor placement for routing between an IO pin and BUFG. 
Resolution: Poor placement of an IO pin and a BUFG has resulted in the router using a non-dedicated path between the two.  There are several things that could trigger this DRC, each of which can cause unpredictable clock insertion delays that result in poor timing.  This DRC could be caused by any of the following: (a) a clock port was placed on a pin that is not a CCIO-pin (b)the BUFG has not been placed in the same half of the device or SLR as the CCIO-pin (c) a single ended clock has been placed on the N-Side of a differential pair CCIO-pin.
 This is normally an ERROR but the CLOCK_DEDICATED_ROUTE constraint is set to FALSE allowing your design to continue. The use of this override is highly discouraged as it may lead to very poor timing results. It is recommended that this error condition be corrected in the design.

	gen_ti_roic_top[5].ti_roic_top_inst/bit_clock_gen/adc_fclk_inst (IBUFDS.O) is locked to H13
	fclk_in_reg[0]_i_1__9 (BUFG.I) is provisionally placed by clockplacer on BUFGCTRL_X0Y25

Related violations: <none>

PLCK-12#9 Warning
Clock Placer Checks  
Poor placement for routing between an IO pin and BUFG. 
Resolution: Poor placement of an IO pin and a BUFG has resulted in the router using a non-dedicated path between the two.  There are several things that could trigger this DRC, each of which can cause unpredictable clock insertion delays that result in poor timing.  This DRC could be caused by any of the following: (a) a clock port was placed on a pin that is not a CCIO-pin (b)the BUFG has not been placed in the same half of the device or SLR as the CCIO-pin (c) a single ended clock has been placed on the N-Side of a differential pair CCIO-pin.
 This is normally an ERROR but the CLOCK_DEDICATED_ROUTE constraint is set to FALSE allowing your design to continue. The use of this override is highly discouraged as it may lead to very poor timing results. It is recommended that this error condition be corrected in the design.

	gen_ti_roic_top[6].ti_roic_top_inst/bit_clock_gen/adc_fclk_inst (IBUFDS.O) is locked to K17
	fclk_in_reg[0]_i_1__2 (BUFG.I) is provisionally placed by clockplacer on BUFGCTRL_X0Y28

Related violations: <none>

PLCK-12#10 Warning
Clock Placer Checks  
Poor placement for routing between an IO pin and BUFG. 
Resolution: Poor placement of an IO pin and a BUFG has resulted in the router using a non-dedicated path between the two.  There are several things that could trigger this DRC, each of which can cause unpredictable clock insertion delays that result in poor timing.  This DRC could be caused by any of the following: (a) a clock port was placed on a pin that is not a CCIO-pin (b)the BUFG has not been placed in the same half of the device or SLR as the CCIO-pin (c) a single ended clock has been placed on the N-Side of a differential pair CCIO-pin.
 This is normally an ERROR but the CLOCK_DEDICATED_ROUTE constraint is set to FALSE allowing your design to continue. The use of this override is highly discouraged as it may lead to very poor timing results. It is recommended that this error condition be corrected in the design.

	gen_ti_roic_top[8].ti_roic_top_inst/bit_clock_gen/adc_fclk_inst (IBUFDS.O) is locked to F13
	fclk_in_reg[0]_i_1__10 (BUFG.I) is provisionally placed by clockplacer on BUFGCTRL_X0Y29

Related violations: <none>

PLCK-23#1 Warning
Clock Placer Checks  
Sub-optimal placement for a clock-capable IO pin and MMCM pair. 
Resolution: A dedicated routing path between the two can be used if: (a) The clock-capable IO (CCIO) is placed on a CCIO capable site (b) The MMCM is placed in the same clock region as the CCIO pin. If the IOB is driving multiple MMCMs, all MMCMs must be placed in the same clock region, one clock region above or one clock region below the IOB. Both the above conditions must be met at the same time, else it may lead to longer and less predictable clock insertion delays.
 This is normally an ERROR but the CLOCK_DEDICATED_ROUTE constraint is set to FALSE allowing your design to continue. The use of this override is highly discouraged as it may lead to very poor timing results. It is recommended that this error condition be corrected in the design.

	clk_inst0/inst/clkin1_ibufgds (IBUFDS.O) is locked to L3
	clk_inst0/inst/mmcm_adv_inst (MMCME2_ADV.CLKIN1) is provisionally placed by clockplacer on MMCME2_ADV_X1Y0

Related violations: <none>

PLHOLDVIO-2#1 Warning
Non-Optimal connections which could lead to hold violations  
A LUT roic_tg_gen_int/s_gate_on_i_2 is driving clock pin of 13 cells. This could lead to large hold time violations. Involved cells are:
roic_tg_gen_int/DF_SM0_reg, roic_tg_gen_int/DF_SM1_reg,
roic_tg_gen_int/DF_SM2_reg, roic_tg_gen_int/DF_SM3_reg,
roic_tg_gen_int/DF_SM4_reg, roic_tg_gen_int/DF_SM5_reg,
roic_tg_gen_int/IRST_reg, roic_tg_gen_int/LPF1_reg,
roic_tg_gen_int/LPF2_reg, roic_tg_gen_int/SHR_reg, roic_tg_gen_int/SHS_reg,
roic_tg_gen_int/TDEF_reg, roic_tg_gen_int/s_gate_on_reg
Related violations: <none>

REQP-1577#1 Warning
Clock output buffering  
MMCME2_ADV connectivity violation. The signal inst_mipi_csi2_tx/inst_mipi_csi2_tx/inst_mipi_csi2_tx_subsyst/inst/mipi_dphy_0/inst/inst/bd_26df_mipi_dphy_0_0_tx_support_i/master_tx.bd_26df_mipi_dphy_0_0_tx_clock_module_support_i/bd_26df_mipi_dphy_0_0_clock_module_tx_i/inst/mmcm_clk_out1 on the inst_mipi_csi2_tx/inst_mipi_csi2_tx/inst_mipi_csi2_tx_subsyst/inst/mipi_dphy_0/inst/inst/bd_26df_mipi_dphy_0_0_tx_support_i/master_tx.bd_26df_mipi_dphy_0_0_tx_clock_module_support_i/bd_26df_mipi_dphy_0_0_clock_module_tx_i/inst/mmcm_adv_inst/CLKOUT1 pin of inst_mipi_csi2_tx/inst_mipi_csi2_tx/inst_mipi_csi2_tx_subsyst/inst/mipi_dphy_0/inst/inst/bd_26df_mipi_dphy_0_0_tx_support_i/master_tx.bd_26df_mipi_dphy_0_0_tx_clock_module_support_i/bd_26df_mipi_dphy_0_0_clock_module_tx_i/inst/mmcm_adv_inst does not drive the same kind of BUFFER load as the other CLKOUT pins. Routing from the different buffer types will not be phase aligned.
Related violations: <none>

REQP-1580#1 Warning
Phase alignment  
Unsupported clocking topology used for ISERDESE2 gen_ti_roic_top[0].ti_roic_top_inst/deserializer/iserdese2_master. This can result in corrupted data. The gen_ti_roic_top[0].ti_roic_top_inst/deserializer/iserdese2_master/CLK / gen_ti_roic_top[0].ti_roic_top_inst/deserializer/iserdese2_master/CLKDIV pins should be driven by the same source through the same buffer type or by a BUFIO / BUFR combination in order to have a proper phase relationship. Please refer to the Select I/O User Guide for supported clocking topologies of the chosen INTERFACE_TYPE mode.
Related violations: <none>

REQP-1580#2 Warning
Phase alignment  
Unsupported clocking topology used for ISERDESE2 gen_ti_roic_top[10].ti_roic_top_inst/deserializer/iserdese2_master. This can result in corrupted data. The gen_ti_roic_top[10].ti_roic_top_inst/deserializer/iserdese2_master/CLK / gen_ti_roic_top[10].ti_roic_top_inst/deserializer/iserdese2_master/CLKDIV pins should be driven by the same source through the same buffer type or by a BUFIO / BUFR combination in order to have a proper phase relationship. Please refer to the Select I/O User Guide for supported clocking topologies of the chosen INTERFACE_TYPE mode.
Related violations: <none>

REQP-1580#3 Warning
Phase alignment  
Unsupported clocking topology used for ISERDESE2 gen_ti_roic_top[11].ti_roic_top_inst/deserializer/iserdese2_master. This can result in corrupted data. The gen_ti_roic_top[11].ti_roic_top_inst/deserializer/iserdese2_master/CLK / gen_ti_roic_top[11].ti_roic_top_inst/deserializer/iserdese2_master/CLKDIV pins should be driven by the same source through the same buffer type or by a BUFIO / BUFR combination in order to have a proper phase relationship. Please refer to the Select I/O User Guide for supported clocking topologies of the chosen INTERFACE_TYPE mode.
Related violations: <none>

REQP-1580#4 Warning
Phase alignment  
Unsupported clocking topology used for ISERDESE2 gen_ti_roic_top[12].ti_roic_top_inst/deserializer/iserdese2_master. This can result in corrupted data. The gen_ti_roic_top[12].ti_roic_top_inst/deserializer/iserdese2_master/CLK / gen_ti_roic_top[12].ti_roic_top_inst/deserializer/iserdese2_master/CLKDIV pins should be driven by the same source through the same buffer type or by a BUFIO / BUFR combination in order to have a proper phase relationship. Please refer to the Select I/O User Guide for supported clocking topologies of the chosen INTERFACE_TYPE mode.
Related violations: <none>

REQP-1580#5 Warning
Phase alignment  
Unsupported clocking topology used for ISERDESE2 gen_ti_roic_top[13].ti_roic_top_inst/deserializer/iserdese2_master. This can result in corrupted data. The gen_ti_roic_top[13].ti_roic_top_inst/deserializer/iserdese2_master/CLK / gen_ti_roic_top[13].ti_roic_top_inst/deserializer/iserdese2_master/CLKDIV pins should be driven by the same source through the same buffer type or by a BUFIO / BUFR combination in order to have a proper phase relationship. Please refer to the Select I/O User Guide for supported clocking topologies of the chosen INTERFACE_TYPE mode.
Related violations: <none>

REQP-1580#6 Warning
Phase alignment  
Unsupported clocking topology used for ISERDESE2 gen_ti_roic_top[1].ti_roic_top_inst/deserializer/iserdese2_master. This can result in corrupted data. The gen_ti_roic_top[1].ti_roic_top_inst/deserializer/iserdese2_master/CLK / gen_ti_roic_top[1].ti_roic_top_inst/deserializer/iserdese2_master/CLKDIV pins should be driven by the same source through the same buffer type or by a BUFIO / BUFR combination in order to have a proper phase relationship. Please refer to the Select I/O User Guide for supported clocking topologies of the chosen INTERFACE_TYPE mode.
Related violations: <none>

REQP-1580#7 Warning
Phase alignment  
Unsupported clocking topology used for ISERDESE2 gen_ti_roic_top[2].ti_roic_top_inst/deserializer/iserdese2_master. This can result in corrupted data. The gen_ti_roic_top[2].ti_roic_top_inst/deserializer/iserdese2_master/CLK / gen_ti_roic_top[2].ti_roic_top_inst/deserializer/iserdese2_master/CLKDIV pins should be driven by the same source through the same buffer type or by a BUFIO / BUFR combination in order to have a proper phase relationship. Please refer to the Select I/O User Guide for supported clocking topologies of the chosen INTERFACE_TYPE mode.
Related violations: <none>

REQP-1580#8 Warning
Phase alignment  
Unsupported clocking topology used for ISERDESE2 gen_ti_roic_top[3].ti_roic_top_inst/deserializer/iserdese2_master. This can result in corrupted data. The gen_ti_roic_top[3].ti_roic_top_inst/deserializer/iserdese2_master/CLK / gen_ti_roic_top[3].ti_roic_top_inst/deserializer/iserdese2_master/CLKDIV pins should be driven by the same source through the same buffer type or by a BUFIO / BUFR combination in order to have a proper phase relationship. Please refer to the Select I/O User Guide for supported clocking topologies of the chosen INTERFACE_TYPE mode.
Related violations: <none>

REQP-1580#9 Warning
Phase alignment  
Unsupported clocking topology used for ISERDESE2 gen_ti_roic_top[4].ti_roic_top_inst/deserializer/iserdese2_master. This can result in corrupted data. The gen_ti_roic_top[4].ti_roic_top_inst/deserializer/iserdese2_master/CLK / gen_ti_roic_top[4].ti_roic_top_inst/deserializer/iserdese2_master/CLKDIV pins should be driven by the same source through the same buffer type or by a BUFIO / BUFR combination in order to have a proper phase relationship. Please refer to the Select I/O User Guide for supported clocking topologies of the chosen INTERFACE_TYPE mode.
Related violations: <none>

REQP-1580#10 Warning
Phase alignment  
Unsupported clocking topology used for ISERDESE2 gen_ti_roic_top[5].ti_roic_top_inst/deserializer/iserdese2_master. This can result in corrupted data. The gen_ti_roic_top[5].ti_roic_top_inst/deserializer/iserdese2_master/CLK / gen_ti_roic_top[5].ti_roic_top_inst/deserializer/iserdese2_master/CLKDIV pins should be driven by the same source through the same buffer type or by a BUFIO / BUFR combination in order to have a proper phase relationship. Please refer to the Select I/O User Guide for supported clocking topologies of the chosen INTERFACE_TYPE mode.
Related violations: <none>

REQP-1580#11 Warning
Phase alignment  
Unsupported clocking topology used for ISERDESE2 gen_ti_roic_top[6].ti_roic_top_inst/deserializer/iserdese2_master. This can result in corrupted data. The gen_ti_roic_top[6].ti_roic_top_inst/deserializer/iserdese2_master/CLK / gen_ti_roic_top[6].ti_roic_top_inst/deserializer/iserdese2_master/CLKDIV pins should be driven by the same source through the same buffer type or by a BUFIO / BUFR combination in order to have a proper phase relationship. Please refer to the Select I/O User Guide for supported clocking topologies of the chosen INTERFACE_TYPE mode.
Related violations: <none>

REQP-1580#12 Warning
Phase alignment  
Unsupported clocking topology used for ISERDESE2 gen_ti_roic_top[7].ti_roic_top_inst/deserializer/iserdese2_master. This can result in corrupted data. The gen_ti_roic_top[7].ti_roic_top_inst/deserializer/iserdese2_master/CLK / gen_ti_roic_top[7].ti_roic_top_inst/deserializer/iserdese2_master/CLKDIV pins should be driven by the same source through the same buffer type or by a BUFIO / BUFR combination in order to have a proper phase relationship. Please refer to the Select I/O User Guide for supported clocking topologies of the chosen INTERFACE_TYPE mode.
Related violations: <none>

REQP-1580#13 Warning
Phase alignment  
Unsupported clocking topology used for ISERDESE2 gen_ti_roic_top[8].ti_roic_top_inst/deserializer/iserdese2_master. This can result in corrupted data. The gen_ti_roic_top[8].ti_roic_top_inst/deserializer/iserdese2_master/CLK / gen_ti_roic_top[8].ti_roic_top_inst/deserializer/iserdese2_master/CLKDIV pins should be driven by the same source through the same buffer type or by a BUFIO / BUFR combination in order to have a proper phase relationship. Please refer to the Select I/O User Guide for supported clocking topologies of the chosen INTERFACE_TYPE mode.
Related violations: <none>

REQP-1580#14 Warning
Phase alignment  
Unsupported clocking topology used for ISERDESE2 gen_ti_roic_top[9].ti_roic_top_inst/deserializer/iserdese2_master. This can result in corrupted data. The gen_ti_roic_top[9].ti_roic_top_inst/deserializer/iserdese2_master/CLK / gen_ti_roic_top[9].ti_roic_top_inst/deserializer/iserdese2_master/CLKDIV pins should be driven by the same source through the same buffer type or by a BUFIO / BUFR combination in order to have a proper phase relationship. Please refer to the Select I/O User Guide for supported clocking topologies of the chosen INTERFACE_TYPE mode.
Related violations: <none>

REQP-1840#1 Warning
RAMB18 async control check  
The RAMB18E1 gen_ti_roic_top[0].ti_roic_top_inst/data_reorder/even_ram_inst/U0/inst_blk_mem_gen/gnbram.gnativebmg.native_blk_mem_gen/valid.cstr/ramloop[0].ram.r/prim_noinit.ram/DEVICE_7SERIES.NO_BMM_INFO.SDP.WIDE_PRIM18.ram has an input control pin gen_ti_roic_top[0].ti_roic_top_inst/data_reorder/even_ram_inst/U0/inst_blk_mem_gen/gnbram.gnativebmg.native_blk_mem_gen/valid.cstr/ramloop[0].ram.r/prim_noinit.ram/DEVICE_7SERIES.NO_BMM_INFO.SDP.WIDE_PRIM18.ram/ADDRARDADDR[10] (net: gen_ti_roic_top[0].ti_roic_top_inst/data_reorder/even_ram_inst/U0/inst_blk_mem_gen/gnbram.gnativebmg.native_blk_mem_gen/valid.cstr/ramloop[0].ram.r/prim_noinit.ram/addrb[5]) which is driven by a register (gen_ti_roic_top[0].ti_roic_top_inst/data_reorder/rd_addr_reg[5]) that has an active asychronous set or reset. This may cause corruption of the memory contents and/or read values when the set/reset is asserted and is not analyzed by the default static timing analysis. It is suggested to eliminate the use of a set/reset to registers driving this RAMB pin or else use a synchronous reset in which the assertion of the reset is timed by default.
Related violations: <none>

REQP-1840#2 Warning
RAMB18 async control check  
The RAMB18E1 gen_ti_roic_top[0].ti_roic_top_inst/data_reorder/even_ram_inst/U0/inst_blk_mem_gen/gnbram.gnativebmg.native_blk_mem_gen/valid.cstr/ramloop[0].ram.r/prim_noinit.ram/DEVICE_7SERIES.NO_BMM_INFO.SDP.WIDE_PRIM18.ram has an input control pin gen_ti_roic_top[0].ti_roic_top_inst/data_reorder/even_ram_inst/U0/inst_blk_mem_gen/gnbram.gnativebmg.native_blk_mem_gen/valid.cstr/ramloop[0].ram.r/prim_noinit.ram/DEVICE_7SERIES.NO_BMM_INFO.SDP.WIDE_PRIM18.ram/ADDRARDADDR[11] (net: gen_ti_roic_top[0].ti_roic_top_inst/data_reorder/even_ram_inst/U0/inst_blk_mem_gen/gnbram.gnativebmg.native_blk_mem_gen/valid.cstr/ramloop[0].ram.r/prim_noinit.ram/addrb[6]) which is driven by a register (gen_ti_roic_top[0].ti_roic_top_inst/data_reorder/rd_addr_reg[6]) that has an active asychronous set or reset. This may cause corruption of the memory contents and/or read values when the set/reset is asserted and is not analyzed by the default static timing analysis. It is suggested to eliminate the use of a set/reset to registers driving this RAMB pin or else use a synchronous reset in which the assertion of the reset is timed by default.
Related violations: <none>

REQP-1840#3 Warning
RAMB18 async control check  
The RAMB18E1 gen_ti_roic_top[0].ti_roic_top_inst/data_reorder/even_ram_inst/U0/inst_blk_mem_gen/gnbram.gnativebmg.native_blk_mem_gen/valid.cstr/ramloop[0].ram.r/prim_noinit.ram/DEVICE_7SERIES.NO_BMM_INFO.SDP.WIDE_PRIM18.ram has an input control pin gen_ti_roic_top[0].ti_roic_top_inst/data_reorder/even_ram_inst/U0/inst_blk_mem_gen/gnbram.gnativebmg.native_blk_mem_gen/valid.cstr/ramloop[0].ram.r/prim_noinit.ram/DEVICE_7SERIES.NO_BMM_INFO.SDP.WIDE_PRIM18.ram/ADDRARDADDR[12] (net: gen_ti_roic_top[0].ti_roic_top_inst/data_reorder/even_ram_inst/U0/inst_blk_mem_gen/gnbram.gnativebmg.native_blk_mem_gen/valid.cstr/ramloop[0].ram.r/prim_noinit.ram/addrb[7]) which is driven by a register (gen_ti_roic_top[0].ti_roic_top_inst/data_reorder/rd_addr_reg[7]) that has an active asychronous set or reset. This may cause corruption of the memory contents and/or read values when the set/reset is asserted and is not analyzed by the default static timing analysis. It is suggested to eliminate the use of a set/reset to registers driving this RAMB pin or else use a synchronous reset in which the assertion of the reset is timed by default.
Related violations: <none>

REQP-1840#4 Warning
RAMB18 async control check  
The RAMB18E1 gen_ti_roic_top[0].ti_roic_top_inst/data_reorder/even_ram_inst/U0/inst_blk_mem_gen/gnbram.gnativebmg.native_blk_mem_gen/valid.cstr/ramloop[0].ram.r/prim_noinit.ram/DEVICE_7SERIES.NO_BMM_INFO.SDP.WIDE_PRIM18.ram has an input control pin gen_ti_roic_top[0].ti_roic_top_inst/data_reorder/even_ram_inst/U0/inst_blk_mem_gen/gnbram.gnativebmg.native_blk_mem_gen/valid.cstr/ramloop[0].ram.r/prim_noinit.ram/DEVICE_7SERIES.NO_BMM_INFO.SDP.WIDE_PRIM18.ram/ADDRARDADDR[5] (net: gen_ti_roic_top[0].ti_roic_top_inst/data_reorder/even_ram_inst/U0/inst_blk_mem_gen/gnbram.gnativebmg.native_blk_mem_gen/valid.cstr/ramloop[0].ram.r/prim_noinit.ram/addrb[0]) which is driven by a register (gen_ti_roic_top[0].ti_roic_top_inst/data_reorder/rd_addr_reg[0]) that has an active asychronous set or reset. This may cause corruption of the memory contents and/or read values when the set/reset is asserted and is not analyzed by the default static timing analysis. It is suggested to eliminate the use of a set/reset to registers driving this RAMB pin or else use a synchronous reset in which the assertion of the reset is timed by default.
Related violations: <none>

REQP-1840#5 Warning
RAMB18 async control check  
The RAMB18E1 gen_ti_roic_top[0].ti_roic_top_inst/data_reorder/even_ram_inst/U0/inst_blk_mem_gen/gnbram.gnativebmg.native_blk_mem_gen/valid.cstr/ramloop[0].ram.r/prim_noinit.ram/DEVICE_7SERIES.NO_BMM_INFO.SDP.WIDE_PRIM18.ram has an input control pin gen_ti_roic_top[0].ti_roic_top_inst/data_reorder/even_ram_inst/U0/inst_blk_mem_gen/gnbram.gnativebmg.native_blk_mem_gen/valid.cstr/ramloop[0].ram.r/prim_noinit.ram/DEVICE_7SERIES.NO_BMM_INFO.SDP.WIDE_PRIM18.ram/ADDRARDADDR[6] (net: gen_ti_roic_top[0].ti_roic_top_inst/data_reorder/even_ram_inst/U0/inst_blk_mem_gen/gnbram.gnativebmg.native_blk_mem_gen/valid.cstr/ramloop[0].ram.r/prim_noinit.ram/addrb[1]) which is driven by a register (gen_ti_roic_top[0].ti_roic_top_inst/data_reorder/rd_addr_reg[1]) that has an active asychronous set or reset. This may cause corruption of the memory contents and/or read values when the set/reset is asserted and is not analyzed by the default static timing analysis. It is suggested to eliminate the use of a set/reset to registers driving this RAMB pin or else use a synchronous reset in which the assertion of the reset is timed by default.
Related violations: <none>

REQP-1840#6 Warning
RAMB18 async control check  
The RAMB18E1 gen_ti_roic_top[0].ti_roic_top_inst/data_reorder/even_ram_inst/U0/inst_blk_mem_gen/gnbram.gnativebmg.native_blk_mem_gen/valid.cstr/ramloop[0].ram.r/prim_noinit.ram/DEVICE_7SERIES.NO_BMM_INFO.SDP.WIDE_PRIM18.ram has an input control pin gen_ti_roic_top[0].ti_roic_top_inst/data_reorder/even_ram_inst/U0/inst_blk_mem_gen/gnbram.gnativebmg.native_blk_mem_gen/valid.cstr/ramloop[0].ram.r/prim_noinit.ram/DEVICE_7SERIES.NO_BMM_INFO.SDP.WIDE_PRIM18.ram/ADDRARDADDR[7] (net: gen_ti_roic_top[0].ti_roic_top_inst/data_reorder/even_ram_inst/U0/inst_blk_mem_gen/gnbram.gnativebmg.native_blk_mem_gen/valid.cstr/ramloop[0].ram.r/prim_noinit.ram/addrb[2]) which is driven by a register (gen_ti_roic_top[0].ti_roic_top_inst/data_reorder/rd_addr_reg[2]) that has an active asychronous set or reset. This may cause corruption of the memory contents and/or read values when the set/reset is asserted and is not analyzed by the default static timing analysis. It is suggested to eliminate the use of a set/reset to registers driving this RAMB pin or else use a synchronous reset in which the assertion of the reset is timed by default.
Related violations: <none>

REQP-1840#7 Warning
RAMB18 async control check  
The RAMB18E1 gen_ti_roic_top[0].ti_roic_top_inst/data_reorder/even_ram_inst/U0/inst_blk_mem_gen/gnbram.gnativebmg.native_blk_mem_gen/valid.cstr/ramloop[0].ram.r/prim_noinit.ram/DEVICE_7SERIES.NO_BMM_INFO.SDP.WIDE_PRIM18.ram has an input control pin gen_ti_roic_top[0].ti_roic_top_inst/data_reorder/even_ram_inst/U0/inst_blk_mem_gen/gnbram.gnativebmg.native_blk_mem_gen/valid.cstr/ramloop[0].ram.r/prim_noinit.ram/DEVICE_7SERIES.NO_BMM_INFO.SDP.WIDE_PRIM18.ram/ADDRARDADDR[8] (net: gen_ti_roic_top[0].ti_roic_top_inst/data_reorder/even_ram_inst/U0/inst_blk_mem_gen/gnbram.gnativebmg.native_blk_mem_gen/valid.cstr/ramloop[0].ram.r/prim_noinit.ram/addrb[3]) which is driven by a register (gen_ti_roic_top[0].ti_roic_top_inst/data_reorder/rd_addr_reg[3]) that has an active asychronous set or reset. This may cause corruption of the memory contents and/or read values when the set/reset is asserted and is not analyzed by the default static timing analysis. It is suggested to eliminate the use of a set/reset to registers driving this RAMB pin or else use a synchronous reset in which the assertion of the reset is timed by default.
Related violations: <none>

REQP-1840#8 Warning
RAMB18 async control check  
The RAMB18E1 gen_ti_roic_top[0].ti_roic_top_inst/data_reorder/even_ram_inst/U0/inst_blk_mem_gen/gnbram.gnativebmg.native_blk_mem_gen/valid.cstr/ramloop[0].ram.r/prim_noinit.ram/DEVICE_7SERIES.NO_BMM_INFO.SDP.WIDE_PRIM18.ram has an input control pin gen_ti_roic_top[0].ti_roic_top_inst/data_reorder/even_ram_inst/U0/inst_blk_mem_gen/gnbram.gnativebmg.native_blk_mem_gen/valid.cstr/ramloop[0].ram.r/prim_noinit.ram/DEVICE_7SERIES.NO_BMM_INFO.SDP.WIDE_PRIM18.ram/ADDRARDADDR[9] (net: gen_ti_roic_top[0].ti_roic_top_inst/data_reorder/even_ram_inst/U0/inst_blk_mem_gen/gnbram.gnativebmg.native_blk_mem_gen/valid.cstr/ramloop[0].ram.r/prim_noinit.ram/addrb[4]) which is driven by a register (gen_ti_roic_top[0].ti_roic_top_inst/data_reorder/rd_addr_reg[4]) that has an active asychronous set or reset. This may cause corruption of the memory contents and/or read values when the set/reset is asserted and is not analyzed by the default static timing analysis. It is suggested to eliminate the use of a set/reset to registers driving this RAMB pin or else use a synchronous reset in which the assertion of the reset is timed by default.
Related violations: <none>

REQP-1840#9 Warning
RAMB18 async control check  
The RAMB18E1 gen_ti_roic_top[0].ti_roic_top_inst/data_reorder/even_ram_inst/U0/inst_blk_mem_gen/gnbram.gnativebmg.native_blk_mem_gen/valid.cstr/ramloop[0].ram.r/prim_noinit.ram/DEVICE_7SERIES.NO_BMM_INFO.SDP.WIDE_PRIM18.ram has an input control pin gen_ti_roic_top[0].ti_roic_top_inst/data_reorder/even_ram_inst/U0/inst_blk_mem_gen/gnbram.gnativebmg.native_blk_mem_gen/valid.cstr/ramloop[0].ram.r/prim_noinit.ram/DEVICE_7SERIES.NO_BMM_INFO.SDP.WIDE_PRIM18.ram/ADDRBWRADDR[10] (net: gen_ti_roic_top[0].ti_roic_top_inst/data_reorder/even_ram_inst/U0/inst_blk_mem_gen/gnbram.gnativebmg.native_blk_mem_gen/valid.cstr/ramloop[0].ram.r/prim_noinit.ram/addra[5]) which is driven by a register (gen_ti_roic_top[0].ti_roic_top_inst/data_reorder/wr_addr_reg[5]) that has an active asychronous set or reset. This may cause corruption of the memory contents and/or read values when the set/reset is asserted and is not analyzed by the default static timing analysis. It is suggested to eliminate the use of a set/reset to registers driving this RAMB pin or else use a synchronous reset in which the assertion of the reset is timed by default.
Related violations: <none>

REQP-1840#10 Warning
RAMB18 async control check  
The RAMB18E1 gen_ti_roic_top[0].ti_roic_top_inst/data_reorder/even_ram_inst/U0/inst_blk_mem_gen/gnbram.gnativebmg.native_blk_mem_gen/valid.cstr/ramloop[0].ram.r/prim_noinit.ram/DEVICE_7SERIES.NO_BMM_INFO.SDP.WIDE_PRIM18.ram has an input control pin gen_ti_roic_top[0].ti_roic_top_inst/data_reorder/even_ram_inst/U0/inst_blk_mem_gen/gnbram.gnativebmg.native_blk_mem_gen/valid.cstr/ramloop[0].ram.r/prim_noinit.ram/DEVICE_7SERIES.NO_BMM_INFO.SDP.WIDE_PRIM18.ram/ADDRBWRADDR[11] (net: gen_ti_roic_top[0].ti_roic_top_inst/data_reorder/even_ram_inst/U0/inst_blk_mem_gen/gnbram.gnativebmg.native_blk_mem_gen/valid.cstr/ramloop[0].ram.r/prim_noinit.ram/addra[6]) which is driven by a register (gen_ti_roic_top[0].ti_roic_top_inst/data_reorder/wr_addr_reg[6]) that has an active asychronous set or reset. This may cause corruption of the memory contents and/or read values when the set/reset is asserted and is not analyzed by the default static timing analysis. It is suggested to eliminate the use of a set/reset to registers driving this RAMB pin or else use a synchronous reset in which the assertion of the reset is timed by default.
Related violations: <none>

REQP-1840#11 Warning
RAMB18 async control check  
The RAMB18E1 gen_ti_roic_top[0].ti_roic_top_inst/data_reorder/even_ram_inst/U0/inst_blk_mem_gen/gnbram.gnativebmg.native_blk_mem_gen/valid.cstr/ramloop[0].ram.r/prim_noinit.ram/DEVICE_7SERIES.NO_BMM_INFO.SDP.WIDE_PRIM18.ram has an input control pin gen_ti_roic_top[0].ti_roic_top_inst/data_reorder/even_ram_inst/U0/inst_blk_mem_gen/gnbram.gnativebmg.native_blk_mem_gen/valid.cstr/ramloop[0].ram.r/prim_noinit.ram/DEVICE_7SERIES.NO_BMM_INFO.SDP.WIDE_PRIM18.ram/ADDRBWRADDR[12] (net: gen_ti_roic_top[0].ti_roic_top_inst/data_reorder/even_ram_inst/U0/inst_blk_mem_gen/gnbram.gnativebmg.native_blk_mem_gen/valid.cstr/ramloop[0].ram.r/prim_noinit.ram/addra[7]) which is driven by a register (gen_ti_roic_top[0].ti_roic_top_inst/data_reorder/wr_addr_reg[7]) that has an active asychronous set or reset. This may cause corruption of the memory contents and/or read values when the set/reset is asserted and is not analyzed by the default static timing analysis. It is suggested to eliminate the use of a set/reset to registers driving this RAMB pin or else use a synchronous reset in which the assertion of the reset is timed by default.
Related violations: <none>

REQP-1840#12 Warning
RAMB18 async control check  
The RAMB18E1 gen_ti_roic_top[0].ti_roic_top_inst/data_reorder/even_ram_inst/U0/inst_blk_mem_gen/gnbram.gnativebmg.native_blk_mem_gen/valid.cstr/ramloop[0].ram.r/prim_noinit.ram/DEVICE_7SERIES.NO_BMM_INFO.SDP.WIDE_PRIM18.ram has an input control pin gen_ti_roic_top[0].ti_roic_top_inst/data_reorder/even_ram_inst/U0/inst_blk_mem_gen/gnbram.gnativebmg.native_blk_mem_gen/valid.cstr/ramloop[0].ram.r/prim_noinit.ram/DEVICE_7SERIES.NO_BMM_INFO.SDP.WIDE_PRIM18.ram/ADDRBWRADDR[5] (net: gen_ti_roic_top[0].ti_roic_top_inst/data_reorder/even_ram_inst/U0/inst_blk_mem_gen/gnbram.gnativebmg.native_blk_mem_gen/valid.cstr/ramloop[0].ram.r/prim_noinit.ram/addra[0]) which is driven by a register (gen_ti_roic_top[0].ti_roic_top_inst/data_reorder/wr_addr_reg[0]) that has an active asychronous set or reset. This may cause corruption of the memory contents and/or read values when the set/reset is asserted and is not analyzed by the default static timing analysis. It is suggested to eliminate the use of a set/reset to registers driving this RAMB pin or else use a synchronous reset in which the assertion of the reset is timed by default.
Related violations: <none>

REQP-1840#13 Warning
RAMB18 async control check  
The RAMB18E1 gen_ti_roic_top[0].ti_roic_top_inst/data_reorder/even_ram_inst/U0/inst_blk_mem_gen/gnbram.gnativebmg.native_blk_mem_gen/valid.cstr/ramloop[0].ram.r/prim_noinit.ram/DEVICE_7SERIES.NO_BMM_INFO.SDP.WIDE_PRIM18.ram has an input control pin gen_ti_roic_top[0].ti_roic_top_inst/data_reorder/even_ram_inst/U0/inst_blk_mem_gen/gnbram.gnativebmg.native_blk_mem_gen/valid.cstr/ramloop[0].ram.r/prim_noinit.ram/DEVICE_7SERIES.NO_BMM_INFO.SDP.WIDE_PRIM18.ram/ADDRBWRADDR[6] (net: gen_ti_roic_top[0].ti_roic_top_inst/data_reorder/even_ram_inst/U0/inst_blk_mem_gen/gnbram.gnativebmg.native_blk_mem_gen/valid.cstr/ramloop[0].ram.r/prim_noinit.ram/addra[1]) which is driven by a register (gen_ti_roic_top[0].ti_roic_top_inst/data_reorder/wr_addr_reg[1]) that has an active asychronous set or reset. This may cause corruption of the memory contents and/or read values when the set/reset is asserted and is not analyzed by the default static timing analysis. It is suggested to eliminate the use of a set/reset to registers driving this RAMB pin or else use a synchronous reset in which the assertion of the reset is timed by default.
Related violations: <none>

REQP-1840#14 Warning
RAMB18 async control check  
The RAMB18E1 gen_ti_roic_top[0].ti_roic_top_inst/data_reorder/even_ram_inst/U0/inst_blk_mem_gen/gnbram.gnativebmg.native_blk_mem_gen/valid.cstr/ramloop[0].ram.r/prim_noinit.ram/DEVICE_7SERIES.NO_BMM_INFO.SDP.WIDE_PRIM18.ram has an input control pin gen_ti_roic_top[0].ti_roic_top_inst/data_reorder/even_ram_inst/U0/inst_blk_mem_gen/gnbram.gnativebmg.native_blk_mem_gen/valid.cstr/ramloop[0].ram.r/prim_noinit.ram/DEVICE_7SERIES.NO_BMM_INFO.SDP.WIDE_PRIM18.ram/ADDRBWRADDR[7] (net: gen_ti_roic_top[0].ti_roic_top_inst/data_reorder/even_ram_inst/U0/inst_blk_mem_gen/gnbram.gnativebmg.native_blk_mem_gen/valid.cstr/ramloop[0].ram.r/prim_noinit.ram/addra[2]) which is driven by a register (gen_ti_roic_top[0].ti_roic_top_inst/data_reorder/wr_addr_reg[2]) that has an active asychronous set or reset. This may cause corruption of the memory contents and/or read values when the set/reset is asserted and is not analyzed by the default static timing analysis. It is suggested to eliminate the use of a set/reset to registers driving this RAMB pin or else use a synchronous reset in which the assertion of the reset is timed by default.
Related violations: <none>

REQP-1840#15 Warning
RAMB18 async control check  
The RAMB18E1 gen_ti_roic_top[0].ti_roic_top_inst/data_reorder/even_ram_inst/U0/inst_blk_mem_gen/gnbram.gnativebmg.native_blk_mem_gen/valid.cstr/ramloop[0].ram.r/prim_noinit.ram/DEVICE_7SERIES.NO_BMM_INFO.SDP.WIDE_PRIM18.ram has an input control pin gen_ti_roic_top[0].ti_roic_top_inst/data_reorder/even_ram_inst/U0/inst_blk_mem_gen/gnbram.gnativebmg.native_blk_mem_gen/valid.cstr/ramloop[0].ram.r/prim_noinit.ram/DEVICE_7SERIES.NO_BMM_INFO.SDP.WIDE_PRIM18.ram/ADDRBWRADDR[8] (net: gen_ti_roic_top[0].ti_roic_top_inst/data_reorder/even_ram_inst/U0/inst_blk_mem_gen/gnbram.gnativebmg.native_blk_mem_gen/valid.cstr/ramloop[0].ram.r/prim_noinit.ram/addra[3]) which is driven by a register (gen_ti_roic_top[0].ti_roic_top_inst/data_reorder/wr_addr_reg[3]) that has an active asychronous set or reset. This may cause corruption of the memory contents and/or read values when the set/reset is asserted and is not analyzed by the default static timing analysis. It is suggested to eliminate the use of a set/reset to registers driving this RAMB pin or else use a synchronous reset in which the assertion of the reset is timed by default.
Related violations: <none>

REQP-1840#16 Warning
RAMB18 async control check  
The RAMB18E1 gen_ti_roic_top[0].ti_roic_top_inst/data_reorder/even_ram_inst/U0/inst_blk_mem_gen/gnbram.gnativebmg.native_blk_mem_gen/valid.cstr/ramloop[0].ram.r/prim_noinit.ram/DEVICE_7SERIES.NO_BMM_INFO.SDP.WIDE_PRIM18.ram has an input control pin gen_ti_roic_top[0].ti_roic_top_inst/data_reorder/even_ram_inst/U0/inst_blk_mem_gen/gnbram.gnativebmg.native_blk_mem_gen/valid.cstr/ramloop[0].ram.r/prim_noinit.ram/DEVICE_7SERIES.NO_BMM_INFO.SDP.WIDE_PRIM18.ram/ADDRBWRADDR[9] (net: gen_ti_roic_top[0].ti_roic_top_inst/data_reorder/even_ram_inst/U0/inst_blk_mem_gen/gnbram.gnativebmg.native_blk_mem_gen/valid.cstr/ramloop[0].ram.r/prim_noinit.ram/addra[4]) which is driven by a register (gen_ti_roic_top[0].ti_roic_top_inst/data_reorder/wr_addr_reg[4]) that has an active asychronous set or reset. This may cause corruption of the memory contents and/or read values when the set/reset is asserted and is not analyzed by the default static timing analysis. It is suggested to eliminate the use of a set/reset to registers driving this RAMB pin or else use a synchronous reset in which the assertion of the reset is timed by default.
Related violations: <none>

REQP-1840#17 Warning
RAMB18 async control check  
The RAMB18E1 gen_ti_roic_top[0].ti_roic_top_inst/data_reorder/even_ram_inst/U0/inst_blk_mem_gen/gnbram.gnativebmg.native_blk_mem_gen/valid.cstr/ramloop[0].ram.r/prim_noinit.ram/DEVICE_7SERIES.NO_BMM_INFO.SDP.WIDE_PRIM18.ram has an input control pin gen_ti_roic_top[0].ti_roic_top_inst/data_reorder/even_ram_inst/U0/inst_blk_mem_gen/gnbram.gnativebmg.native_blk_mem_gen/valid.cstr/ramloop[0].ram.r/prim_noinit.ram/DEVICE_7SERIES.NO_BMM_INFO.SDP.WIDE_PRIM18.ram/ENARDEN (net: gen_ti_roic_top[0].ti_roic_top_inst/data_reorder/even_ram_inst/U0/inst_blk_mem_gen/gnbram.gnativebmg.native_blk_mem_gen/valid.cstr/ramloop[0].ram.r/prim_noinit.ram/ENB_I) which is driven by a register (gen_ti_roic_top[0].ti_roic_top_inst/data_reorder/read_req_dly_reg[1]) that has an active asychronous set or reset. This may cause corruption of the memory contents and/or read values when the set/reset is asserted and is not analyzed by the default static timing analysis. It is suggested to eliminate the use of a set/reset to registers driving this RAMB pin or else use a synchronous reset in which the assertion of the reset is timed by default.
Related violations: <none>

REQP-1840#18 Warning
RAMB18 async control check  
The RAMB18E1 gen_ti_roic_top[0].ti_roic_top_inst/data_reorder/even_ram_inst/U0/inst_blk_mem_gen/gnbram.gnativebmg.native_blk_mem_gen/valid.cstr/ramloop[0].ram.r/prim_noinit.ram/DEVICE_7SERIES.NO_BMM_INFO.SDP.WIDE_PRIM18.ram has an input control pin gen_ti_roic_top[0].ti_roic_top_inst/data_reorder/even_ram_inst/U0/inst_blk_mem_gen/gnbram.gnativebmg.native_blk_mem_gen/valid.cstr/ramloop[0].ram.r/prim_noinit.ram/DEVICE_7SERIES.NO_BMM_INFO.SDP.WIDE_PRIM18.ram/ENARDEN (net: gen_ti_roic_top[0].ti_roic_top_inst/data_reorder/even_ram_inst/U0/inst_blk_mem_gen/gnbram.gnativebmg.native_blk_mem_gen/valid.cstr/ramloop[0].ram.r/prim_noinit.ram/ENB_I) which is driven by a register (gen_ti_roic_top[0].ti_roic_top_inst/data_reorder/read_req_dly_reg[2]) that has an active asychronous set or reset. This may cause corruption of the memory contents and/or read values when the set/reset is asserted and is not analyzed by the default static timing analysis. It is suggested to eliminate the use of a set/reset to registers driving this RAMB pin or else use a synchronous reset in which the assertion of the reset is timed by default.
Related violations: <none>

REQP-1840#19 Warning
RAMB18 async control check  
The RAMB18E1 gen_ti_roic_top[0].ti_roic_top_inst/data_reorder/even_ram_inst/U0/inst_blk_mem_gen/gnbram.gnativebmg.native_blk_mem_gen/valid.cstr/ramloop[0].ram.r/prim_noinit.ram/DEVICE_7SERIES.NO_BMM_INFO.SDP.WIDE_PRIM18.ram has an input control pin gen_ti_roic_top[0].ti_roic_top_inst/data_reorder/even_ram_inst/U0/inst_blk_mem_gen/gnbram.gnativebmg.native_blk_mem_gen/valid.cstr/ramloop[0].ram.r/prim_noinit.ram/DEVICE_7SERIES.NO_BMM_INFO.SDP.WIDE_PRIM18.ram/ENARDEN (net: gen_ti_roic_top[0].ti_roic_top_inst/data_reorder/even_ram_inst/U0/inst_blk_mem_gen/gnbram.gnativebmg.native_blk_mem_gen/valid.cstr/ramloop[0].ram.r/prim_noinit.ram/ENB_I) which is driven by a register (gen_ti_roic_top[0].ti_roic_top_inst/data_reorder/roic_even_odd_reg) that has an active asychronous set or reset. This may cause corruption of the memory contents and/or read values when the set/reset is asserted and is not analyzed by the default static timing analysis. It is suggested to eliminate the use of a set/reset to registers driving this RAMB pin or else use a synchronous reset in which the assertion of the reset is timed by default.
Related violations: <none>

REQP-1840#20 Warning
RAMB18 async control check  
The RAMB18E1 gen_ti_roic_top[0].ti_roic_top_inst/data_reorder/even_ram_inst/U0/inst_blk_mem_gen/gnbram.gnativebmg.native_blk_mem_gen/valid.cstr/ramloop[0].ram.r/prim_noinit.ram/DEVICE_7SERIES.NO_BMM_INFO.SDP.WIDE_PRIM18.ram has an input control pin gen_ti_roic_top[0].ti_roic_top_inst/data_reorder/even_ram_inst/U0/inst_blk_mem_gen/gnbram.gnativebmg.native_blk_mem_gen/valid.cstr/ramloop[0].ram.r/prim_noinit.ram/DEVICE_7SERIES.NO_BMM_INFO.SDP.WIDE_PRIM18.ram/ENBWREN (net: gen_ti_roic_top[0].ti_roic_top_inst/data_reorder/even_ram_inst/U0/inst_blk_mem_gen/gnbram.gnativebmg.native_blk_mem_gen/valid.cstr/ramloop[0].ram.r/prim_noinit.ram/ENA_I) which is driven by a register (gen_ti_roic_top[0].ti_roic_top_inst/data_reorder/roic_even_odd_reg) that has an active asychronous set or reset. This may cause corruption of the memory contents and/or read values when the set/reset is asserted and is not analyzed by the default static timing analysis. It is suggested to eliminate the use of a set/reset to registers driving this RAMB pin or else use a synchronous reset in which the assertion of the reset is timed by default.
Related violations: <none>

RTSTAT-10#1 Warning
No routable loads  
7 net(s) have no routable loads. The problem bus(es) and/or net(s) are inst_mipi_csi2_tx/inst_mipi_csi2_tx/inst_mipi_csi2_tx_subsyst/inst/mipi_dphy_0/inst/inst/bd_26df_mipi_dphy_0_0_tx_support_i/master_tx.dphy_tx_fab_top/gen_tx_clk_lane_7series.u_tx_clk_lane_7series/cl_status_reg_bit_2,
inst_mipi_csi2_tx/inst_mipi_csi2_tx/inst_mipi_csi2_tx_subsyst/inst/mipi_dphy_0/inst/inst/bd_26df_mipi_dphy_0_0_tx_support_i/master_tx.dphy_tx_fab_top/gen_tx_data_lane[0].u_tx_data_lane/gen_tx_esc_datapath.u_tx_esc_datapath/esc_stopstate_reg_0,
inst_mipi_csi2_tx/inst_mipi_csi2_tx/inst_mipi_csi2_tx_subsyst/inst/mipi_dphy_0/inst/inst/bd_26df_mipi_dphy_0_0_tx_support_i/master_tx.dphy_tx_fab_top/gen_tx_data_lane[1].u_tx_data_lane/gen_tx_esc_datapath.u_tx_esc_datapath/esc_stopstate_reg_0,
inst_mipi_csi2_tx/inst_mipi_csi2_tx/inst_mipi_csi2_tx_subsyst/inst/mipi_dphy_0/inst/inst/bd_26df_mipi_dphy_0_0_tx_support_i/master_tx.dphy_tx_fab_top/gen_tx_data_lane[2].u_tx_data_lane/gen_tx_esc_datapath.u_tx_esc_datapath/esc_stopstate_reg_0,
inst_mipi_csi2_tx/inst_mipi_csi2_tx/inst_mipi_csi2_tx_subsyst/inst/mipi_dphy_0/inst/inst/bd_26df_mipi_dphy_0_0_tx_support_i/master_tx.dphy_tx_fab_top/gen_tx_data_lane[3].u_tx_data_lane/gen_tx_esc_datapath.u_tx_esc_datapath/esc_stopstate_reg_0,
inst_mipi_csi2_tx/inst_mipi_csi2_tx/inst_mipi_init_gen/inst/ext_st_sync_flop_1/q
inst_mipi_csi2_tx/inst_mipi_csi2_tx/inst_mipi_init_gen/inst/ext_sync_flop_1/q.
Related violations: <none>

REQP-165#1 Advisory
writefirst  
Synchronous clocking is detected for BRAM (inst_mipi_csi2_tx/gen_axis_fifo[0].inst_out_fifo/inst/gen_fifo.xpm_fifo_axis_inst/xpm_fifo_base_inst/gen_sdpram.xpm_memory_base_inst/gen_wr_a.gen_word_narrow.mem_reg) in SDP mode with WRITE_FIRST write-mode. This is the preferred mode for best power characteristics, however it may exhibit address collisions if the same address appears on both read and write ports resulting in unknown or corrupted read data. It is suggested to confirm via simulation that an address collision never occurs and if so it is suggested to try and avoid this situation. If address collisions cannot be avoided, the write-mode may be set to READ_FIRST which guarantees that the read data is the prior contents of the memory at the cost of additional power in the design. See the FPGA Memory Resources User Guide for additional information.
Related violations: <none>

REQP-165#2 Advisory
writefirst  
Synchronous clocking is detected for BRAM (inst_mipi_csi2_tx/gen_axis_fifo[1].inst_out_fifo/inst/gen_fifo.xpm_fifo_axis_inst/xpm_fifo_base_inst/gen_sdpram.xpm_memory_base_inst/gen_wr_a.gen_word_narrow.mem_reg) in SDP mode with WRITE_FIRST write-mode. This is the preferred mode for best power characteristics, however it may exhibit address collisions if the same address appears on both read and write ports resulting in unknown or corrupted read data. It is suggested to confirm via simulation that an address collision never occurs and if so it is suggested to try and avoid this situation. If address collisions cannot be avoided, the write-mode may be set to READ_FIRST which guarantees that the read data is the prior contents of the memory at the cost of additional power in the design. See the FPGA Memory Resources User Guide for additional information.
Related violations: <none>


