
*** Running vivado
    with args -log seq_lut.vds -m64 -product Vivado -mode batch -messageDb vivado.pb -notrace -source seq_lut.tcl



****** Vivado v2024.2 (64-bit)
  **** SW Build 5239630 on Fri Nov 08 22:35:27 MST 2024
  **** IP Build 5239520 on Sun Nov 10 16:12:51 MST 2024
  **** SharedData Build 5239561 on Fri Nov 08 14:39:27 MST 2024
  **** Start of session at: Tue Jan 13 10:09:10 2026
    ** Copyright 1986-2022 Xilinx, Inc. All Rights Reserved.
    ** Copyright 2022-2024 Advanced Micro Devices, Inc. All Rights Reserved.

source seq_lut.tcl -notrace
create_project: Time (s): cpu = 00:00:04 ; elapsed = 00:00:07 . Memory (MB): peak = 444.277 ; gain = 128.613
INFO: [IP_Flow 19-6924] IPCACHE: Running cache check for IP inst: seq_lut
Command: synth_design -top seq_lut -part xc7a35tfgg484-1 -incremental_mode off -mode out_of_context
Starting synth_design
Attempting to get a license for feature 'Synthesis' and/or device 'xc7a35t'
INFO: [Common 17-349] Got license for feature 'Synthesis' and/or device 'xc7a35t'
INFO: [Device 21-403] Loading part xc7a35tfgg484-1
INFO: [Synth 8-7079] Multithreading enabled for synth_design using a maximum of 2 processes.
INFO: [Synth 8-7078] Launching helper process for spawning children vivado processes
INFO: [Synth 8-7075] Helper process launched with PID 52240
---------------------------------------------------------------------------------
Starting RTL Elaboration : Time (s): cpu = 00:00:05 ; elapsed = 00:00:06 . Memory (MB): peak = 1111.906 ; gain = 468.008
---------------------------------------------------------------------------------
INFO: [Synth 8-638] synthesizing module 'seq_lut' [d:/workspace/gittea-work/BLUE-HD-FPGA/xdaq_top/source/ip/seq_lut/synth/seq_lut.vhd:70]
	Parameter C_FAMILY bound to: artix7 - type: string 
	Parameter C_ADDR_WIDTH bound to: 8 - type: integer 
	Parameter C_DEFAULT_DATA bound to: 0 - type: string 
	Parameter C_DEPTH bound to: 256 - type: integer 
	Parameter C_HAS_CLK bound to: 1 - type: integer 
	Parameter C_HAS_D bound to: 1 - type: integer 
	Parameter C_HAS_DPO bound to: 1 - type: integer 
	Parameter C_HAS_DPRA bound to: 1 - type: integer 
	Parameter C_HAS_I_CE bound to: 0 - type: integer 
	Parameter C_HAS_QDPO bound to: 0 - type: integer 
	Parameter C_HAS_QDPO_CE bound to: 0 - type: integer 
	Parameter C_HAS_QDPO_CLK bound to: 0 - type: integer 
	Parameter C_HAS_QDPO_RST bound to: 0 - type: integer 
	Parameter C_HAS_QDPO_SRST bound to: 0 - type: integer 
	Parameter C_HAS_QSPO bound to: 0 - type: integer 
	Parameter C_HAS_QSPO_CE bound to: 0 - type: integer 
	Parameter C_HAS_QSPO_RST bound to: 0 - type: integer 
	Parameter C_HAS_QSPO_SRST bound to: 0 - type: integer 
	Parameter C_HAS_SPO bound to: 0 - type: integer 
	Parameter C_HAS_WE bound to: 1 - type: integer 
	Parameter C_MEM_INIT_FILE bound to: seq_lut.mif - type: string 
	Parameter C_ELABORATION_DIR bound to: ./ - type: string 
	Parameter C_MEM_TYPE bound to: 4 - type: integer 
	Parameter C_PIPELINE_STAGES bound to: 0 - type: integer 
	Parameter C_QCE_JOINED bound to: 0 - type: integer 
	Parameter C_QUALIFY_WE bound to: 0 - type: integer 
	Parameter C_READ_MIF bound to: 1 - type: integer 
	Parameter C_REG_A_D_INPUTS bound to: 0 - type: integer 
	Parameter C_REG_DPRA_INPUT bound to: 0 - type: integer 
	Parameter C_SYNC_ENABLE bound to: 1 - type: integer 
	Parameter C_WIDTH bound to: 52 - type: integer 
	Parameter C_PARSER_TYPE bound to: 1 - type: integer 
INFO: [Synth 8-3491] module 'dist_mem_gen_v8_0_15' declared at 'd:/workspace/gittea-work/BLUE-HD-FPGA/xdaq_top/source/ip/seq_lut/hdl/dist_mem_gen_v8_0_vhsyn_rfs.vhd:3191' bound to instance 'U0' of component 'dist_mem_gen_v8_0_15' [d:/workspace/gittea-work/BLUE-HD-FPGA/xdaq_top/source/ip/seq_lut/synth/seq_lut.vhd:136]
INFO: [Synth 8-256] done synthesizing module 'seq_lut' (0#1) [d:/workspace/gittea-work/BLUE-HD-FPGA/xdaq_top/source/ip/seq_lut/synth/seq_lut.vhd:70]
WARNING: [Synth 8-7129] Port qsdpo[51] in module sdpram is either unconnected or has no load
WARNING: [Synth 8-7129] Port qsdpo[50] in module sdpram is either unconnected or has no load
WARNING: [Synth 8-7129] Port qsdpo[49] in module sdpram is either unconnected or has no load
WARNING: [Synth 8-7129] Port qsdpo[48] in module sdpram is either unconnected or has no load
WARNING: [Synth 8-7129] Port qsdpo[47] in module sdpram is either unconnected or has no load
WARNING: [Synth 8-7129] Port qsdpo[46] in module sdpram is either unconnected or has no load
WARNING: [Synth 8-7129] Port qsdpo[45] in module sdpram is either unconnected or has no load
WARNING: [Synth 8-7129] Port qsdpo[44] in module sdpram is either unconnected or has no load
WARNING: [Synth 8-7129] Port qsdpo[43] in module sdpram is either unconnected or has no load
WARNING: [Synth 8-7129] Port qsdpo[42] in module sdpram is either unconnected or has no load
WARNING: [Synth 8-7129] Port qsdpo[41] in module sdpram is either unconnected or has no load
WARNING: [Synth 8-7129] Port qsdpo[40] in module sdpram is either unconnected or has no load
WARNING: [Synth 8-7129] Port qsdpo[39] in module sdpram is either unconnected or has no load
WARNING: [Synth 8-7129] Port qsdpo[38] in module sdpram is either unconnected or has no load
WARNING: [Synth 8-7129] Port qsdpo[37] in module sdpram is either unconnected or has no load
WARNING: [Synth 8-7129] Port qsdpo[36] in module sdpram is either unconnected or has no load
WARNING: [Synth 8-7129] Port qsdpo[35] in module sdpram is either unconnected or has no load
WARNING: [Synth 8-7129] Port qsdpo[34] in module sdpram is either unconnected or has no load
WARNING: [Synth 8-7129] Port qsdpo[33] in module sdpram is either unconnected or has no load
WARNING: [Synth 8-7129] Port qsdpo[32] in module sdpram is either unconnected or has no load
WARNING: [Synth 8-7129] Port qsdpo[31] in module sdpram is either unconnected or has no load
WARNING: [Synth 8-7129] Port qsdpo[30] in module sdpram is either unconnected or has no load
WARNING: [Synth 8-7129] Port qsdpo[29] in module sdpram is either unconnected or has no load
WARNING: [Synth 8-7129] Port qsdpo[28] in module sdpram is either unconnected or has no load
WARNING: [Synth 8-7129] Port qsdpo[27] in module sdpram is either unconnected or has no load
WARNING: [Synth 8-7129] Port qsdpo[26] in module sdpram is either unconnected or has no load
WARNING: [Synth 8-7129] Port qsdpo[25] in module sdpram is either unconnected or has no load
WARNING: [Synth 8-7129] Port qsdpo[24] in module sdpram is either unconnected or has no load
WARNING: [Synth 8-7129] Port qsdpo[23] in module sdpram is either unconnected or has no load
WARNING: [Synth 8-7129] Port qsdpo[22] in module sdpram is either unconnected or has no load
WARNING: [Synth 8-7129] Port qsdpo[21] in module sdpram is either unconnected or has no load
WARNING: [Synth 8-7129] Port qsdpo[20] in module sdpram is either unconnected or has no load
WARNING: [Synth 8-7129] Port qsdpo[19] in module sdpram is either unconnected or has no load
WARNING: [Synth 8-7129] Port qsdpo[18] in module sdpram is either unconnected or has no load
WARNING: [Synth 8-7129] Port qsdpo[17] in module sdpram is either unconnected or has no load
WARNING: [Synth 8-7129] Port qsdpo[16] in module sdpram is either unconnected or has no load
WARNING: [Synth 8-7129] Port qsdpo[15] in module sdpram is either unconnected or has no load
WARNING: [Synth 8-7129] Port qsdpo[14] in module sdpram is either unconnected or has no load
WARNING: [Synth 8-7129] Port qsdpo[13] in module sdpram is either unconnected or has no load
WARNING: [Synth 8-7129] Port qsdpo[12] in module sdpram is either unconnected or has no load
WARNING: [Synth 8-7129] Port qsdpo[11] in module sdpram is either unconnected or has no load
WARNING: [Synth 8-7129] Port qsdpo[10] in module sdpram is either unconnected or has no load
WARNING: [Synth 8-7129] Port qsdpo[9] in module sdpram is either unconnected or has no load
WARNING: [Synth 8-7129] Port qsdpo[8] in module sdpram is either unconnected or has no load
WARNING: [Synth 8-7129] Port qsdpo[7] in module sdpram is either unconnected or has no load
WARNING: [Synth 8-7129] Port qsdpo[6] in module sdpram is either unconnected or has no load
WARNING: [Synth 8-7129] Port qsdpo[5] in module sdpram is either unconnected or has no load
WARNING: [Synth 8-7129] Port qsdpo[4] in module sdpram is either unconnected or has no load
WARNING: [Synth 8-7129] Port qsdpo[3] in module sdpram is either unconnected or has no load
WARNING: [Synth 8-7129] Port qsdpo[2] in module sdpram is either unconnected or has no load
WARNING: [Synth 8-7129] Port qsdpo[1] in module sdpram is either unconnected or has no load
WARNING: [Synth 8-7129] Port qsdpo[0] in module sdpram is either unconnected or has no load
WARNING: [Synth 8-7129] Port i_ce in module sdpram is either unconnected or has no load
WARNING: [Synth 8-7129] Port qsdpo_clk in module sdpram is either unconnected or has no load
WARNING: [Synth 8-7129] Port qsdpo_ce in module sdpram is either unconnected or has no load
WARNING: [Synth 8-7129] Port qsdpo_rst in module sdpram is either unconnected or has no load
WARNING: [Synth 8-7129] Port qsdpo_srst in module sdpram is either unconnected or has no load
WARNING: [Synth 8-7129] Port spo[51] in module dist_mem_gen_v8_0_15_synth is either unconnected or has no load
WARNING: [Synth 8-7129] Port spo[50] in module dist_mem_gen_v8_0_15_synth is either unconnected or has no load
WARNING: [Synth 8-7129] Port spo[49] in module dist_mem_gen_v8_0_15_synth is either unconnected or has no load
WARNING: [Synth 8-7129] Port spo[48] in module dist_mem_gen_v8_0_15_synth is either unconnected or has no load
WARNING: [Synth 8-7129] Port spo[47] in module dist_mem_gen_v8_0_15_synth is either unconnected or has no load
WARNING: [Synth 8-7129] Port spo[46] in module dist_mem_gen_v8_0_15_synth is either unconnected or has no load
WARNING: [Synth 8-7129] Port spo[45] in module dist_mem_gen_v8_0_15_synth is either unconnected or has no load
WARNING: [Synth 8-7129] Port spo[44] in module dist_mem_gen_v8_0_15_synth is either unconnected or has no load
WARNING: [Synth 8-7129] Port spo[43] in module dist_mem_gen_v8_0_15_synth is either unconnected or has no load
WARNING: [Synth 8-7129] Port spo[42] in module dist_mem_gen_v8_0_15_synth is either unconnected or has no load
WARNING: [Synth 8-7129] Port spo[41] in module dist_mem_gen_v8_0_15_synth is either unconnected or has no load
WARNING: [Synth 8-7129] Port spo[40] in module dist_mem_gen_v8_0_15_synth is either unconnected or has no load
WARNING: [Synth 8-7129] Port spo[39] in module dist_mem_gen_v8_0_15_synth is either unconnected or has no load
WARNING: [Synth 8-7129] Port spo[38] in module dist_mem_gen_v8_0_15_synth is either unconnected or has no load
WARNING: [Synth 8-7129] Port spo[37] in module dist_mem_gen_v8_0_15_synth is either unconnected or has no load
WARNING: [Synth 8-7129] Port spo[36] in module dist_mem_gen_v8_0_15_synth is either unconnected or has no load
WARNING: [Synth 8-7129] Port spo[35] in module dist_mem_gen_v8_0_15_synth is either unconnected or has no load
WARNING: [Synth 8-7129] Port spo[34] in module dist_mem_gen_v8_0_15_synth is either unconnected or has no load
WARNING: [Synth 8-7129] Port spo[33] in module dist_mem_gen_v8_0_15_synth is either unconnected or has no load
WARNING: [Synth 8-7129] Port spo[32] in module dist_mem_gen_v8_0_15_synth is either unconnected or has no load
WARNING: [Synth 8-7129] Port spo[31] in module dist_mem_gen_v8_0_15_synth is either unconnected or has no load
WARNING: [Synth 8-7129] Port spo[30] in module dist_mem_gen_v8_0_15_synth is either unconnected or has no load
WARNING: [Synth 8-7129] Port spo[29] in module dist_mem_gen_v8_0_15_synth is either unconnected or has no load
WARNING: [Synth 8-7129] Port spo[28] in module dist_mem_gen_v8_0_15_synth is either unconnected or has no load
WARNING: [Synth 8-7129] Port spo[27] in module dist_mem_gen_v8_0_15_synth is either unconnected or has no load
WARNING: [Synth 8-7129] Port spo[26] in module dist_mem_gen_v8_0_15_synth is either unconnected or has no load
WARNING: [Synth 8-7129] Port spo[25] in module dist_mem_gen_v8_0_15_synth is either unconnected or has no load
WARNING: [Synth 8-7129] Port spo[24] in module dist_mem_gen_v8_0_15_synth is either unconnected or has no load
WARNING: [Synth 8-7129] Port spo[23] in module dist_mem_gen_v8_0_15_synth is either unconnected or has no load
WARNING: [Synth 8-7129] Port spo[22] in module dist_mem_gen_v8_0_15_synth is either unconnected or has no load
WARNING: [Synth 8-7129] Port spo[21] in module dist_mem_gen_v8_0_15_synth is either unconnected or has no load
WARNING: [Synth 8-7129] Port spo[20] in module dist_mem_gen_v8_0_15_synth is either unconnected or has no load
WARNING: [Synth 8-7129] Port spo[19] in module dist_mem_gen_v8_0_15_synth is either unconnected or has no load
WARNING: [Synth 8-7129] Port spo[18] in module dist_mem_gen_v8_0_15_synth is either unconnected or has no load
WARNING: [Synth 8-7129] Port spo[17] in module dist_mem_gen_v8_0_15_synth is either unconnected or has no load
WARNING: [Synth 8-7129] Port spo[16] in module dist_mem_gen_v8_0_15_synth is either unconnected or has no load
WARNING: [Synth 8-7129] Port spo[15] in module dist_mem_gen_v8_0_15_synth is either unconnected or has no load
WARNING: [Synth 8-7129] Port spo[14] in module dist_mem_gen_v8_0_15_synth is either unconnected or has no load
WARNING: [Synth 8-7129] Port spo[13] in module dist_mem_gen_v8_0_15_synth is either unconnected or has no load
WARNING: [Synth 8-7129] Port spo[12] in module dist_mem_gen_v8_0_15_synth is either unconnected or has no load
WARNING: [Synth 8-7129] Port spo[11] in module dist_mem_gen_v8_0_15_synth is either unconnected or has no load
WARNING: [Synth 8-7129] Port spo[10] in module dist_mem_gen_v8_0_15_synth is either unconnected or has no load
WARNING: [Synth 8-7129] Port spo[9] in module dist_mem_gen_v8_0_15_synth is either unconnected or has no load
INFO: [Common 17-14] Message 'Synth 8-7129' appears 100 times and further instances of the messages will be disabled. Use the Tcl command set_msg_config to change the current settings.
---------------------------------------------------------------------------------
Finished RTL Elaboration : Time (s): cpu = 00:00:06 ; elapsed = 00:00:08 . Memory (MB): peak = 1247.656 ; gain = 603.758
---------------------------------------------------------------------------------
---------------------------------------------------------------------------------
Start Handling Custom Attributes
---------------------------------------------------------------------------------
---------------------------------------------------------------------------------
Finished Handling Custom Attributes : Time (s): cpu = 00:00:06 ; elapsed = 00:00:08 . Memory (MB): peak = 1247.656 ; gain = 603.758
---------------------------------------------------------------------------------
---------------------------------------------------------------------------------
Finished RTL Optimization Phase 1 : Time (s): cpu = 00:00:06 ; elapsed = 00:00:08 . Memory (MB): peak = 1247.656 ; gain = 603.758
---------------------------------------------------------------------------------
Netlist sorting complete. Time (s): cpu = 00:00:00 ; elapsed = 00:00:00.004 . Memory (MB): peak = 1247.656 ; gain = 0.000
INFO: [Project 1-570] Preparing netlist for logic optimization

Processing XDC Constraints
Initializing timing engine
Parsing XDC File [d:/workspace/gittea-work/BLUE-HD-FPGA/xdaq_top/source/ip/seq_lut/seq_lut_ooc.xdc] for cell 'U0'
Finished Parsing XDC File [d:/workspace/gittea-work/BLUE-HD-FPGA/xdaq_top/source/ip/seq_lut/seq_lut_ooc.xdc] for cell 'U0'
Parsing XDC File [D:/workspace/gittea-work/BLUE-HD-FPGA/xdaq_top/build/xdaq_top.runs/seq_lut_synth_1/dont_touch.xdc]
Finished Parsing XDC File [D:/workspace/gittea-work/BLUE-HD-FPGA/xdaq_top/build/xdaq_top.runs/seq_lut_synth_1/dont_touch.xdc]
Completed Processing XDC Constraints

Netlist sorting complete. Time (s): cpu = 00:00:00 ; elapsed = 00:00:00 . Memory (MB): peak = 1301.812 ; gain = 0.000
INFO: [Project 1-111] Unisim Transformation Summary:
No Unisim elements were transformed.

Constraint Validation Runtime : Time (s): cpu = 00:00:00 ; elapsed = 00:00:00.022 . Memory (MB): peak = 1302.598 ; gain = 0.785
INFO: [Designutils 20-5008] Incremental synthesis strategy off
---------------------------------------------------------------------------------
Finished Constraint Validation : Time (s): cpu = 00:00:13 ; elapsed = 00:00:15 . Memory (MB): peak = 1302.598 ; gain = 658.699
---------------------------------------------------------------------------------
---------------------------------------------------------------------------------
Start Loading Part and Timing Information
---------------------------------------------------------------------------------
Loading part: xc7a35tfgg484-1
---------------------------------------------------------------------------------
Finished Loading Part and Timing Information : Time (s): cpu = 00:00:13 ; elapsed = 00:00:15 . Memory (MB): peak = 1302.598 ; gain = 658.699
---------------------------------------------------------------------------------
---------------------------------------------------------------------------------
Start Applying 'set_property' XDC Constraints
---------------------------------------------------------------------------------
Applied set_property KEEP_HIERARCHY = SOFT for U0. (constraint file  D:/workspace/gittea-work/BLUE-HD-FPGA/xdaq_top/build/xdaq_top.runs/seq_lut_synth_1/dont_touch.xdc, line 9).
---------------------------------------------------------------------------------
Finished applying 'set_property' XDC Constraints : Time (s): cpu = 00:00:13 ; elapsed = 00:00:15 . Memory (MB): peak = 1302.598 ; gain = 658.699
---------------------------------------------------------------------------------
---------------------------------------------------------------------------------
Finished RTL Optimization Phase 2 : Time (s): cpu = 00:00:13 ; elapsed = 00:00:15 . Memory (MB): peak = 1302.598 ; gain = 658.699
---------------------------------------------------------------------------------
---------------------------------------------------------------------------------
Start RTL Component Statistics 
---------------------------------------------------------------------------------
Detailed RTL Component Info : 
+---Registers : 
	               52 Bit    Registers := 1     
---------------------------------------------------------------------------------
Finished RTL Component Statistics 
---------------------------------------------------------------------------------
---------------------------------------------------------------------------------
Start Part Resource Summary
---------------------------------------------------------------------------------
Part Resources:
DSPs: 90 (col length:60)
BRAMs: 100 (col length: RAMB18 60 RAMB36 30)
---------------------------------------------------------------------------------
Finished Part Resource Summary
---------------------------------------------------------------------------------
---------------------------------------------------------------------------------
Start Cross Boundary and Area Optimization
---------------------------------------------------------------------------------
WARNING: [Synth 8-7080] Parallel synthesis criteria is not met
---------------------------------------------------------------------------------
Finished Cross Boundary and Area Optimization : Time (s): cpu = 00:00:15 ; elapsed = 00:00:16 . Memory (MB): peak = 1302.598 ; gain = 658.699
---------------------------------------------------------------------------------
---------------------------------------------------------------------------------
Start ROM, RAM, DSP, Shift Register and Retiming Reporting
---------------------------------------------------------------------------------

Distributed RAM: Preliminary Mapping Report (see note below)
+------------+-------------------------------------------------------------+----------------+----------------------+--------------+
|Module Name | RTL Object                                                  | Inference      | Size (Depth x Width) | Primitives   | 
+------------+-------------------------------------------------------------+----------------+----------------------+--------------+
|U0          | synth_options.dist_mem_inst/gen_sdp_ram.sdpram_inst/ram_reg | User Attribute | 256 x 52             | RAM64M x 72  | 
+------------+-------------------------------------------------------------+----------------+----------------------+--------------+

Note: The table above is a preliminary report that shows the Distributed RAMs at the current stage of the synthesis flow. Some Distributed RAMs may be reimplemented as non Distributed RAM primitives later in the synthesis flow. Multiple instantiated RAMs are reported only once.
---------------------------------------------------------------------------------
Finished ROM, RAM, DSP, Shift Register and Retiming Reporting
---------------------------------------------------------------------------------
---------------------------------------------------------------------------------
Start Applying XDC Timing Constraints
---------------------------------------------------------------------------------
---------------------------------------------------------------------------------
Finished Applying XDC Timing Constraints : Time (s): cpu = 00:00:19 ; elapsed = 00:00:21 . Memory (MB): peak = 1403.723 ; gain = 759.824
---------------------------------------------------------------------------------
---------------------------------------------------------------------------------
Start Timing Optimization
---------------------------------------------------------------------------------
---------------------------------------------------------------------------------
Finished Timing Optimization : Time (s): cpu = 00:00:19 ; elapsed = 00:00:21 . Memory (MB): peak = 1404.242 ; gain = 760.344
---------------------------------------------------------------------------------
---------------------------------------------------------------------------------
Start ROM, RAM, DSP, Shift Register and Retiming Reporting
---------------------------------------------------------------------------------

Distributed RAM: Final Mapping Report
+------------+-------------------------------------------------------------+----------------+----------------------+--------------+
|Module Name | RTL Object                                                  | Inference      | Size (Depth x Width) | Primitives   | 
+------------+-------------------------------------------------------------+----------------+----------------------+--------------+
|U0          | synth_options.dist_mem_inst/gen_sdp_ram.sdpram_inst/ram_reg | User Attribute | 256 x 52             | RAM64M x 72  | 
+------------+-------------------------------------------------------------+----------------+----------------------+--------------+

---------------------------------------------------------------------------------
Finished ROM, RAM, DSP, Shift Register and Retiming Reporting
---------------------------------------------------------------------------------
---------------------------------------------------------------------------------
Start Technology Mapping
---------------------------------------------------------------------------------
---------------------------------------------------------------------------------
Finished Technology Mapping : Time (s): cpu = 00:00:19 ; elapsed = 00:00:21 . Memory (MB): peak = 1414.859 ; gain = 770.961
---------------------------------------------------------------------------------
---------------------------------------------------------------------------------
Start IO Insertion
---------------------------------------------------------------------------------
---------------------------------------------------------------------------------
Start Flattening Before IO Insertion
---------------------------------------------------------------------------------
---------------------------------------------------------------------------------
Finished Flattening Before IO Insertion
---------------------------------------------------------------------------------
---------------------------------------------------------------------------------
Start Final Netlist Cleanup
---------------------------------------------------------------------------------
---------------------------------------------------------------------------------
Finished Final Netlist Cleanup
---------------------------------------------------------------------------------
---------------------------------------------------------------------------------
Finished IO Insertion : Time (s): cpu = 00:00:23 ; elapsed = 00:00:25 . Memory (MB): peak = 1630.930 ; gain = 987.031
---------------------------------------------------------------------------------
---------------------------------------------------------------------------------
Start Renaming Generated Instances
---------------------------------------------------------------------------------
---------------------------------------------------------------------------------
Finished Renaming Generated Instances : Time (s): cpu = 00:00:23 ; elapsed = 00:00:25 . Memory (MB): peak = 1630.930 ; gain = 987.031
---------------------------------------------------------------------------------
---------------------------------------------------------------------------------
Start Rebuilding User Hierarchy
---------------------------------------------------------------------------------
---------------------------------------------------------------------------------
Finished Rebuilding User Hierarchy : Time (s): cpu = 00:00:23 ; elapsed = 00:00:25 . Memory (MB): peak = 1630.930 ; gain = 987.031
---------------------------------------------------------------------------------
---------------------------------------------------------------------------------
Start Renaming Generated Ports
---------------------------------------------------------------------------------
---------------------------------------------------------------------------------
Finished Renaming Generated Ports : Time (s): cpu = 00:00:23 ; elapsed = 00:00:25 . Memory (MB): peak = 1630.930 ; gain = 987.031
---------------------------------------------------------------------------------
---------------------------------------------------------------------------------
Start Handling Custom Attributes
---------------------------------------------------------------------------------
---------------------------------------------------------------------------------
Finished Handling Custom Attributes : Time (s): cpu = 00:00:23 ; elapsed = 00:00:25 . Memory (MB): peak = 1630.930 ; gain = 987.031
---------------------------------------------------------------------------------
---------------------------------------------------------------------------------
Start Renaming Generated Nets
---------------------------------------------------------------------------------
---------------------------------------------------------------------------------
Finished Renaming Generated Nets : Time (s): cpu = 00:00:23 ; elapsed = 00:00:25 . Memory (MB): peak = 1630.930 ; gain = 987.031
---------------------------------------------------------------------------------
---------------------------------------------------------------------------------
Start Writing Synthesis Report
---------------------------------------------------------------------------------

Report BlackBoxes: 
+-+--------------+----------+
| |BlackBox name |Instances |
+-+--------------+----------+
+-+--------------+----------+

Report Cell Usage: 
+------+---------+------+
|      |Cell     |Count |
+------+---------+------+
|1     |LUT3     |     4|
|2     |LUT6     |    52|
|3     |RAM64M   |    68|
|4     |RAM64X1D |     4|
|5     |FDRE     |    52|
+------+---------+------+
---------------------------------------------------------------------------------
Finished Writing Synthesis Report : Time (s): cpu = 00:00:23 ; elapsed = 00:00:25 . Memory (MB): peak = 1630.930 ; gain = 987.031
---------------------------------------------------------------------------------
Synthesis finished with 0 errors, 0 critical warnings and 165 warnings.
Synthesis Optimization Runtime : Time (s): cpu = 00:00:15 ; elapsed = 00:00:23 . Memory (MB): peak = 1630.930 ; gain = 932.090
Synthesis Optimization Complete : Time (s): cpu = 00:00:23 ; elapsed = 00:00:25 . Memory (MB): peak = 1630.930 ; gain = 987.031
INFO: [Project 1-571] Translating synthesized netlist
Netlist sorting complete. Time (s): cpu = 00:00:00 ; elapsed = 00:00:00.004 . Memory (MB): peak = 1630.930 ; gain = 0.000
INFO: [Netlist 29-17] Analyzing 72 Unisim elements for replacement
INFO: [Netlist 29-28] Unisim Transformation completed in 0 CPU seconds
INFO: [Project 1-570] Preparing netlist for logic optimization
INFO: [Opt 31-138] Pushed 0 inverter(s) to 0 load pin(s).
Netlist sorting complete. Time (s): cpu = 00:00:00 ; elapsed = 00:00:00 . Memory (MB): peak = 1630.930 ; gain = 0.000
INFO: [Project 1-111] Unisim Transformation Summary:
  A total of 72 instances were transformed.
  RAM64M => RAM64M (RAMD64E(x4)): 68 instances
  RAM64X1D => RAM64X1D (RAMD64E(x2)): 4 instances

Synth Design complete | Checksum: 54f0d0ae
INFO: [Common 17-83] Releasing license: Synthesis
20 Infos, 101 Warnings, 0 Critical Warnings and 0 Errors encountered.
synth_design completed successfully
synth_design: Time (s): cpu = 00:00:26 ; elapsed = 00:00:30 . Memory (MB): peak = 1630.930 ; gain = 1176.934
Write ShapeDB Complete: Time (s): cpu = 00:00:00 ; elapsed = 00:00:00.002 . Memory (MB): peak = 1630.930 ; gain = 0.000
INFO: [Common 17-1381] The checkpoint 'D:/workspace/gittea-work/BLUE-HD-FPGA/xdaq_top/build/xdaq_top.runs/seq_lut_synth_1/seq_lut.dcp' has been generated.
INFO: [Coretcl 2-1648] Added synthesis output to IP cache for IP seq_lut, cache-ID = 2f8f7c021aeacf58
INFO: [Coretcl 2-1174] Renamed 3 cell refs.
Write ShapeDB Complete: Time (s): cpu = 00:00:00 ; elapsed = 00:00:00.001 . Memory (MB): peak = 1630.930 ; gain = 0.000
INFO: [Common 17-1381] The checkpoint 'D:/workspace/gittea-work/BLUE-HD-FPGA/xdaq_top/build/xdaq_top.runs/seq_lut_synth_1/seq_lut.dcp' has been generated.
INFO: [Vivado 12-24828] Executing command : report_utilization -file seq_lut_utilization_synth.rpt -pb seq_lut_utilization_synth.pb
INFO: [Common 17-206] Exiting Vivado at Tue Jan 13 10:10:00 2026...
